\BOOKMARK [0][-]{MainTitlePage.0}{Title Page}{}% 1
\BOOKMARK [0][-]{contents.0}{Table of Contents}{}% 2
\BOOKMARK [1][-]{chapter*.3}{List of Tables}{contents.0}% 3
\BOOKMARK [1][-]{chapter*.4}{List of Figures}{contents.0}% 4
\BOOKMARK [1][-]{chapter*.5}{Abstract}{contents.0}% 5
\BOOKMARK [0][-]{chapter.1}{1 Latex examples}{}% 6
\BOOKMARK [1][-]{section.1.1}{1.1 Example of input code}{chapter.1}% 7
\BOOKMARK [1][-]{section.1.2}{1.2 Example of algorithm}{chapter.1}% 8
\BOOKMARK [1][-]{section.1.3}{1.3 Example of array}{chapter.1}% 9
\BOOKMARK [1][-]{section.1.4}{1.4 cite reference}{chapter.1}% 10
\BOOKMARK [0][-]{chapter.2}{2 Introduction}{}% 11
\BOOKMARK [1][-]{section.2.1}{2.1 High frequency trading system}{chapter.2}% 12
\BOOKMARK [2][-]{subsection.2.1.1}{2.1.1 Evolution of high frequency trading}{section.2.1}% 13
\BOOKMARK [2][-]{subsection.2.1.2}{2.1.2 High frequency trading strategies}{section.2.1}% 14
\BOOKMARK [1][-]{section.2.2}{2.2 Limit order book dynamics}{chapter.2}% 15
\BOOKMARK [1][-]{section.2.3}{2.3 Ensemble method for classifiers}{chapter.2}% 16
\BOOKMARK [1][-]{section.2.4}{2.4 Purpose of the dissertation}{chapter.2}% 17
\BOOKMARK [0][-]{chapter.3}{3 Literature Review}{}% 18
\BOOKMARK [1][-]{section.3.1}{3.1 Limit order book dynamics and modeling}{chapter.3}% 19
\BOOKMARK [1][-]{section.3.2}{3.2 Machine learning methods on capturing limit order book dynamics}{chapter.3}% 20
\BOOKMARK [0][-]{chapter.4}{4 Mathematical description and statistical properties of limit order books }{}% 21
\BOOKMARK [1][-]{section.4.1}{4.1 Mathematical descriptions of LOBs}{chapter.4}% 22
\BOOKMARK [1][-]{section.4.2}{4.2 Properties of LOBs}{chapter.4}% 23
\BOOKMARK [2][-]{subsection.4.2.1}{4.2.1 Time of arrivals of orders}{section.4.2}% 24
\BOOKMARK [2][-]{subsection.4.2.2}{4.2.2 Volume of orders}{section.4.2}% 25
\BOOKMARK [0][-]{chapter*.6}{Bibliography}{}% 26
\BOOKMARK [0][-]{chapter*.7}{Biographical Sketch}{}% 27
