This is pdfTeX, Version 3.1415926-2.5-1.40.14 (TeX Live 2013/Debian) (format=pdflatex 2017.6.7)  20 JUN 2017 00:01
entering extended mode
 restricted \write18 enabled.
 %&-line parsing enabled.
**mythesis.tex
(./mythesis.tex
LaTeX2e <2011/06/27>
Babel <3.9h> and hyphenation patterns for 78 languages loaded.
(./fsuthesis.cls
Document Class: fsuthesis 2016/01/12 v3.7.0 (FSU LaTeX document class for These
s/Dissertations maintained by Bret Whissel, bwhissel@fsu.edu)
(/usr/share/texlive/texmf-dist/tex/latex/base/report.cls
Document Class: report 2007/10/19 v1.4h Standard LaTeX document class
(/usr/share/texlive/texmf-dist/tex/latex/base/size11.clo
File: size11.clo 2007/10/19 v1.4h Standard LaTeX file (size option)
)
\c@part=\count79
\c@chapter=\count80
\c@section=\count81
\c@subsection=\count82
\c@subsubsection=\count83
\c@paragraph=\count84
\c@subparagraph=\count85
\c@figure=\count86
\c@table=\count87
\abovecaptionskip=\skip41
\belowcaptionskip=\skip42
\bibindent=\dimen102
)
(/usr/share/texlive/texmf-dist/tex/generic/oberdiek/ifpdf.sty
Package: ifpdf 2011/01/30 v2.3 Provides the ifpdf switch (HO)
Package ifpdf Info: pdfTeX in PDF mode is detected.
)
\evenoddoffset=\skip43
\adjbaselineskip=\skip44
\listbaselineskip=\skip45
\commwidth=\skip46
\commskip=\skip47
\listspenalty=\count88
\c@musex=\count89
\refitemsep=\skip48
\refindent=\skip49
\chapheadskip=\skip50
\fcapindent=\skip51
)
(/usr/share/texlive/texmf-dist/tex/latex/natbib/natbib.sty
Package: natbib 2010/09/13 8.31b (PWD, AO)
\bibhang=\skip52
\bibsep=\skip53
LaTeX Info: Redefining \cite on input line 694.
\c@NAT@ctr=\count90
)
(/usr/share/texlive/texmf-dist/tex/latex/amsmath/amsmath.sty
Package: amsmath 2013/01/14 v2.14 AMS math features
\@mathmargin=\skip54

For additional information on amsmath, use the `?' option.
(/usr/share/texlive/texmf-dist/tex/latex/amsmath/amstext.sty
Package: amstext 2000/06/29 v2.01

(/usr/share/texlive/texmf-dist/tex/latex/amsmath/amsgen.sty
File: amsgen.sty 1999/11/30 v2.0
\@emptytoks=\toks14
\ex@=\dimen103
))
(/usr/share/texlive/texmf-dist/tex/latex/amsmath/amsbsy.sty
Package: amsbsy 1999/11/29 v1.2d
\pmbraise@=\dimen104
)
(/usr/share/texlive/texmf-dist/tex/latex/amsmath/amsopn.sty
Package: amsopn 1999/12/14 v2.01 operator names
)
\inf@bad=\count91
LaTeX Info: Redefining \frac on input line 210.
\uproot@=\count92
\leftroot@=\count93
LaTeX Info: Redefining \overline on input line 306.
\classnum@=\count94
\DOTSCASE@=\count95
LaTeX Info: Redefining \ldots on input line 378.
LaTeX Info: Redefining \dots on input line 381.
LaTeX Info: Redefining \cdots on input line 466.
\Mathstrutbox@=\box26
\strutbox@=\box27
\big@size=\dimen105
LaTeX Font Info:    Redeclaring font encoding OML on input line 566.
LaTeX Font Info:    Redeclaring font encoding OMS on input line 567.
\macc@depth=\count96
\c@MaxMatrixCols=\count97
\dotsspace@=\muskip10
\c@parentequation=\count98
\dspbrk@lvl=\count99
\tag@help=\toks15
\row@=\count100
\column@=\count101
\maxfields@=\count102
\andhelp@=\toks16
\eqnshift@=\dimen106
\alignsep@=\dimen107
\tagshift@=\dimen108
\tagwidth@=\dimen109
\totwidth@=\dimen110
\lineht@=\dimen111
\@envbody=\toks17
\multlinegap=\skip55
\multlinetaggap=\skip56
\mathdisplay@stack=\toks18
LaTeX Info: Redefining \[ on input line 2665.
LaTeX Info: Redefining \] on input line 2666.
)
(/usr/share/texlive/texmf-dist/tex/latex/tools/bm.sty
Package: bm 2004/02/26 v1.1c Bold Symbol Support (DPC/FMi)
\symboldoperators=\mathgroup4
\symboldletters=\mathgroup5
\symboldsymbols=\mathgroup6
LaTeX Font Info:    Redeclaring math alphabet \mathbf on input line 138.
LaTeX Info: Redefining \bm on input line 204.
)
(/usr/share/texlive/texmf-dist/tex/latex/amsfonts/amsfonts.sty
Package: amsfonts 2013/01/14 v3.01 Basic AMSFonts support
\symAMSa=\mathgroup7
\symAMSb=\mathgroup8
LaTeX Font Info:    Overwriting math alphabet `\mathfrak' in version `bold'
(Font)                  U/euf/m/n --> U/euf/b/n on input line 106.
)
\c@thm=\count103
\c@defn=\count104
\c@conj=\count105
\c@exmp=\count106

(/usr/share/texlive/texmf-dist/tex/latex/mflogo/mflogo.sty
Package: mflogo 1999/03/10 v2.0 LaTeX package for Metafont and MetaPost logos
)
(/usr/share/texlive/texmf-dist/tex/latex/pdfpages/pdfpages.sty
Package: pdfpages 2013/08/25 v0.4v Insert pages of external PDF documents (AM)

(/usr/share/texlive/texmf-dist/tex/latex/base/ifthen.sty
Package: ifthen 2001/05/26 v1.1c Standard LaTeX ifthen package (DPC)
)
(/usr/share/texlive/texmf-dist/tex/latex/tools/calc.sty
Package: calc 2007/08/22 v4.3 Infix arithmetic (KKT,FJ)
\calc@Acount=\count107
\calc@Bcount=\count108
\calc@Adimen=\dimen112
\calc@Bdimen=\dimen113
\calc@Askip=\skip57
\calc@Bskip=\skip58
LaTeX Info: Redefining \setlength on input line 76.
LaTeX Info: Redefining \addtolength on input line 77.
\calc@Ccount=\count109
\calc@Cskip=\skip59
)
(/usr/share/texlive/texmf-dist/tex/latex/eso-pic/eso-pic.sty
Package: eso-pic 2013/10/06 v2.0d eso-pic (RN)

(/usr/share/texlive/texmf-dist/tex/generic/oberdiek/atbegshi.sty
Package: atbegshi 2011/10/05 v1.16 At begin shipout hook (HO)

(/usr/share/texlive/texmf-dist/tex/generic/oberdiek/infwarerr.sty
Package: infwarerr 2010/04/08 v1.3 Providing info/warning/error messages (HO)
)
(/usr/share/texlive/texmf-dist/tex/generic/oberdiek/ltxcmds.sty
Package: ltxcmds 2011/11/09 v1.22 LaTeX kernel commands for general use (HO)
))
(/usr/share/texlive/texmf-dist/tex/latex/graphics/keyval.sty
Package: keyval 1999/03/16 v1.13 key=value parser (DPC)
\KV@toks@=\toks19
)
(/usr/share/texmf/tex/latex/xcolor/xcolor.sty
Package: xcolor 2007/01/21 v2.11 LaTeX color extensions (UK)

(/usr/share/texlive/texmf-dist/tex/latex/latexconfig/color.cfg
File: color.cfg 2007/01/18 v1.5 color configuration of teTeX/TeXLive
)
Package xcolor Info: Driver file: pdftex.def on input line 225.

(/usr/share/texlive/texmf-dist/tex/latex/pdftex-def/pdftex.def
File: pdftex.def 2011/05/27 v0.06d Graphics/color for pdfTeX
\Gread@gobject=\count110
)
Package xcolor Info: Model `cmy' substituted by `cmy0' on input line 1337.
Package xcolor Info: Model `hsb' substituted by `rgb' on input line 1341.
Package xcolor Info: Model `RGB' extended on input line 1353.
Package xcolor Info: Model `HTML' substituted by `rgb' on input line 1355.
Package xcolor Info: Model `Hsb' substituted by `hsb' on input line 1356.
Package xcolor Info: Model `tHsb' substituted by `hsb' on input line 1357.
Package xcolor Info: Model `HSB' substituted by `hsb' on input line 1358.
Package xcolor Info: Model `Gray' substituted by `gray' on input line 1359.
Package xcolor Info: Model `wave' substituted by `hsb' on input line 1360.
))
(/usr/share/texlive/texmf-dist/tex/latex/graphics/graphicx.sty
Package: graphicx 1999/02/16 v1.0f Enhanced LaTeX Graphics (DPC,SPQR)

(/usr/share/texlive/texmf-dist/tex/latex/graphics/graphics.sty
Package: graphics 2009/02/05 v1.0o Standard LaTeX Graphics (DPC,SPQR)

(/usr/share/texlive/texmf-dist/tex/latex/graphics/trig.sty
Package: trig 1999/03/16 v1.09 sin cos tan (DPC)
)
(/usr/share/texlive/texmf-dist/tex/latex/latexconfig/graphics.cfg
File: graphics.cfg 2010/04/23 v1.9 graphics configuration of TeX Live
)
Package graphics Info: Driver file: pdftex.def on input line 91.
)
\Gin@req@height=\dimen114
\Gin@req@width=\dimen115
)
(/usr/share/texlive/texmf-dist/tex/latex/pdfpages/pppdftex.def
File: pppdftex.def 2013/08/25 v0.4v Pdfpages driver for pdfTeX (AM)
)
\AM@pagebox=\box28
\AM@toc@title=\toks20
\c@AM@survey=\count111
\AM@templatesizebox=\box29
)
(/usr/share/texlive/texmf-dist/tex/latex/textcase/textcase.sty
Package: textcase 2004/10/07 v0.07 Text only upper/lower case changing (DPC)
)

! LaTeX Error: Option clash for package graphicx.

See the LaTeX manual or LaTeX Companion for explanation.
Type  H <return>  for immediate help.
 ...                                              
                                                  
l.110   \usepackage
                   {color}
The package graphicx has already been loaded with options:
  []
There has now been an attempt to load it with options
  [pdftex]
Adding the global options:
  ,pdftex
to your \documentclass declaration may fix this.
Try typing  <return>  to proceed.

(/usr/share/texlive/texmf-dist/tex/latex/hyperref/hyperref.sty
Package: hyperref 2012/11/06 v6.83m Hypertext links for LaTeX

(/usr/share/texlive/texmf-dist/tex/generic/oberdiek/hobsub-hyperref.sty
Package: hobsub-hyperref 2012/05/28 v1.13 Bundle oberdiek, subset hyperref (HO)


(/usr/share/texlive/texmf-dist/tex/generic/oberdiek/hobsub-generic.sty
Package: hobsub-generic 2012/05/28 v1.13 Bundle oberdiek, subset generic (HO)
Package: hobsub 2012/05/28 v1.13 Construct package bundles (HO)
Package hobsub Info: Skipping package `infwarerr' (already loaded).
Package hobsub Info: Skipping package `ltxcmds' (already loaded).
Package: ifluatex 2010/03/01 v1.3 Provides the ifluatex switch (HO)
Package ifluatex Info: LuaTeX not detected.
Package: ifvtex 2010/03/01 v1.5 Detect VTeX and its facilities (HO)
Package ifvtex Info: VTeX not detected.
Package: intcalc 2007/09/27 v1.1 Expandable calculations with integers (HO)
Package hobsub Info: Skipping package `ifpdf' (already loaded).
Package: etexcmds 2011/02/16 v1.5 Avoid name clashes with e-TeX commands (HO)
Package etexcmds Info: Could not find \expanded.
(etexcmds)             That can mean that you are not using pdfTeX 1.50 or
(etexcmds)             that some package has redefined \expanded.
(etexcmds)             In the latter case, load this package earlier.
Package: kvsetkeys 2012/04/25 v1.16 Key value parser (HO)
Package: kvdefinekeys 2011/04/07 v1.3 Define keys (HO)
Package: pdftexcmds 2011/11/29 v0.20 Utility functions of pdfTeX for LuaTeX (HO
)
Package pdftexcmds Info: LuaTeX not detected.
Package pdftexcmds Info: \pdf@primitive is available.
Package pdftexcmds Info: \pdf@ifprimitive is available.
Package pdftexcmds Info: \pdfdraftmode found.
Package: pdfescape 2011/11/25 v1.13 Implements pdfTeX's escape features (HO)
Package: bigintcalc 2012/04/08 v1.3 Expandable calculations on big integers (HO
)
Package: bitset 2011/01/30 v1.1 Handle bit-vector datatype (HO)
Package: uniquecounter 2011/01/30 v1.2 Provide unlimited unique counter (HO)
)
Package hobsub Info: Skipping package `hobsub' (already loaded).
Package: letltxmacro 2010/09/02 v1.4 Let assignment for LaTeX macros (HO)
Package: hopatch 2012/05/28 v1.2 Wrapper for package hooks (HO)
Package: xcolor-patch 2011/01/30 xcolor patch
Package: atveryend 2011/06/30 v1.8 Hooks at the very end of document (HO)
Package atveryend Info: \enddocument detected (standard20110627).
Package hobsub Info: Skipping package `atbegshi' (already loaded).
Package: refcount 2011/10/16 v3.4 Data extraction from label references (HO)
Package: hycolor 2011/01/30 v1.7 Color options for hyperref/bookmark (HO)
)
(/usr/share/texlive/texmf-dist/tex/generic/ifxetex/ifxetex.sty
Package: ifxetex 2010/09/12 v0.6 Provides ifxetex conditional
)
(/usr/share/texlive/texmf-dist/tex/latex/oberdiek/auxhook.sty
Package: auxhook 2011/03/04 v1.3 Hooks for auxiliary files (HO)
)
(/usr/share/texlive/texmf-dist/tex/latex/oberdiek/kvoptions.sty
Package: kvoptions 2011/06/30 v3.11 Key value format for package options (HO)
)
\@linkdim=\dimen116
\Hy@linkcounter=\count112
\Hy@pagecounter=\count113

(/usr/share/texlive/texmf-dist/tex/latex/hyperref/pd1enc.def
File: pd1enc.def 2012/11/06 v6.83m Hyperref: PDFDocEncoding definition (HO)
)
\Hy@SavedSpaceFactor=\count114

(/usr/share/texlive/texmf-dist/tex/latex/latexconfig/hyperref.cfg
File: hyperref.cfg 2002/06/06 v1.2 hyperref configuration of TeXLive
)
Package hyperref Info: Option `colorlinks' set `true' on input line 4319.
Package hyperref Info: Option `bookmarks' set `true' on input line 4319.
Package hyperref Info: Option `breaklinks' set `true' on input line 4319.
Package hyperref Info: Option `bookmarksnumbered' set `true' on input line 4319
.
Package hyperref Info: Hyper figures OFF on input line 4443.
Package hyperref Info: Link nesting OFF on input line 4448.
Package hyperref Info: Hyper index ON on input line 4451.
Package hyperref Info: Plain pages OFF on input line 4458.
Package hyperref Info: Backreferencing OFF on input line 4463.
Package hyperref Info: Implicit mode ON; LaTeX internals redefined.
Package hyperref Info: Bookmarks ON on input line 4688.
\c@Hy@tempcnt=\count115

(/usr/share/texlive/texmf-dist/tex/latex/url/url.sty
\Urlmuskip=\muskip11
Package: url 2013/09/16  ver 3.4  Verb mode for urls, etc.
)
LaTeX Info: Redefining \url on input line 5041.
\XeTeXLinkMargin=\dimen117
\Fld@menulength=\count116
\Field@Width=\dimen118
\Fld@charsize=\dimen119
Package hyperref Info: Hyper figures OFF on input line 6295.
Package hyperref Info: Link nesting OFF on input line 6300.
Package hyperref Info: Hyper index ON on input line 6303.
Package hyperref Info: backreferencing OFF on input line 6310.
Package hyperref Info: Link coloring ON on input line 6313.
Package hyperref Info: Link coloring with OCG OFF on input line 6320.
Package hyperref Info: PDF/A mode OFF on input line 6325.
LaTeX Info: Redefining \ref on input line 6365.
LaTeX Info: Redefining \pageref on input line 6369.
\Hy@abspage=\count117
\c@Item=\count118
\c@Hfootnote=\count119
)

Package hyperref Message: Driver (autodetected): hpdftex.

(/usr/share/texlive/texmf-dist/tex/latex/hyperref/hpdftex.def
File: hpdftex.def 2012/11/06 v6.83m Hyperref driver for pdfTeX
\Fld@listcount=\count120
\c@bookmark@seq@number=\count121

(/usr/share/texlive/texmf-dist/tex/latex/oberdiek/rerunfilecheck.sty
Package: rerunfilecheck 2011/04/15 v1.7 Rerun checks for auxiliary files (HO)
Package uniquecounter Info: New unique counter `rerunfilecheck' on input line 2
82.
)
\Hy@SectionHShift=\skip60
)
(/usr/share/texlive/texmf-dist/tex/latex/algorithm2e/algorithm2e.sty
Package: algorithm2e 2013/01/06 v5.00 algorithms environments
\c@AlgoLine=\count122

(/usr/share/texlive/texmf-dist/tex/latex/tools/xspace.sty
Package: xspace 2009/10/20 v1.13 Space after command names (DPC,MH)
)
(/usr/share/texlive/texmf-dist/tex/latex/relsize/relsize.sty
Package: relsize 2013/03/29 ver 4.1
)
********************************************************
Package `algorithm2e' Release 5.0 -- january 06 2013 --
- algorithm2e-announce@lirmm.fr mailing list for announcement about releases
- algorithm2e-discussion@lirmm.fr mailing list for discussion about package
subscribe by emailing sympa@lirmm.fr with 'subscribe <list> <firstname name>'
- Author: Christophe Fiorio (cfiorio@um2.fr)
********************************************************
\skiptotal=\skip61
\skiplinenumber=\skip62
\skiprule=\skip63
\skiphlne=\skip64
\skiptext=\skip65
\skiplength=\skip66
\algomargin=\skip67
\skipalgocfslide=\skip68
\algowidth=\dimen120
\inoutsize=\dimen121
\inoutindent=\dimen122
\interspacetitleruled=\dimen123
\interspacealgoruled=\dimen124
\interspacetitleboxruled=\dimen125
\algocf@inoutbox=\box30
\algocf@inputbox=\box31
\AlCapSkip=\skip69
\AlCapHSkip=\skip70
\algoskipindent=\skip71
\algocf@nlbox=\box32
\algocf@hangingbox=\box33
\algocf@untilbox=\box34
\algocf@skipuntil=\skip72
\algocf@capbox=\box35
\algoheightruledefault=\skip73
\algoheightrule=\skip74
\algotitleheightruledefault=\skip75
\algotitleheightrule=\skip76
\c@algocfline=\count123
\c@algocfproc=\count124
\c@algocf=\count125
\algocf@algoframe=\box36
\algocf@algobox=\box37
) (/usr/share/texlive/texmf-dist/tex/latex/listings/listings.sty
\lst@mode=\count126
\lst@gtempboxa=\box38
\lst@token=\toks21
\lst@length=\count127
\lst@currlwidth=\dimen126
\lst@column=\count128
\lst@pos=\count129
\lst@lostspace=\dimen127
\lst@width=\dimen128
\lst@newlines=\count130
\lst@lineno=\count131
\lst@maxwidth=\dimen129

(/usr/share/texlive/texmf-dist/tex/latex/listings/lstmisc.sty
File: lstmisc.sty 2013/08/26 1.5b (Carsten Heinz)
\c@lstnumber=\count132
\lst@skipnumbers=\count133
\lst@framebox=\box39
)
(/usr/share/texlive/texmf-dist/tex/latex/listings/listings.cfg
File: listings.cfg 2013/08/26 1.5b listings configuration
))
Package: listings 2013/08/26 1.5b (Carsten Heinz)

(/usr/share/texmf/tex/latex/pgf/frontendlayer/tikz.sty
(/usr/share/texmf/tex/latex/pgf/basiclayer/pgf.sty
(/usr/share/texmf/tex/latex/pgf/utilities/pgfrcs.sty
(/usr/share/texmf/tex/generic/pgf/utilities/pgfutil-common.tex
\pgfutil@everybye=\toks22
)
(/usr/share/texmf/tex/generic/pgf/utilities/pgfutil-latex.def
\pgfutil@abb=\box40

(/usr/share/texlive/texmf-dist/tex/latex/ms/everyshi.sty
Package: everyshi 2001/05/15 v3.00 EveryShipout Package (MS)
))
(/usr/share/texmf/tex/generic/pgf/utilities/pgfrcs.code.tex
Package: pgfrcs 2010/10/25 v2.10 (rcs-revision 1.24)
))
Package: pgf 2008/01/15 v2.10 (rcs-revision 1.12)

(/usr/share/texmf/tex/latex/pgf/basiclayer/pgfcore.sty
(/usr/share/texmf/tex/latex/pgf/systemlayer/pgfsys.sty
(/usr/share/texmf/tex/generic/pgf/systemlayer/pgfsys.code.tex
Package: pgfsys 2010/06/30 v2.10 (rcs-revision 1.37)

(/usr/share/texmf/tex/generic/pgf/utilities/pgfkeys.code.tex
\pgfkeys@pathtoks=\toks23
\pgfkeys@temptoks=\toks24

(/usr/share/texmf/tex/generic/pgf/utilities/pgfkeysfiltered.code.tex
\pgfkeys@tmptoks=\toks25
))
\pgf@x=\dimen130
\pgf@y=\dimen131
\pgf@xa=\dimen132
\pgf@ya=\dimen133
\pgf@xb=\dimen134
\pgf@yb=\dimen135
\pgf@xc=\dimen136
\pgf@yc=\dimen137
\w@pgf@writea=\write3
\r@pgf@reada=\read1
\c@pgf@counta=\count134
\c@pgf@countb=\count135
\c@pgf@countc=\count136
\c@pgf@countd=\count137

(/usr/share/texmf/tex/generic/pgf/systemlayer/pgf.cfg
File: pgf.cfg 2008/05/14  (rcs-revision 1.7)
)
Package pgfsys Info: Driver file for pgf: pgfsys-pdftex.def on input line 900.

(/usr/share/texmf/tex/generic/pgf/systemlayer/pgfsys-pdftex.def
File: pgfsys-pdftex.def 2009/05/22  (rcs-revision 1.26)

(/usr/share/texmf/tex/generic/pgf/systemlayer/pgfsys-common-pdf.def
File: pgfsys-common-pdf.def 2008/05/19  (rcs-revision 1.10)
)))
(/usr/share/texmf/tex/generic/pgf/systemlayer/pgfsyssoftpath.code.tex
File: pgfsyssoftpath.code.tex 2008/07/18  (rcs-revision 1.7)
\pgfsyssoftpath@smallbuffer@items=\count138
\pgfsyssoftpath@bigbuffer@items=\count139
)
(/usr/share/texmf/tex/generic/pgf/systemlayer/pgfsysprotocol.code.tex
File: pgfsysprotocol.code.tex 2006/10/16  (rcs-revision 1.4)
))
(/usr/share/texmf/tex/generic/pgf/basiclayer/pgfcore.code.tex
Package: pgfcore 2010/04/11 v2.10 (rcs-revision 1.7)

(/usr/share/texmf/tex/generic/pgf/math/pgfmath.code.tex
(/usr/share/texmf/tex/generic/pgf/math/pgfmathcalc.code.tex
(/usr/share/texmf/tex/generic/pgf/math/pgfmathutil.code.tex)
(/usr/share/texmf/tex/generic/pgf/math/pgfmathparser.code.tex
\pgfmath@dimen=\dimen138
\pgfmath@count=\count140
\pgfmath@box=\box41
\pgfmath@toks=\toks26
\pgfmath@stack@operand=\toks27
\pgfmath@stack@operation=\toks28
)
(/usr/share/texmf/tex/generic/pgf/math/pgfmathfunctions.code.tex
(/usr/share/texmf/tex/generic/pgf/math/pgfmathfunctions.basic.code.tex)
(/usr/share/texmf/tex/generic/pgf/math/pgfmathfunctions.trigonometric.code.tex)
(/usr/share/texmf/tex/generic/pgf/math/pgfmathfunctions.random.code.tex)
(/usr/share/texmf/tex/generic/pgf/math/pgfmathfunctions.comparison.code.tex)
(/usr/share/texmf/tex/generic/pgf/math/pgfmathfunctions.base.code.tex)
(/usr/share/texmf/tex/generic/pgf/math/pgfmathfunctions.round.code.tex)
(/usr/share/texmf/tex/generic/pgf/math/pgfmathfunctions.misc.code.tex)))
(/usr/share/texmf/tex/generic/pgf/math/pgfmathfloat.code.tex
\c@pgfmathroundto@lastzeros=\count141
))
(/usr/share/texmf/tex/generic/pgf/basiclayer/pgfcorepoints.code.tex
File: pgfcorepoints.code.tex 2010/04/09  (rcs-revision 1.20)
\pgf@picminx=\dimen139
\pgf@picmaxx=\dimen140
\pgf@picminy=\dimen141
\pgf@picmaxy=\dimen142
\pgf@pathminx=\dimen143
\pgf@pathmaxx=\dimen144
\pgf@pathminy=\dimen145
\pgf@pathmaxy=\dimen146
\pgf@xx=\dimen147
\pgf@xy=\dimen148
\pgf@yx=\dimen149
\pgf@yy=\dimen150
\pgf@zx=\dimen151
\pgf@zy=\dimen152
)
(/usr/share/texmf/tex/generic/pgf/basiclayer/pgfcorepathconstruct.code.tex
File: pgfcorepathconstruct.code.tex 2010/08/03  (rcs-revision 1.24)
\pgf@path@lastx=\dimen153
\pgf@path@lasty=\dimen154
)
(/usr/share/texmf/tex/generic/pgf/basiclayer/pgfcorepathusage.code.tex
File: pgfcorepathusage.code.tex 2008/04/22  (rcs-revision 1.12)
\pgf@shorten@end@additional=\dimen155
\pgf@shorten@start@additional=\dimen156
)
(/usr/share/texmf/tex/generic/pgf/basiclayer/pgfcorescopes.code.tex
File: pgfcorescopes.code.tex 2010/09/08  (rcs-revision 1.34)
\pgfpic=\box42
\pgf@hbox=\box43
\pgf@layerbox@main=\box44
\pgf@picture@serial@count=\count142
)
(/usr/share/texmf/tex/generic/pgf/basiclayer/pgfcoregraphicstate.code.tex
File: pgfcoregraphicstate.code.tex 2008/04/22  (rcs-revision 1.9)
\pgflinewidth=\dimen157
)
(/usr/share/texmf/tex/generic/pgf/basiclayer/pgfcoretransformations.code.tex
File: pgfcoretransformations.code.tex 2009/06/10  (rcs-revision 1.11)
\pgf@pt@x=\dimen158
\pgf@pt@y=\dimen159
\pgf@pt@temp=\dimen160
)
(/usr/share/texmf/tex/generic/pgf/basiclayer/pgfcorequick.code.tex
File: pgfcorequick.code.tex 2008/10/09  (rcs-revision 1.3)
)
(/usr/share/texmf/tex/generic/pgf/basiclayer/pgfcoreobjects.code.tex
File: pgfcoreobjects.code.tex 2006/10/11  (rcs-revision 1.2)
)
(/usr/share/texmf/tex/generic/pgf/basiclayer/pgfcorepathprocessing.code.tex
File: pgfcorepathprocessing.code.tex 2008/10/09  (rcs-revision 1.8)
)
(/usr/share/texmf/tex/generic/pgf/basiclayer/pgfcorearrows.code.tex
File: pgfcorearrows.code.tex 2008/04/23  (rcs-revision 1.11)
)
(/usr/share/texmf/tex/generic/pgf/basiclayer/pgfcoreshade.code.tex
File: pgfcoreshade.code.tex 2008/11/23  (rcs-revision 1.13)
\pgf@max=\dimen161
\pgf@sys@shading@range@num=\count143
)
(/usr/share/texmf/tex/generic/pgf/basiclayer/pgfcoreimage.code.tex
File: pgfcoreimage.code.tex 2010/03/25  (rcs-revision 1.16)

(/usr/share/texmf/tex/generic/pgf/basiclayer/pgfcoreexternal.code.tex
File: pgfcoreexternal.code.tex 2010/09/01  (rcs-revision 1.17)
\pgfexternal@startupbox=\box45
))
(/usr/share/texmf/tex/generic/pgf/basiclayer/pgfcorelayers.code.tex
File: pgfcorelayers.code.tex 2010/08/27  (rcs-revision 1.2)
)
(/usr/share/texmf/tex/generic/pgf/basiclayer/pgfcoretransparency.code.tex
File: pgfcoretransparency.code.tex 2008/01/17  (rcs-revision 1.2)
)
(/usr/share/texmf/tex/generic/pgf/basiclayer/pgfcorepatterns.code.tex
File: pgfcorepatterns.code.tex 2009/07/02  (rcs-revision 1.3)
)))
(/usr/share/texmf/tex/generic/pgf/modules/pgfmoduleshapes.code.tex
File: pgfmoduleshapes.code.tex 2010/09/09  (rcs-revision 1.13)
\pgfnodeparttextbox=\box46
)
(/usr/share/texmf/tex/generic/pgf/modules/pgfmoduleplot.code.tex
File: pgfmoduleplot.code.tex 2010/10/22  (rcs-revision 1.8)
)
(/usr/share/texmf/tex/latex/pgf/compatibility/pgfcomp-version-0-65.sty
Package: pgfcomp-version-0-65 2007/07/03 v2.10 (rcs-revision 1.7)
\pgf@nodesepstart=\dimen162
\pgf@nodesepend=\dimen163
)
(/usr/share/texmf/tex/latex/pgf/compatibility/pgfcomp-version-1-18.sty
Package: pgfcomp-version-1-18 2007/07/23 v2.10 (rcs-revision 1.1)
))
(/usr/share/texmf/tex/latex/pgf/utilities/pgffor.sty
(/usr/share/texmf/tex/latex/pgf/utilities/pgfkeys.sty
(/usr/share/texmf/tex/generic/pgf/utilities/pgfkeys.code.tex))
(/usr/share/texmf/tex/generic/pgf/utilities/pgffor.code.tex
Package: pgffor 2010/03/23 v2.10 (rcs-revision 1.18)
\pgffor@iter=\dimen164
\pgffor@skip=\dimen165
\pgffor@stack=\toks29
\pgffor@toks=\toks30
))
(/usr/share/texmf/tex/generic/pgf/frontendlayer/tikz/tikz.code.tex
Package: tikz 2010/10/13 v2.10 (rcs-revision 1.76)

(/usr/share/texmf/tex/generic/pgf/libraries/pgflibraryplothandlers.code.tex
File: pgflibraryplothandlers.code.tex 2010/05/31 v2.10 (rcs-revision 1.15)
\pgf@plot@mark@count=\count144
\pgfplotmarksize=\dimen166
)
\tikz@lastx=\dimen167
\tikz@lasty=\dimen168
\tikz@lastxsaved=\dimen169
\tikz@lastysaved=\dimen170
\tikzleveldistance=\dimen171
\tikzsiblingdistance=\dimen172
\tikz@figbox=\box47
\tikz@tempbox=\box48
\tikztreelevel=\count145
\tikznumberofchildren=\count146
\tikznumberofcurrentchild=\count147
\tikz@fig@count=\count148

(/usr/share/texmf/tex/generic/pgf/modules/pgfmodulematrix.code.tex
File: pgfmodulematrix.code.tex 2010/08/24  (rcs-revision 1.4)
\pgfmatrixcurrentrow=\count149
\pgfmatrixcurrentcolumn=\count150
\pgf@matrix@numberofcolumns=\count151
)
\tikz@expandcount=\count152

(/usr/share/texmf/tex/generic/pgf/frontendlayer/tikz/libraries/tikzlibrarytopat
hs.code.tex
File: tikzlibrarytopaths.code.tex 2008/06/17 v2.10 (rcs-revision 1.2)
)))
(/usr/share/texmf/tex/generic/pgf/frontendlayer/tikz/libraries/tikzlibraryshape
s.geometric.code.tex
File: tikzlibraryshapes.geometric.code.tex 2008/01/09 v2.10 (rcs-revision 1.1)

(/usr/share/texmf/tex/generic/pgf/libraries/shapes/pgflibraryshapes.geometric.c
ode.tex
File: pgflibraryshapes.geometric.code.tex 2008/06/26 v2.10 (rcs-revision 1.1)
))
(/usr/share/texmf/tex/generic/pgf/frontendlayer/tikz/libraries/tikzlibraryarrow
s.code.tex
File: tikzlibraryarrows.code.tex 2008/01/09 v2.10 (rcs-revision 1.1)

(/usr/share/texmf/tex/generic/pgf/libraries/pgflibraryarrows.code.tex
File: pgflibraryarrows.code.tex 2008/10/27 v2.10 (rcs-revision 1.9)
\arrowsize=\dimen173
))
(/usr/share/texlive/texmf-dist/tex/latex/listings/lstlang1.sty
File: lstlang1.sty 2013/08/26 1.5b listings language file
) (./mythesis.aux

LaTeX Warning: Label `alg:forward' multiply defined.


LaTeX Warning: Label `ch:ensemble' multiply defined.


LaTeX Warning: Label `ask_low_prediction' multiply defined.


LaTeX Warning: Label `ask_low_prediction' multiply defined.


LaTeX Warning: Label `ask_low_prediction' multiply defined.


LaTeX Warning: Label `ask_low_prediction' multiply defined.

)
\openout1 = `mythesis.aux'.

LaTeX Font Info:    Checking defaults for OML/cmm/m/it on input line 198.
LaTeX Font Info:    ... okay on input line 198.
LaTeX Font Info:    Checking defaults for T1/cmr/m/n on input line 198.
LaTeX Font Info:    ... okay on input line 198.
LaTeX Font Info:    Checking defaults for OT1/cmr/m/n on input line 198.
LaTeX Font Info:    ... okay on input line 198.
LaTeX Font Info:    Checking defaults for OMS/cmsy/m/n on input line 198.
LaTeX Font Info:    ... okay on input line 198.
LaTeX Font Info:    Checking defaults for OMX/cmex/m/n on input line 198.
LaTeX Font Info:    ... okay on input line 198.
LaTeX Font Info:    Checking defaults for U/cmr/m/n on input line 198.
LaTeX Font Info:    ... okay on input line 198.
LaTeX Font Info:    Checking defaults for PD1/pdf/m/n on input line 198.
LaTeX Font Info:    ... okay on input line 198.
\AtBeginShipoutBox=\box49
 (/usr/share/texlive/texmf-dist/tex/context/base/supp-pdf.mkii
[Loading MPS to PDF converter (version 2006.09.02).]
\scratchcounter=\count153
\scratchdimen=\dimen174
\scratchbox=\box50
\nofMPsegments=\count154
\nofMParguments=\count155
\everyMPshowfont=\toks31
\MPscratchCnt=\count156
\MPscratchDim=\dimen175
\MPnumerator=\count157
\makeMPintoPDFobject=\count158
\everyMPtoPDFconversion=\toks32
) (/usr/share/texlive/texmf-dist/tex/latex/oberdiek/epstopdf-base.sty
Package: epstopdf-base 2010/02/09 v2.5 Base part for package epstopdf

(/usr/share/texlive/texmf-dist/tex/latex/oberdiek/grfext.sty
Package: grfext 2010/08/19 v1.1 Manage graphics extensions (HO)
)
Package grfext Info: Graphics extension search list:
(grfext)             [.png,.pdf,.jpg,.mps,.jpeg,.jbig2,.jb2,.PNG,.PDF,.JPG,.JPE
G,.JBIG2,.JB2,.eps]
(grfext)             \AppendGraphicsExtensions on input line 452.

(/usr/share/texlive/texmf-dist/tex/latex/latexconfig/epstopdf-sys.cfg
File: epstopdf-sys.cfg 2010/07/13 v1.3 Configuration of (r)epstopdf for TeX Liv
e
))
Package hyperref Info: Link coloring ON on input line 198.

(/usr/share/texlive/texmf-dist/tex/latex/hyperref/nameref.sty
Package: nameref 2012/10/27 v2.43 Cross-referencing by name of section

(/usr/share/texlive/texmf-dist/tex/generic/oberdiek/gettitlestring.sty
Package: gettitlestring 2010/12/03 v1.4 Cleanup title references (HO)
)
\c@section@level=\count159
)
LaTeX Info: Redefining \ref on input line 198.
LaTeX Info: Redefining \pageref on input line 198.
LaTeX Info: Redefining \nameref on input line 198.

(./mythesis.out) (./mythesis.out)
\@outlinefile=\write4
\openout4 = `mythesis.out'.

\c@lstlisting=\count160
 ABD: EveryShipout initializing macros
LaTeX Font Info:    Try loading font information for OMS+cmr on input line 202.


(/usr/share/texlive/texmf-dist/tex/latex/base/omscmr.fd
File: omscmr.fd 1999/05/25 v2.5h Standard LaTeX font definitions
)
LaTeX Font Info:    Font shape `OMS/cmr/m/n' in size <10.95> not available
(Font)              Font shape `OMS/cmsy/m/n' tried instead on input line 202.
 [1

{/var/lib/texmf/fonts/map/pdftex/updmap/pdftex.map}]
LaTeX Font Info:    Try loading font information for U+msa on input line 202.

(/usr/share/texlive/texmf-dist/tex/latex/amsfonts/umsa.fd
File: umsa.fd 2013/01/14 v3.01 AMS symbols A
)
LaTeX Font Info:    Try loading font information for U+msb on input line 202.

(/usr/share/texlive/texmf-dist/tex/latex/amsfonts/umsb.fd
File: umsb.fd 2013/01/14 v3.01 AMS symbols B
) [2

]
Underfull \hbox (badness 10000) in paragraph at lines 208--209

 []


Underfull \hbox (badness 10000) in paragraph at lines 210--211

 []


Underfull \hbox (badness 10000) in paragraph at lines 212--213

 []


Underfull \hbox (badness 10000) in paragraph at lines 214--215

 []


Overfull \hbox (3.38274pt too wide) in paragraph at lines 216--217
[]\OT1/cmr/m/n/10.95 Furthermore, I owe my spe-cial thanks to Dr. Pene-lope Kir
by, Dr. Penny LeNoir, Ms.Blackwelder,
 []


Underfull \hbox (badness 10000) in paragraph at lines 216--217

 []


Overfull \hbox (1.81032pt too wide) in paragraph at lines 218--219
\OT1/cmr/m/n/10.95 Yan, Bo Zhao, Jian Geng, Ming Zhu, Wan-wan Huang, Yuan Zhang
, Wen Huang, Yan-ing Liu,Qiuping
 []


Underfull \hbox (badness 10000) in paragraph at lines 218--219

 []

[3

] [4] (./mythesis.toc [5




pdfTeX warning: pdflatex: pop empty color page stack 0


pdfTeX warning: pdflatex: pop empty color page stack 0


pdfTeX warning: pdflatex: pop empty color page stack 0


pdfTeX warning: pdflatex: pop empty color page stack 0


pdfTeX warning: pdflatex: pop empty color page stack 0


pdfTeX warning: pdflatex: pop empty color page stack 0


pdfTeX warning: pdflatex: pop empty color page stack 0


pdfTeX warning: pdflatex: pop empty color page stack 0


pdfTeX warning: pdflatex: pop empty color page stack 0


pdfTeX warning: pdflatex: pop empty color page stack 0


pdfTeX warning: pdflatex: pop empty color page stack 0


pdfTeX warning: pdflatex: pop empty color page stack 0


pdfTeX warning: pdflatex: pop empty color page stack 0


pdfTeX warning: pdflatex: pop empty color page stack 0


pdfTeX warning: pdflatex: pop empty color page stack 0


pdfTeX warning: pdflatex: pop empty color page stack 0


pdfTeX warning: pdflatex: pop empty color page stack 0


pdfTeX warning: pdflatex: pop empty color page stack 0


pdfTeX warning: pdflatex: pop empty color page stack 0


pdfTeX warning: pdflatex: pop empty color page stack 0


pdfTeX warning: pdflatex: pop empty color page stack 0


pdfTeX warning: pdflatex: pop empty color page stack 0


pdfTeX warning: pdflatex: pop empty color page stack 0


pdfTeX warning: pdflatex: pop empty color page stack 0


pdfTeX warning: pdflatex: pop empty color page stack 0


pdfTeX warning: pdflatex: pop empty color page stack 0


pdfTeX warning: pdflatex: pop empty color page stack 0


pdfTeX warning: pdflatex: pop empty color page stack 0
])
\tf@toc=\write5
\openout5 = `mythesis.toc'.

 [6

pdfTeX warning: pdflatex: pop empty color page stack 0


pdfTeX warning: pdflatex: pop empty color page stack 0


pdfTeX warning: pdflatex: pop empty color page stack 0


pdfTeX warning: pdflatex: pop empty color page stack 0


pdfTeX warning: pdflatex: pop empty color page stack 0


pdfTeX warning: pdflatex: pop empty color page stack 0


pdfTeX warning: pdflatex: pop empty color page stack 0


pdfTeX warning: pdflatex: pop empty color page stack 0
] (./mythesis.lot)
\tf@lot=\write6
\openout6 = `mythesis.lot'.

 [7



pdfTeX warning: pdflatex: pop empty color page stack 0


pdfTeX warning: pdflatex: pop empty color page stack 0


pdfTeX warning: pdflatex: pop empty color page stack 0


pdfTeX warning: pdflatex: pop empty color page stack 0


pdfTeX warning: pdflatex: pop empty color page stack 0


pdfTeX warning: pdflatex: pop empty color page stack 0


pdfTeX warning: pdflatex: pop empty color page stack 0


pdfTeX warning: pdflatex: pop empty color page stack 0


pdfTeX warning: pdflatex: pop empty color page stack 0


pdfTeX warning: pdflatex: pop empty color page stack 0


pdfTeX warning: pdflatex: pop empty color page stack 0
] (./mythesis.lof
Overfull \hbox (2.46445pt too wide) in paragraph at lines 6--6
 [][] [][][]\OT1/cmr/m/n/10.95 Distribution of the num-ber of or-ders in a 5 mi
n-utes of four stocks: AMZN,GOOG,INTC 
 []

[8



pdfTeX warning: pdflatex: pop empty color page stack 0


pdfTeX warning: pdflatex: pop empty color page stack 0


pdfTeX warning: pdflatex: pop empty color page stack 0


pdfTeX warning: pdflatex: pop empty color page stack 0


pdfTeX warning: pdflatex: pop empty color page stack 0


pdfTeX warning: pdflatex: pop empty color page stack 0


pdfTeX warning: pdflatex: pop empty color page stack 0


pdfTeX warning: pdflatex: pop empty color page stack 0


pdfTeX warning: pdflatex: pop empty color page stack 0


pdfTeX warning: pdflatex: pop empty color page stack 0
] [9

pdfTeX warning: pdflatex: pop empty color page stack 0


pdfTeX warning: pdflatex: pop empty color page stack 0


pdfTeX warning: pdflatex: pop empty color page stack 0


pdfTeX warning: pdflatex: pop empty color page stack 0


pdfTeX warning: pdflatex: pop empty color page stack 0


pdfTeX warning: pdflatex: pop empty color page stack 0


pdfTeX warning: pdflatex: pop empty color page stack 0


pdfTeX warning: pdflatex: pop empty color page stack 0


pdfTeX warning: pdflatex: pop empty color page stack 0


pdfTeX warning: pdflatex: pop empty color page stack 0


pdfTeX warning: pdflatex: pop empty color page stack 0


pdfTeX warning: pdflatex: pop empty color page stack 0


pdfTeX warning: pdflatex: pop empty color page stack 0


pdfTeX warning: pdflatex: pop empty color page stack 0


pdfTeX warning: pdflatex: pop empty color page stack 0


pdfTeX warning: pdflatex: pop empty color page stack 0
])
\tf@lof=\write7
\openout7 = `mythesis.lof'.

 [10

pdfTeX warning: pdflatex: pop empty color page stack 0


pdfTeX warning: pdflatex: pop empty color page stack 0


pdfTeX warning: pdflatex: pop empty color page stack 0


pdfTeX warning: pdflatex: pop empty color page stack 0


pdfTeX warning: pdflatex: pop empty color page stack 0


pdfTeX warning: pdflatex: pop empty color page stack 0


pdfTeX warning: pdflatex: pop empty color page stack 0


pdfTeX warning: pdflatex: pop empty color page stack 0
]
Underfull \hbox (badness 10000) in paragraph at lines 236--239

 []

[11

] (./chapter2.tex
Chapter 1.

Underfull \hbox (badness 10000) in paragraph at lines 4--5

 []


Underfull \hbox (badness 10000) in paragraph at lines 6--7

 []


Underfull \hbox (badness 10000) in paragraph at lines 7--8

 []


Underfull \hbox (badness 10000) in paragraph at lines 10--11

 []

[1



] <figures/hft_percentage.jpg, id=456, 1037.8775pt x 623.32875pt>
File: figures/hft_percentage.jpg Graphic file (type jpg)

<use figures/hft_percentage.jpg>
Package pdftex.def Info: figures/hft_percentage.jpg used on input line 24.
(pdftex.def)             Requested size: 469.76448pt x 252.95085pt.
 [2 <./figures/hft_percentage.jpg>] [3]
[4]
Underfull \hbox (badness 10000) in paragraph at lines 54--55

 []

[5] [6] [7]
Overfull \hbox (14.23264pt too wide) in paragraph at lines 109--110
[]\OT1/cmr/m/n/10.95 chapter 5: En-sem-ble meth-ods for pre-dic-tion: In-tro-du
c-ing prop-er-ties of en-sem-ble meth-ods,especially
 []

) (./chapter3.tex [8]
Chapter 2.
[9

] [10] [11]) (./chapter4.tex [12]
Chapter 3.
[13

] [14]
Overfull \hbox (16.2328pt too wide) in paragraph at lines 108--109
[]\OT1/cmr/m/it/10.95 The bid-side rel-a-tive depth pro-file at time t is the s
et of all or-dered pairs$\OT1/cmr/m/n/10.95 (\OML/cmm/m/it/10.95 p; N[]\OT1/cmr
/m/n/10.95 (\OML/cmm/m/it/10.95 p; t\OT1/cmr/m/n/10.95 ))\OML/cmm/m/it/10.95 :$

 []

[15] [16] <figures/arrival_time.png, id=784, 783.92876pt x 800.9925pt>
File: figures/arrival_time.png Graphic file (type png)

<use figures/arrival_time.png>
Package pdftex.def Info: figures/arrival_time.png used on input line 138.
(pdftex.def)             Requested size: 433.62628pt x 433.6295pt.

<figures/volume.png, id=792, 868.24374pt x 588.1975pt>
File: figures/volume.png Graphic file (type png)

<use figures/volume.png>
Package pdftex.def Info: figures/volume.png used on input line 150.
(pdftex.def)             Requested size: 433.63062pt x 361.34889pt.
 [17] [18 <./figures/arrival_time.png>] [19 <./figures/volume.png>] <figures/pl
acement.png, id=822, 808.01875pt x 597.23125pt>
File: figures/placement.png Graphic file (type png)

<use figures/placement.png>
Package pdftex.def Info: figures/placement.png used on input line 162.
(pdftex.def)             Requested size: 433.6235pt x 361.3488pt.

<figures/limit_vol_time.png, id=830, 836.12375pt x 569.12625pt>
File: figures/limit_vol_time.png Graphic file (type png)

<use figures/limit_vol_time.png>
Package pdftex.def Info: figures/limit_vol_time.png used on input line 174.
(pdftex.def)             Requested size: 433.62585pt x 361.3651pt.

<figures/market_vol_time.png, id=831, 815.045pt x 579.16376pt>
File: figures/market_vol_time.png Graphic file (type png)

<use figures/market_vol_time.png>
Package pdftex.def Info: figures/market_vol_time.png used on input line 182.
(pdftex.def)             Requested size: 433.62585pt x 361.349pt.
 [20] [21 <./figures/placement.png>] [22 <./figures/limit_vol_time.png>] [23 <.
/figures/market_vol_time.png>]
<figures/level_quantity.png, id=856, 391.4625pt x 284.06125pt>
File: figures/level_quantity.png Graphic file (type png)

<use figures/level_quantity.png>
Package pdftex.def Info: figures/level_quantity.png used on input line 193.
(pdftex.def)             Requested size: 361.3684pt x 289.10579pt.

Underfull \hbox (badness 3250) in paragraph at lines 195--195
 []\OT1/cmr/m/n/10.95 Figure 3.6: []Average limit or-der book. Five stocks that
 we use: AAPL, 
 []

) (./chapter5.tex [24 <./figures/level_quantity.png>]
Chapter 4.

Underfull \hbox (badness 10000) in paragraph at lines 6--7

 []

[25

]
Underfull \hbox (badness 10000) in paragraph at lines 42--43

 []

[26]
Underfull \hbox (badness 10000) in paragraph at lines 54--55

 []


Underfull \hbox (badness 10000) in paragraph at lines 76--78

 []

[27] [28] <figures/lasso.jpg, id=914, 341.77687pt x 268.75406pt>
File: figures/lasso.jpg Graphic file (type jpg)

<use figures/lasso.jpg>
Package pdftex.def Info: figures/lasso.jpg used on input line 144.
(pdftex.def)             Requested size: 216.81207pt x 180.67531pt.
 <figures/ridge.jpg, id=919, 365.11406pt x 255.95625pt>
File: figures/ridge.jpg Graphic file (type jpg)

<use figures/ridge.jpg>
Package pdftex.def Info: figures/ridge.jpg used on input line 151.
(pdftex.def)             Requested size: 216.80821pt x 180.67569pt.

<figures/lasso_p.jpg, id=928, 536.75531pt x 414.79968pt>
File: figures/lasso_p.jpg Graphic file (type jpg)

<use figures/lasso_p.jpg>
Package pdftex.def Info: figures/lasso_p.jpg used on input line 161.
(pdftex.def)             Requested size: 216.81139pt x 180.6706pt.

<figures/ridge_p.jpg, id=933, 561.59813pt x 420.06938pt>
File: figures/ridge_p.jpg Graphic file (type jpg)

<use figures/ridge_p.jpg>
Package pdftex.def Info: figures/ridge_p.jpg used on input line 168.
(pdftex.def)             Requested size: 216.80293pt x 180.67117pt.
 [29] [30 <./figures/lasso.jpg> <./figures/ridge.jpg>] [31 <./figures/lasso_p.j
pg> <./figures/ridge_p.jpg>]
<figures/svm_example.jpg, id=966, 433.62pt x 289.08pt>
File: figures/svm_example.jpg Graphic file (type jpg)

<use figures/svm_example.jpg>
Package pdftex.def Info: figures/svm_example.jpg used on input line 195.
(pdftex.def)             Requested size: 289.09473pt x 231.2643pt.
 [32]

LaTeX Warning: Reference `en:svm_optimization' on page 33 undefined on input li
ne 215.

[33 <./figures/svm_example.jpg>] [34]
<figures/dt_example.png, id=998, 628.3475pt x 392.46625pt>
File: figures/dt_example.png Graphic file (type png)

<use figures/dt_example.png>
Package pdftex.def Info: figures/dt_example.png used on input line 286.
(pdftex.def)             Requested size: 361.34494pt x 289.09698pt.
 [35] [36 <./figures/dt_example.png>] [37])
(./chapter6.tex [38]
Chapter 5.
[39

]
Underfull \hbox (badness 10000) in paragraph at lines 23--32

 []

[40]
Underfull \hbox (badness 10000) in paragraph at lines 46--62

 []


Underfull \hbox (badness 10000) in paragraph at lines 63--73

 []

[41] [42]
Underfull \hbox (badness 10000) in paragraph at lines 125--127

 []


Underfull \hbox (badness 10000) in paragraph at lines 125--127

 []

[43]) (./chapter7.tex [44]
Chapter 6.
<figures/snapshot.png, id=1127, 886.31125pt x 591.20876pt>
File: figures/snapshot.png Graphic file (type png)

<use figures/snapshot.png>
Package pdftex.def Info: figures/snapshot.png used on input line 8.
(pdftex.def)             Requested size: 325.2117pt x 252.94283pt.
Missing character: There is no ‚ in font cmr10!
Missing character: There is no Ä in font cmr10!
Missing character: There is no ì in font cmr10!
Missing character: There is no ‚ in font cmr10!
Missing character: There is no Ä in font cmr10!
Missing character: There is no ì in font cmr10!
Missing character: There is no œ in font cmr10!
Missing character: There is no Ä in font cmr10!
Missing character: There is no œ in font cmr10!
Missing character: There is no Ä in font cmr10!
 [45

] [46 <./figures/snapshot.png>] [47]
Missing character: There is no ‚ in font cmr10!
Missing character: There is no Ä in font cmr10!
Missing character: There is no ú in font cmr10!
Missing character: There is no ‚ in font cmr10!
Missing character: There is no Ä in font cmr10!
Missing character: There is no ù in font cmr10!
Missing character: There is no ‚ in font cmr10!
Missing character: There is no Ä in font cmr10!
Missing character: There is no ú in font cmr10!
Missing character: There is no ‚ in font cmr10!
Missing character: There is no Ä in font cmr10!
Missing character: There is no ù in font cmr10!
Missing character: There is no ‚ in font cmr10!
Missing character: There is no Ä in font cmr10!
Missing character: There is no ô in font cmr10!
 [48]
<figures/features.png, id=1152, 553.06625pt x 288.07625pt>
File: figures/features.png Graphic file (type png)

<use figures/features.png>
Package pdftex.def Info: figures/features.png used on input line 162.
(pdftex.def)             Requested size: 325.20917pt x 252.95401pt.
 [49]
<figures/AAPL_price.png, id=1157, 433.62pt x 289.08pt>
File: figures/AAPL_price.png Graphic file (type png)

<use figures/AAPL_price.png>
Package pdftex.def Info: figures/AAPL_price.png used on input line 172.
(pdftex.def)             Requested size: 216.80946pt x 180.67455pt.

<figures/AMZN_price.png, id=1158, 433.62pt x 289.08pt>
File: figures/AMZN_price.png Graphic file (type png)

<use figures/AMZN_price.png>
Package pdftex.def Info: figures/AMZN_price.png used on input line 178.
(pdftex.def)             Requested size: 216.80946pt x 180.67455pt.

<figures/GOOG_price.png, id=1159, 433.62pt x 289.08pt>
File: figures/GOOG_price.png Graphic file (type png)

<use figures/GOOG_price.png>
Package pdftex.def Info: figures/GOOG_price.png used on input line 185.
(pdftex.def)             Requested size: 216.80946pt x 180.67455pt.

<figures/INTC_price.png, id=1160, 433.62pt x 289.08pt>
File: figures/INTC_price.png Graphic file (type png)

<use figures/INTC_price.png>
Package pdftex.def Info: figures/INTC_price.png used on input line 192.
(pdftex.def)             Requested size: 216.80946pt x 180.67455pt.

<figures/MSFT_price.png, id=1161, 433.62pt x 289.08pt>
File: figures/MSFT_price.png Graphic file (type png)

<use figures/MSFT_price.png>
Package pdftex.def Info: figures/MSFT_price.png used on input line 199.
(pdftex.def)             Requested size: 216.80946pt x 180.67455pt.

Underfull \hbox (badness 10000) in paragraph at lines 204--205

 []

<figures/order_book_volume.png, id=1164, 578.16pt x 433.62pt>
File: figures/order_book_volume.png Graphic file (type png)

<use figures/order_book_volume.png>
Package pdftex.def Info: figures/order_book_volume.png used on input line 208.
(pdftex.def)             Requested size: 289.07928pt x 289.09473pt.
 [50 <./figures/features.png>] [51 <./figures/AAPL_price.png> <./figures/AMZN_p
rice.png>] [52 <./figures/GOOG_price.png> <./figures/INTC_price.png>] [53 <./fi
gures/MSFT_price.png> <./figures/order_book_volume.png>] <figures/order_book_ty
pe.png, id=1190, 578.16pt x 433.62pt>
File: figures/order_book_type.png Graphic file (type png)

<use figures/order_book_type.png>
Package pdftex.def Info: figures/order_book_type.png used on input line 217.
(pdftex.def)             Requested size: 289.07928pt x 289.09473pt.

<figures/execution.png, id=1192, 876.27374pt x 579.16376pt>
File: figures/execution.png Graphic file (type png)

<use figures/execution.png>
Package pdftex.def Info: figures/execution.png used on input line 226.
(pdftex.def)             Requested size: 433.6298pt x 361.349pt.

<figures/volume_trade.png, id=1193, 866.23625pt x 591.20876pt>
File: figures/volume_trade.png Graphic file (type png)

<use figures/volume_trade.png>
Package pdftex.def Info: figures/volume_trade.png used on input line 233.
(pdftex.def)             Requested size: 433.61934pt x 361.3585pt.

<figures/depth.png, id=1194, 868.24374pt x 615.29875pt>
File: figures/depth.png Graphic file (type png)

<use figures/depth.png>
Package pdftex.def Info: figures/depth.png used on input line 240.
(pdftex.def)             Requested size: 433.63062pt x 361.35193pt.
 [54 <./figures/order_book_type.png>] [55 <./figures/execution.png>] [56 <./fig
ures/volume_trade.png>] [57 <./figures/depth.png>]
<figures/ask_low_example.png, id=1219, 578.16pt x 433.62pt>
File: figures/ask_low_example.png Graphic file (type png)

<use figures/ask_low_example.png>
Package pdftex.def Info: figures/ask_low_example.png used on input line 250.
(pdftex.def)             Requested size: 289.07928pt x 289.09473pt.

<figures/bid_high_example.png, id=1220, 578.16pt x 433.62pt>
File: figures/bid_high_example.png Graphic file (type png)

<use figures/bid_high_example.png>
Package pdftex.def Info: figures/bid_high_example.png used on input line 258.
(pdftex.def)             Requested size: 289.07928pt x 289.09473pt.

<figures/no_arbi_example.png, id=1221, 578.16pt x 433.62pt>
File: figures/no_arbi_example.png Graphic file (type png)

<use figures/no_arbi_example.png>
Package pdftex.def Info: figures/no_arbi_example.png used on input line 266.
(pdftex.def)             Requested size: 289.07928pt x 289.09473pt.

<figures/arbitrage_time.png, id=1222, 1018.80624pt x 579.16376pt>
File: figures/arbitrage_time.png Graphic file (type png)

<use figures/arbitrage_time.png>
Package pdftex.def Info: figures/arbitrage_time.png used on input line 275.
(pdftex.def)             Requested size: 289.0725pt x 289.07744pt.
Missing character: There is no ‚ in font cmr10!
Missing character: There is no Ä in font cmr10!
Missing character: There is no ¢ in font cmr10!
Missing character: There is no ‚ in font cmr10!
Missing character: There is no Ä in font cmr10!
Missing character: There is no ¢ in font cmr10!
Missing character: There is no ‚ in font cmr10!
Missing character: There is no Ä in font cmr10!
Missing character: There is no ¢ in font cmr10!
Missing character: There is no ‚ in font cmr10!
Missing character: There is no Ä in font cmr10!
Missing character: There is no ¢ in font cmr10!
 [58 <./figures/ask_low_example.png>] [59 <./figures/bid_high_example.png>] [60
 <./figures/no_arbi_example.png>] [61 <./figures/arbitrage_time.png>]
Underfull \hbox (badness 10000) in paragraph at lines 294--303

 []


Underfull \hbox (badness 10000) in paragraph at lines 305--307

 []


Underfull \hbox (badness 10000) in paragraph at lines 309--311

 []

[62]
Overfull \hbox (43.4551pt too wide) in paragraph at lines 321--334
 [] 
 []


Underfull \hbox (badness 10000) in paragraph at lines 337--338

 []


LaTeX Warning: Float too large for page by 44.73949pt on input line 377.

<figures/feature_importance.png, id=1252, 876.27374pt x 579.16376pt>
File: figures/feature_importance.png Graphic file (type png)

<use figures/feature_importance.png>
Package pdftex.def Info: figures/feature_importance.png used on input line 382.

(pdftex.def)             Requested size: 433.6298pt x 361.349pt.

Underfull \hbox (badness 10000) in paragraph at lines 389--390

 []

[63] [64] [65 <./figures/feature_importance.png>]

! LaTeX Error: There's no line here to end.

See the LaTeX manual or LaTeX Companion for explanation.
Type  H <return>  for immediate help.
 ...                                              
                                                  
l.419 				         		     }
                           
Your command was ignored.
Type  I <command> <return>  to replace it with another command,
or  <return>  to continue without it.


! LaTeX Error: There's no line here to end.

See the LaTeX manual or LaTeX Companion for explanation.
Type  H <return>  for immediate help.
 ...                                              
                                                  
l.419 				         		     }
                           
Your command was ignored.
Type  I <command> <return>  to replace it with another command,
or  <return>  to continue without it.


! LaTeX Error: There's no line here to end.

See the LaTeX manual or LaTeX Companion for explanation.
Type  H <return>  for immediate help.
 ...                                              
                                                  
l.421 M
       ore vivid to show in the following figure \ref{fig:strategy_algorithm}
Your command was ignored.
Type  I <command> <return>  to replace it with another command,
or  <return>  to continue without it.

<figures/strategy_algorithm.png, id=1273, 387.69844pt x 448.67625pt>
File: figures/strategy_algorithm.png Graphic file (type png)

<use figures/strategy_algorithm.png>
Package pdftex.def Info: figures/strategy_algorithm.png used on input line 425.

(pdftex.def)             Requested size: 325.22076pt x 252.94116pt.

<figures/arbitrage_plot.png, id=1275, 433.62pt x 289.08pt>
File: figures/arbitrage_plot.png Graphic file (type png)

<use figures/arbitrage_plot.png>
Package pdftex.def Info: figures/arbitrage_plot.png used on input line 435.
(pdftex.def)             Requested size: 325.22743pt x 252.94437pt.

<figures/pnl_total.png, id=1277, 870.25125pt x 613.29124pt>
File: figures/pnl_total.png Graphic file (type png)

<use figures/pnl_total.png>
Package pdftex.def Info: figures/pnl_total.png used on input line 444.
(pdftex.def)             Requested size: 433.62404pt x 361.35207pt.

<figures/cum_pnl_total.png, id=1278, 870.25125pt x 593.21625pt>
File: figures/cum_pnl_total.png Graphic file (type png)

<use figures/cum_pnl_total.png>
Package pdftex.def Info: figures/cum_pnl_total.png used on input line 451.
(pdftex.def)             Requested size: 433.62404pt x 361.36354pt.
) (./appendix1.tex [66] [67 <./figures/strategy_algorithm.png>] [68 <./figures/
arbitrage_plot.png>] [69 <./figures/pnl_total.png>] [70 <./figures/cum_pnl_tota
l.png>]
Appendix A.

Underfull \hbox (badness 10000) in paragraph at lines 2--3

 []


Overfull \hbox (38.7405pt too wide) in paragraph at lines 8--21
 [] 
 []


Overfull \hbox (43.4551pt too wide) in paragraph at lines 29--42
 [] 
 []


Overfull \hbox (38.7405pt too wide) in paragraph at lines 49--62
 [] 
 []


Overfull \hbox (43.4551pt too wide) in paragraph at lines 69--82
 [] 
 []

) (./appendix2.tex [71

] [72] [73]
Appendix B.
<1.pdf, id=1324, 845.1575pt x 597.23125pt>
File: 1.pdf Graphic file (type pdf)
 <use 1.pdf>
Package pdftex.def Info: 1.pdf used on input line 3.
(pdftex.def)             Requested size: 845.15544pt x 597.22978pt.
File: 1.pdf Graphic file (type pdf)
 <use 1.pdf>
Package pdftex.def Info: 1.pdf used on input line 3.
(pdftex.def)             Requested size: 845.15544pt x 597.22978pt.
 [74

]
<1.pdf, id=1332, page=1, 845.1575pt x 597.23125pt>
File: 1.pdf Graphic file (type pdf)
 <use 1.pdf, page 1>
Package pdftex.def Info: 1.pdf, page1 used on input line 3.
(pdftex.def)             Requested size: 845.15544pt x 597.22978pt.
File: 1.pdf Graphic file (type pdf)

<use 1.pdf, page 1>
Package pdftex.def Info: 1.pdf, page1 used on input line 3.
(pdftex.def)             Requested size: 929.67613pt x 656.95639pt.
File: 1.pdf Graphic file (type pdf)
 <use 1.pdf, page 1>
Package pdftex.def Info: 1.pdf, page1 used on input line 3.
(pdftex.def)             Requested size: 929.67613pt x 656.95639pt.
File: 1.pdf Graphic file (type pdf)
 <use 1.pdf, page 1>
Package pdftex.def Info: 1.pdf, page1 used on input line 3.
(pdftex.def)             Requested size: 929.67613pt x 656.95639pt.
File: 1.pdf Graphic file (type pdf)

<use 1.pdf, page 1>
Package pdftex.def Info: 1.pdf, page1 used on input line 3.
(pdftex.def)             Requested size: 929.67613pt x 656.95639pt.
 [75 <./1.pdf>]
<1.pdf, id=1379, page=2, 845.1575pt x 597.23125pt>
File: 1.pdf Graphic file (type pdf)
 <use 1.pdf, page 2>
Package pdftex.def Info: 1.pdf, page2 used on input line 3.
(pdftex.def)             Requested size: 929.67613pt x 656.95639pt.
File: 1.pdf Graphic file (type pdf)

<use 1.pdf, page 2>
Package pdftex.def Info: 1.pdf, page2 used on input line 3.
(pdftex.def)             Requested size: 929.67613pt x 656.95639pt.
File: 1.pdf Graphic file (type pdf)
 <use 1.pdf, page 2>
Package pdftex.def Info: 1.pdf, page2 used on input line 3.
(pdftex.def)             Requested size: 929.67613pt x 656.95639pt.
 [76 <./1.pdf>]
<1.pdf, id=1398, page=3, 845.1575pt x 597.23125pt>
File: 1.pdf Graphic file (type pdf)
 <use 1.pdf, page 3>
Package pdftex.def Info: 1.pdf, page3 used on input line 3.
(pdftex.def)             Requested size: 929.67613pt x 656.95639pt.
File: 1.pdf Graphic file (type pdf)

<use 1.pdf, page 3>
Package pdftex.def Info: 1.pdf, page3 used on input line 3.
(pdftex.def)             Requested size: 929.67613pt x 656.95639pt.
File: 1.pdf Graphic file (type pdf)
 <use 1.pdf, page 3>
Package pdftex.def Info: 1.pdf, page3 used on input line 3.
(pdftex.def)             Requested size: 929.67613pt x 656.95639pt.
 [77 <./1.pdf>]
<1.pdf, id=1411, page=4, 845.1575pt x 597.23125pt>
File: 1.pdf Graphic file (type pdf)
 <use 1.pdf, page 4>
Package pdftex.def Info: 1.pdf, page4 used on input line 3.
(pdftex.def)             Requested size: 929.67613pt x 656.95639pt.
File: 1.pdf Graphic file (type pdf)

<use 1.pdf, page 4>
Package pdftex.def Info: 1.pdf, page4 used on input line 3.
(pdftex.def)             Requested size: 929.67613pt x 656.95639pt.
File: 1.pdf Graphic file (type pdf)
 <use 1.pdf, page 4>
Package pdftex.def Info: 1.pdf, page4 used on input line 3.
(pdftex.def)             Requested size: 929.67613pt x 656.95639pt.
 [78 <./1.pdf>]
<1.pdf, id=1424, page=5, 845.1575pt x 597.23125pt>
File: 1.pdf Graphic file (type pdf)
 <use 1.pdf, page 5>
Package pdftex.def Info: 1.pdf, page5 used on input line 3.
(pdftex.def)             Requested size: 929.67613pt x 656.95639pt.
File: 1.pdf Graphic file (type pdf)

<use 1.pdf, page 5>
Package pdftex.def Info: 1.pdf, page5 used on input line 3.
(pdftex.def)             Requested size: 929.67613pt x 656.95639pt.
File: 1.pdf Graphic file (type pdf)
 <use 1.pdf, page 5>
Package pdftex.def Info: 1.pdf, page5 used on input line 3.
(pdftex.def)             Requested size: 929.67613pt x 656.95639pt.
 [79 <./1.pdf>]
<1.pdf, id=1433, page=6, 845.1575pt x 597.23125pt>
File: 1.pdf Graphic file (type pdf)
 <use 1.pdf, page 6>
Package pdftex.def Info: 1.pdf, page6 used on input line 3.
(pdftex.def)             Requested size: 929.67613pt x 656.95639pt.
File: 1.pdf Graphic file (type pdf)

<use 1.pdf, page 6>
Package pdftex.def Info: 1.pdf, page6 used on input line 3.
(pdftex.def)             Requested size: 929.67613pt x 656.95639pt.
File: 1.pdf Graphic file (type pdf)
 <use 1.pdf, page 6>
Package pdftex.def Info: 1.pdf, page6 used on input line 3.
(pdftex.def)             Requested size: 929.67613pt x 656.95639pt.
 [80 <./1.pdf>]
<1.pdf, id=1443, page=7, 845.1575pt x 597.23125pt>
File: 1.pdf Graphic file (type pdf)
 <use 1.pdf, page 7>
Package pdftex.def Info: 1.pdf, page7 used on input line 3.
(pdftex.def)             Requested size: 929.67613pt x 656.95639pt.
File: 1.pdf Graphic file (type pdf)

<use 1.pdf, page 7>
Package pdftex.def Info: 1.pdf, page7 used on input line 3.
(pdftex.def)             Requested size: 929.67613pt x 656.95639pt.
File: 1.pdf Graphic file (type pdf)
 <use 1.pdf, page 7>
Package pdftex.def Info: 1.pdf, page7 used on input line 3.
(pdftex.def)             Requested size: 929.67613pt x 656.95639pt.
 [81 <./1.pdf>]
<1.pdf, id=1456, page=8, 845.1575pt x 597.23125pt>
File: 1.pdf Graphic file (type pdf)
 <use 1.pdf, page 8>
Package pdftex.def Info: 1.pdf, page8 used on input line 3.
(pdftex.def)             Requested size: 929.67613pt x 656.95639pt.
File: 1.pdf Graphic file (type pdf)

<use 1.pdf, page 8>
Package pdftex.def Info: 1.pdf, page8 used on input line 3.
(pdftex.def)             Requested size: 929.67613pt x 656.95639pt.
File: 1.pdf Graphic file (type pdf)
 <use 1.pdf, page 8>
Package pdftex.def Info: 1.pdf, page8 used on input line 3.
(pdftex.def)             Requested size: 929.67613pt x 656.95639pt.
 [82 <./1.pdf>]
<1.pdf, id=1481, page=9, 845.1575pt x 597.23125pt>
File: 1.pdf Graphic file (type pdf)
 <use 1.pdf, page 9>
Package pdftex.def Info: 1.pdf, page9 used on input line 3.
(pdftex.def)             Requested size: 929.67613pt x 656.95639pt.
File: 1.pdf Graphic file (type pdf)

<use 1.pdf, page 9>
Package pdftex.def Info: 1.pdf, page9 used on input line 3.
(pdftex.def)             Requested size: 929.67613pt x 656.95639pt.
File: 1.pdf Graphic file (type pdf)
 <use 1.pdf, page 9>
Package pdftex.def Info: 1.pdf, page9 used on input line 3.
(pdftex.def)             Requested size: 929.67613pt x 656.95639pt.
 [83 <./1.pdf>]
<1.pdf, id=1494, page=10, 845.1575pt x 597.23125pt>
File: 1.pdf Graphic file (type pdf)
 <use 1.pdf, page 10>
Package pdftex.def Info: 1.pdf, page10 used on input line 3.
(pdftex.def)             Requested size: 929.67613pt x 656.95639pt.
File: 1.pdf Graphic file (type pdf)

<use 1.pdf, page 10>
Package pdftex.def Info: 1.pdf, page10 used on input line 3.
(pdftex.def)             Requested size: 929.67613pt x 656.95639pt.
File: 1.pdf Graphic file (type pdf)
 <use 1.pdf, page 10>
Package pdftex.def Info: 1.pdf, page10 used on input line 3.
(pdftex.def)             Requested size: 929.67613pt x 656.95639pt.
 [84 <./1.pdf>]
<1.pdf, id=1511, page=11, 845.1575pt x 597.23125pt>
File: 1.pdf Graphic file (type pdf)
 <use 1.pdf, page 11>
Package pdftex.def Info: 1.pdf, page11 used on input line 3.
(pdftex.def)             Requested size: 929.67613pt x 656.95639pt.
File: 1.pdf Graphic file (type pdf)

<use 1.pdf, page 11>
Package pdftex.def Info: 1.pdf, page11 used on input line 3.
(pdftex.def)             Requested size: 929.67613pt x 656.95639pt.
File: 1.pdf Graphic file (type pdf)
 <use 1.pdf, page 11>
Package pdftex.def Info: 1.pdf, page11 used on input line 3.
(pdftex.def)             Requested size: 929.67613pt x 656.95639pt.
 [85 <./1.pdf>]
<1.pdf, id=1533, page=12, 845.1575pt x 597.23125pt>
File: 1.pdf Graphic file (type pdf)
 <use 1.pdf, page 12>
Package pdftex.def Info: 1.pdf, page12 used on input line 3.
(pdftex.def)             Requested size: 929.67613pt x 656.95639pt.
File: 1.pdf Graphic file (type pdf)

<use 1.pdf, page 12>
Package pdftex.def Info: 1.pdf, page12 used on input line 3.
(pdftex.def)             Requested size: 929.67613pt x 656.95639pt.
File: 1.pdf Graphic file (type pdf)
 <use 1.pdf, page 12>
Package pdftex.def Info: 1.pdf, page12 used on input line 3.
(pdftex.def)             Requested size: 929.67613pt x 656.95639pt.
 [86 <./1.pdf>]
<1.pdf, id=1547, page=13, 845.1575pt x 597.23125pt>
File: 1.pdf Graphic file (type pdf)
 <use 1.pdf, page 13>
Package pdftex.def Info: 1.pdf, page13 used on input line 3.
(pdftex.def)             Requested size: 929.67613pt x 656.95639pt.
File: 1.pdf Graphic file (type pdf)

<use 1.pdf, page 13>
Package pdftex.def Info: 1.pdf, page13 used on input line 3.
(pdftex.def)             Requested size: 929.67613pt x 656.95639pt.
File: 1.pdf Graphic file (type pdf)
 <use 1.pdf, page 13>
Package pdftex.def Info: 1.pdf, page13 used on input line 3.
(pdftex.def)             Requested size: 929.67613pt x 656.95639pt.
 [87 <./1.pdf>]
<1.pdf, id=1560, page=14, 845.1575pt x 597.23125pt>
File: 1.pdf Graphic file (type pdf)
 <use 1.pdf, page 14>
Package pdftex.def Info: 1.pdf, page14 used on input line 3.
(pdftex.def)             Requested size: 929.67613pt x 656.95639pt.
File: 1.pdf Graphic file (type pdf)

<use 1.pdf, page 14>
Package pdftex.def Info: 1.pdf, page14 used on input line 3.
(pdftex.def)             Requested size: 929.67613pt x 656.95639pt.
File: 1.pdf Graphic file (type pdf)
 <use 1.pdf, page 14>
Package pdftex.def Info: 1.pdf, page14 used on input line 3.
(pdftex.def)             Requested size: 929.67613pt x 656.95639pt.
 [88 <./1.pdf>]
<1.pdf, id=1577, page=15, 845.1575pt x 597.23125pt>
File: 1.pdf Graphic file (type pdf)
 <use 1.pdf, page 15>
Package pdftex.def Info: 1.pdf, page15 used on input line 3.
(pdftex.def)             Requested size: 929.67613pt x 656.95639pt.
File: 1.pdf Graphic file (type pdf)

<use 1.pdf, page 15>
Package pdftex.def Info: 1.pdf, page15 used on input line 3.
(pdftex.def)             Requested size: 929.67613pt x 656.95639pt.
File: 1.pdf Graphic file (type pdf)
 <use 1.pdf, page 15>
Package pdftex.def Info: 1.pdf, page15 used on input line 3.
(pdftex.def)             Requested size: 929.67613pt x 656.95639pt.
 [89 <./1.pdf>]
<1.pdf, id=1594, page=16, 845.1575pt x 597.23125pt>
File: 1.pdf Graphic file (type pdf)
 <use 1.pdf, page 16>
Package pdftex.def Info: 1.pdf, page16 used on input line 3.
(pdftex.def)             Requested size: 929.67613pt x 656.95639pt.
File: 1.pdf Graphic file (type pdf)

<use 1.pdf, page 16>
Package pdftex.def Info: 1.pdf, page16 used on input line 3.
(pdftex.def)             Requested size: 929.67613pt x 656.95639pt.
File: 1.pdf Graphic file (type pdf)
 <use 1.pdf, page 16>
Package pdftex.def Info: 1.pdf, page16 used on input line 3.
(pdftex.def)             Requested size: 929.67613pt x 656.95639pt.
 [90 <./1.pdf>]
<1.pdf, id=1607, page=17, 845.1575pt x 597.23125pt>
File: 1.pdf Graphic file (type pdf)
 <use 1.pdf, page 17>
Package pdftex.def Info: 1.pdf, page17 used on input line 3.
(pdftex.def)             Requested size: 929.67613pt x 656.95639pt.
File: 1.pdf Graphic file (type pdf)

<use 1.pdf, page 17>
Package pdftex.def Info: 1.pdf, page17 used on input line 3.
(pdftex.def)             Requested size: 929.67613pt x 656.95639pt.
File: 1.pdf Graphic file (type pdf)
 <use 1.pdf, page 17>
Package pdftex.def Info: 1.pdf, page17 used on input line 3.
(pdftex.def)             Requested size: 929.67613pt x 656.95639pt.
 [91 <./1.pdf>]
<1.pdf, id=1624, page=18, 845.1575pt x 597.23125pt>
File: 1.pdf Graphic file (type pdf)
 <use 1.pdf, page 18>
Package pdftex.def Info: 1.pdf, page18 used on input line 3.
(pdftex.def)             Requested size: 929.67613pt x 656.95639pt.
File: 1.pdf Graphic file (type pdf)

<use 1.pdf, page 18>
Package pdftex.def Info: 1.pdf, page18 used on input line 3.
(pdftex.def)             Requested size: 929.67613pt x 656.95639pt.
File: 1.pdf Graphic file (type pdf)
 <use 1.pdf, page 18>
Package pdftex.def Info: 1.pdf, page18 used on input line 3.
(pdftex.def)             Requested size: 929.67613pt x 656.95639pt.
 [92 <./1.pdf>]
<1.pdf, id=1638, page=19, 845.1575pt x 597.23125pt>
File: 1.pdf Graphic file (type pdf)
 <use 1.pdf, page 19>
Package pdftex.def Info: 1.pdf, page19 used on input line 3.
(pdftex.def)             Requested size: 929.67613pt x 656.95639pt.
File: 1.pdf Graphic file (type pdf)

<use 1.pdf, page 19>
Package pdftex.def Info: 1.pdf, page19 used on input line 3.
(pdftex.def)             Requested size: 929.67613pt x 656.95639pt.
File: 1.pdf Graphic file (type pdf)
 <use 1.pdf, page 19>
Package pdftex.def Info: 1.pdf, page19 used on input line 3.
(pdftex.def)             Requested size: 929.67613pt x 656.95639pt.
 [93 <./1.pdf>]
<1.pdf, id=1651, page=20, 845.1575pt x 597.23125pt>
File: 1.pdf Graphic file (type pdf)
 <use 1.pdf, page 20>
Package pdftex.def Info: 1.pdf, page20 used on input line 3.
(pdftex.def)             Requested size: 929.67613pt x 656.95639pt.
File: 1.pdf Graphic file (type pdf)

<use 1.pdf, page 20>
Package pdftex.def Info: 1.pdf, page20 used on input line 3.
(pdftex.def)             Requested size: 929.67613pt x 656.95639pt.
File: 1.pdf Graphic file (type pdf)
 <use 1.pdf, page 20>
Package pdftex.def Info: 1.pdf, page20 used on input line 3.
(pdftex.def)             Requested size: 929.67613pt x 656.95639pt.
 [94 <./1.pdf>]) (./mythesis.bbl
[95

]
Missing character: There is no ‚ in font cmr10!
Missing character: There is no Ä in font cmr10!
Missing character: There is no ô in font cmr10!
 [96] [97] [98]
Missing character: There is no ‚ in font cmr10!
Missing character: There is no Ä in font cmr10!
Missing character: There is no î in font cmr10!
 [99] [100]) [101] [102

]
Package atveryend Info: Empty hook `BeforeClearDocument' on input line 282.
Package atveryend Info: Empty hook `AfterLastShipout' on input line 282.
 (./mythesis.aux)
Package atveryend Info: Executing hook `AtVeryEndDocument' on input line 282.
Package atveryend Info: Executing hook `AtEndAfterFileList' on input line 282.
Package rerunfilecheck Info: File `mythesis.out' has not changed.
(rerunfilecheck)             Checksum: 4A2FDDC7078BCCF3F4977BCBBD5DDA95;3534.


LaTeX Warning: There were undefined references.


LaTeX Warning: There were multiply-defined labels.

Package atveryend Info: Empty hook `AtVeryVeryEnd' on input line 282.
 ) 
Here is how much of TeX's memory you used:
 19586 strings out of 493304
 339901 string characters out of 6139872
 479937 words of memory out of 5000000
 22236 multiletter control sequences out of 15000+600000
 13921 words of font info for 50 fonts, out of 8000000 for 9000
 957 hyphenation exceptions out of 8191
 56i,19n,55p,1558b,639s stack positions out of 5000i,500n,10000p,200000b,80000s
</usr/share/texlive/texmf-dist/fonts/type1/public/amsfonts/cm/cmbsy10.pfb></u
sr/share/texlive/texmf-dist/fonts/type1/public/amsfonts/cmextra/cmbsy6.pfb></us
r/share/texlive/texmf-dist/fonts/type1/public/amsfonts/cmextra/cmbsy8.pfb></usr
/share/texlive/texmf-dist/fonts/type1/public/amsfonts/cm/cmbx10.pfb></usr/share
/texlive/texmf-dist/fonts/type1/public/amsfonts/cm/cmbx12.pfb></usr/share/texli
ve/texmf-dist/fonts/type1/public/amsfonts/cm/cmbx8.pfb></usr/share/texlive/texm
f-dist/fonts/type1/public/amsfonts/cm/cmex10.pfb></usr/share/texlive/texmf-dist
/fonts/type1/public/amsfonts/cm/cmmi10.pfb></usr/share/texlive/texmf-dist/fonts
/type1/public/amsfonts/cm/cmmi6.pfb></usr/share/texlive/texmf-dist/fonts/type1/
public/amsfonts/cm/cmmi8.pfb></usr/share/texlive/texmf-dist/fonts/type1/public/
amsfonts/cm/cmmib10.pfb></usr/share/texlive/texmf-dist/fonts/type1/public/amsfo
nts/cmextra/cmmib8.pfb></usr/share/texlive/texmf-dist/fonts/type1/public/amsfon
ts/cm/cmr10.pfb></usr/share/texlive/texmf-dist/fonts/type1/public/amsfonts/cm/c
mr6.pfb></usr/share/texlive/texmf-dist/fonts/type1/public/amsfonts/cm/cmr8.pfb>
</usr/share/texlive/texmf-dist/fonts/type1/public/amsfonts/cm/cmsy10.pfb></usr/
share/texlive/texmf-dist/fonts/type1/public/amsfonts/cm/cmsy6.pfb></usr/share/t
exlive/texmf-dist/fonts/type1/public/amsfonts/cm/cmsy8.pfb></usr/share/texlive/
texmf-dist/fonts/type1/public/amsfonts/cm/cmti10.pfb></usr/share/texlive/texmf-
dist/fonts/type1/public/amsfonts/symbols/msbm10.pfb>
Output written on mythesis.pdf (113 pages, 2199836 bytes).
PDF statistics:
 1856 PDF objects out of 2073 (max. 8388607)
 1506 compressed objects within 16 object streams
 401 named destinations out of 1000 (max. 500000)
 682 words of extra memory for PDF output out of 10000 (max. 10000000)

