\BOOKMARK [0][-]{MainTitlePage.0}{Title Page}{}% 1
\BOOKMARK [0][-]{contents.0}{Table of Contents}{}% 2
\BOOKMARK [1][-]{chapter*.3}{List of Tables}{contents.0}% 3
\BOOKMARK [1][-]{chapter*.4}{List of Figures}{contents.0}% 4
\BOOKMARK [1][-]{chapter*.5}{Abstract}{contents.0}% 5
\BOOKMARK [0][-]{chapter.1}{1 Introduction}{}% 6
\BOOKMARK [1][-]{section.1.1}{1.1 High frequency trading system}{chapter.1}% 7
\BOOKMARK [2][-]{subsection.1.1.1}{1.1.1 Evolution of high-frequency trading}{section.1.1}% 8
\BOOKMARK [2][-]{subsection.1.1.2}{1.1.2 High frequency trading strategies}{section.1.1}% 9
\BOOKMARK [1][-]{section.1.2}{1.2 Limit order book dynamics}{chapter.1}% 10
\BOOKMARK [1][-]{section.1.3}{1.3 Ensemble method for classifiers}{chapter.1}% 11
\BOOKMARK [1][-]{section.1.4}{1.4 Purpose of the dissertation}{chapter.1}% 12
\BOOKMARK [0][-]{chapter.2}{2 Literature Review}{}% 13
\BOOKMARK [1][-]{section.2.1}{2.1 Limit order book dynamics and modeling}{chapter.2}% 14
\BOOKMARK [1][-]{section.2.2}{2.2 Machine learning methods on capturing limit order book dynamics}{chapter.2}% 15
\BOOKMARK [0][-]{chapter.3}{3 Mathematical description and statistical properties of limit order books }{}% 16
\BOOKMARK [1][-]{section.3.1}{3.1 Mathematical descriptions of LOBs}{chapter.3}% 17
\BOOKMARK [1][-]{section.3.2}{3.2 Properties of LOBs}{chapter.3}% 18
\BOOKMARK [2][-]{subsection.3.2.1}{3.2.1 Time of arrivals of orders}{section.3.2}% 19
\BOOKMARK [2][-]{subsection.3.2.2}{3.2.2 Volume of orders}{section.3.2}% 20
\BOOKMARK [2][-]{subsection.3.2.3}{3.2.3 Placement of orders}{section.3.2}% 21
\BOOKMARK [2][-]{subsection.3.2.4}{3.2.4 Intraday seasonality}{section.3.2}% 22
\BOOKMARK [2][-]{subsection.3.2.5}{3.2.5 Average shape of the order book}{section.3.2}% 23
\BOOKMARK [0][-]{chapter.4}{4 Basic machine learning schemes}{}% 24
\BOOKMARK [1][-]{section.4.1}{4.1 Logistic regression}{chapter.4}% 25
\BOOKMARK [1][-]{section.4.2}{4.2 Lasso regression and ridge regression}{chapter.4}% 26
\BOOKMARK [1][-]{section.4.3}{4.3 Support vector machine}{chapter.4}% 27
\BOOKMARK [1][-]{section.4.4}{4.4 Decision tree}{chapter.4}% 28
\BOOKMARK [0][-]{chapter.5}{5 Ensemble methods for prediction}{}% 29
\BOOKMARK [1][-]{section.5.1}{5.1 An introduction of ensemble methods}{chapter.5}% 30
\BOOKMARK [1][-]{section.5.2}{5.2 Bagging}{chapter.5}% 31
\BOOKMARK [1][-]{section.5.3}{5.3 Adaboost learning scheme}{chapter.5}% 32
\BOOKMARK [1][-]{section.5.4}{5.4 Random Forest}{chapter.5}% 33
\BOOKMARK [0][-]{chapter.6}{6 Model framework and results}{}% 34
\BOOKMARK [1][-]{section.6.1}{6.1 Review of limit order books}{chapter.6}% 35
\BOOKMARK [1][-]{section.6.2}{6.2 Data description}{chapter.6}% 36
\BOOKMARK [2][-]{subsection.6.2.1}{6.2.1 Limit order and Message order}{section.6.2}% 37
\BOOKMARK [2][-]{subsection.6.2.2}{6.2.2 Features}{section.6.2}% 38
\BOOKMARK [2][-]{subsection.6.2.3}{6.2.3 Order price,order book volume, and order book type}{section.6.2}% 39
\BOOKMARK [1][-]{section.6.3}{6.3 Model framework}{chapter.6}% 40
\BOOKMARK [1][-]{section.6.4}{6.4 Model measurement and numerical results}{chapter.6}% 41
\BOOKMARK [1][-]{section.6.5}{6.5 Feature importance}{chapter.6}% 42
\BOOKMARK [1][-]{section.6.6}{6.6 Trading strategy}{chapter.6}% 43
\BOOKMARK [0][-]{appendix.A}{Appendix}{}% 44
\BOOKMARK [0][-]{appendix.A}{A Two classes arbitrage prediction results}{}% 45
\BOOKMARK [0][-]{appendix.B}{B Main part of code}{}% 46
\BOOKMARK [0][-]{appendix*.6}{Bibliography}{}% 47
\BOOKMARK [0][-]{appendix*.7}{Biographical Sketch}{}% 48
