This is pdfTeX, Version 3.1415926-2.5-1.40.14 (TeX Live 2013/Debian) (format=pdflatex 2017.6.7)  2 JAN 2018 12:26
entering extended mode
 restricted \write18 enabled.
 %&-line parsing enabled.
**mythesis.tex
(./mythesis.tex
LaTeX2e <2011/06/27>
Babel <3.9h> and hyphenation patterns for 78 languages loaded.
(./fsuthesis.cls
Document Class: fsuthesis 2016/01/12 v3.7.0 (FSU LaTeX document class for These
s/Dissertations maintained by Bret Whissel, bwhissel@fsu.edu)
(/usr/share/texlive/texmf-dist/tex/latex/base/report.cls
Document Class: report 2007/10/19 v1.4h Standard LaTeX document class
(/usr/share/texlive/texmf-dist/tex/latex/base/size11.clo
File: size11.clo 2007/10/19 v1.4h Standard LaTeX file (size option)
)
\c@part=\count79
\c@chapter=\count80
\c@section=\count81
\c@subsection=\count82
\c@subsubsection=\count83
\c@paragraph=\count84
\c@subparagraph=\count85
\c@figure=\count86
\c@table=\count87
\abovecaptionskip=\skip41
\belowcaptionskip=\skip42
\bibindent=\dimen102
)
(/usr/share/texlive/texmf-dist/tex/generic/oberdiek/ifpdf.sty
Package: ifpdf 2011/01/30 v2.3 Provides the ifpdf switch (HO)
Package ifpdf Info: pdfTeX in PDF mode is detected.
)
\evenoddoffset=\skip43
\adjbaselineskip=\skip44
\listbaselineskip=\skip45
\commwidth=\skip46
\commskip=\skip47
\listspenalty=\count88
\c@musex=\count89
\refitemsep=\skip48
\refindent=\skip49
\chapheadskip=\skip50
\fcapindent=\skip51
)
(/usr/share/texlive/texmf-dist/tex/latex/natbib/natbib.sty
Package: natbib 2010/09/13 8.31b (PWD, AO)
\bibhang=\skip52
\bibsep=\skip53
LaTeX Info: Redefining \cite on input line 694.
\c@NAT@ctr=\count90
)
(/usr/share/texlive/texmf-dist/tex/latex/amsmath/amsmath.sty
Package: amsmath 2013/01/14 v2.14 AMS math features
\@mathmargin=\skip54

For additional information on amsmath, use the `?' option.
(/usr/share/texlive/texmf-dist/tex/latex/amsmath/amstext.sty
Package: amstext 2000/06/29 v2.01

(/usr/share/texlive/texmf-dist/tex/latex/amsmath/amsgen.sty
File: amsgen.sty 1999/11/30 v2.0
\@emptytoks=\toks14
\ex@=\dimen103
))
(/usr/share/texlive/texmf-dist/tex/latex/amsmath/amsbsy.sty
Package: amsbsy 1999/11/29 v1.2d
\pmbraise@=\dimen104
)
(/usr/share/texlive/texmf-dist/tex/latex/amsmath/amsopn.sty
Package: amsopn 1999/12/14 v2.01 operator names
)
\inf@bad=\count91
LaTeX Info: Redefining \frac on input line 210.
\uproot@=\count92
\leftroot@=\count93
LaTeX Info: Redefining \overline on input line 306.
\classnum@=\count94
\DOTSCASE@=\count95
LaTeX Info: Redefining \ldots on input line 378.
LaTeX Info: Redefining \dots on input line 381.
LaTeX Info: Redefining \cdots on input line 466.
\Mathstrutbox@=\box26
\strutbox@=\box27
\big@size=\dimen105
LaTeX Font Info:    Redeclaring font encoding OML on input line 566.
LaTeX Font Info:    Redeclaring font encoding OMS on input line 567.
\macc@depth=\count96
\c@MaxMatrixCols=\count97
\dotsspace@=\muskip10
\c@parentequation=\count98
\dspbrk@lvl=\count99
\tag@help=\toks15
\row@=\count100
\column@=\count101
\maxfields@=\count102
\andhelp@=\toks16
\eqnshift@=\dimen106
\alignsep@=\dimen107
\tagshift@=\dimen108
\tagwidth@=\dimen109
\totwidth@=\dimen110
\lineht@=\dimen111
\@envbody=\toks17
\multlinegap=\skip55
\multlinetaggap=\skip56
\mathdisplay@stack=\toks18
LaTeX Info: Redefining \[ on input line 2665.
LaTeX Info: Redefining \] on input line 2666.
)
(/usr/share/texlive/texmf-dist/tex/latex/tools/bm.sty
Package: bm 2004/02/26 v1.1c Bold Symbol Support (DPC/FMi)
\symboldoperators=\mathgroup4
\symboldletters=\mathgroup5
\symboldsymbols=\mathgroup6
LaTeX Font Info:    Redeclaring math alphabet \mathbf on input line 138.
LaTeX Info: Redefining \bm on input line 204.
)
(/usr/share/texlive/texmf-dist/tex/latex/amsfonts/amsfonts.sty
Package: amsfonts 2013/01/14 v3.01 Basic AMSFonts support
\symAMSa=\mathgroup7
\symAMSb=\mathgroup8
LaTeX Font Info:    Overwriting math alphabet `\mathfrak' in version `bold'
(Font)                  U/euf/m/n --> U/euf/b/n on input line 106.
)
\c@thm=\count103
\c@defn=\count104
\c@conj=\count105
\c@exmp=\count106

(/usr/share/texlive/texmf-dist/tex/latex/mflogo/mflogo.sty
Package: mflogo 1999/03/10 v2.0 LaTeX package for Metafont and MetaPost logos
)
(/usr/share/texlive/texmf-dist/tex/latex/pdfpages/pdfpages.sty
Package: pdfpages 2013/08/25 v0.4v Insert pages of external PDF documents (AM)

(/usr/share/texlive/texmf-dist/tex/latex/base/ifthen.sty
Package: ifthen 2001/05/26 v1.1c Standard LaTeX ifthen package (DPC)
)
(/usr/share/texlive/texmf-dist/tex/latex/tools/calc.sty
Package: calc 2007/08/22 v4.3 Infix arithmetic (KKT,FJ)
\calc@Acount=\count107
\calc@Bcount=\count108
\calc@Adimen=\dimen112
\calc@Bdimen=\dimen113
\calc@Askip=\skip57
\calc@Bskip=\skip58
LaTeX Info: Redefining \setlength on input line 76.
LaTeX Info: Redefining \addtolength on input line 77.
\calc@Ccount=\count109
\calc@Cskip=\skip59
)
(/usr/share/texlive/texmf-dist/tex/latex/eso-pic/eso-pic.sty
Package: eso-pic 2013/10/06 v2.0d eso-pic (RN)

(/usr/share/texlive/texmf-dist/tex/generic/oberdiek/atbegshi.sty
Package: atbegshi 2011/10/05 v1.16 At begin shipout hook (HO)

(/usr/share/texlive/texmf-dist/tex/generic/oberdiek/infwarerr.sty
Package: infwarerr 2010/04/08 v1.3 Providing info/warning/error messages (HO)
)
(/usr/share/texlive/texmf-dist/tex/generic/oberdiek/ltxcmds.sty
Package: ltxcmds 2011/11/09 v1.22 LaTeX kernel commands for general use (HO)
))
(/usr/share/texlive/texmf-dist/tex/latex/graphics/keyval.sty
Package: keyval 1999/03/16 v1.13 key=value parser (DPC)
\KV@toks@=\toks19
)
(/usr/share/texmf/tex/latex/xcolor/xcolor.sty
Package: xcolor 2007/01/21 v2.11 LaTeX color extensions (UK)

(/usr/share/texlive/texmf-dist/tex/latex/latexconfig/color.cfg
File: color.cfg 2007/01/18 v1.5 color configuration of teTeX/TeXLive
)
Package xcolor Info: Driver file: pdftex.def on input line 225.

(/usr/share/texlive/texmf-dist/tex/latex/pdftex-def/pdftex.def
File: pdftex.def 2011/05/27 v0.06d Graphics/color for pdfTeX
\Gread@gobject=\count110
)
Package xcolor Info: Model `cmy' substituted by `cmy0' on input line 1337.
Package xcolor Info: Model `hsb' substituted by `rgb' on input line 1341.
Package xcolor Info: Model `RGB' extended on input line 1353.
Package xcolor Info: Model `HTML' substituted by `rgb' on input line 1355.
Package xcolor Info: Model `Hsb' substituted by `hsb' on input line 1356.
Package xcolor Info: Model `tHsb' substituted by `hsb' on input line 1357.
Package xcolor Info: Model `HSB' substituted by `hsb' on input line 1358.
Package xcolor Info: Model `Gray' substituted by `gray' on input line 1359.
Package xcolor Info: Model `wave' substituted by `hsb' on input line 1360.
))
(/usr/share/texlive/texmf-dist/tex/latex/graphics/graphicx.sty
Package: graphicx 1999/02/16 v1.0f Enhanced LaTeX Graphics (DPC,SPQR)

(/usr/share/texlive/texmf-dist/tex/latex/graphics/graphics.sty
Package: graphics 2009/02/05 v1.0o Standard LaTeX Graphics (DPC,SPQR)

(/usr/share/texlive/texmf-dist/tex/latex/graphics/trig.sty
Package: trig 1999/03/16 v1.09 sin cos tan (DPC)
)
(/usr/share/texlive/texmf-dist/tex/latex/latexconfig/graphics.cfg
File: graphics.cfg 2010/04/23 v1.9 graphics configuration of TeX Live
)
Package graphics Info: Driver file: pdftex.def on input line 91.
)
\Gin@req@height=\dimen114
\Gin@req@width=\dimen115
)
(/usr/share/texlive/texmf-dist/tex/latex/pdfpages/pppdftex.def
File: pppdftex.def 2013/08/25 v0.4v Pdfpages driver for pdfTeX (AM)
)
\AM@pagebox=\box28
\AM@toc@title=\toks20
\c@AM@survey=\count111
\AM@templatesizebox=\box29
)
(/usr/share/texlive/texmf-dist/tex/latex/textcase/textcase.sty
Package: textcase 2004/10/07 v0.07 Text only upper/lower case changing (DPC)
)

! LaTeX Error: Option clash for package graphicx.

See the LaTeX manual or LaTeX Companion for explanation.
Type  H <return>  for immediate help.
 ...                                              
                                                  
l.110   \usepackage
                   {color}
The package graphicx has already been loaded with options:
  []
There has now been an attempt to load it with options
  [pdftex]
Adding the global options:
  ,pdftex
to your \documentclass declaration may fix this.
Try typing  <return>  to proceed.

(/usr/share/texlive/texmf-dist/tex/latex/amsfonts/amssymb.sty
Package: amssymb 2013/01/14 v3.01 AMS font symbols
)
(/usr/share/texlive/texmf-dist/tex/latex/doublestroke/dsfont.sty
Package: dsfont 1995/08/01 v0.1 Double stroke roman fonts
)
(/usr/share/texlive/texmf-dist/tex/latex/hyperref/hyperref.sty
Package: hyperref 2012/11/06 v6.83m Hypertext links for LaTeX

(/usr/share/texlive/texmf-dist/tex/generic/oberdiek/hobsub-hyperref.sty
Package: hobsub-hyperref 2012/05/28 v1.13 Bundle oberdiek, subset hyperref (HO)


(/usr/share/texlive/texmf-dist/tex/generic/oberdiek/hobsub-generic.sty
Package: hobsub-generic 2012/05/28 v1.13 Bundle oberdiek, subset generic (HO)
Package: hobsub 2012/05/28 v1.13 Construct package bundles (HO)
Package hobsub Info: Skipping package `infwarerr' (already loaded).
Package hobsub Info: Skipping package `ltxcmds' (already loaded).
Package: ifluatex 2010/03/01 v1.3 Provides the ifluatex switch (HO)
Package ifluatex Info: LuaTeX not detected.
Package: ifvtex 2010/03/01 v1.5 Detect VTeX and its facilities (HO)
Package ifvtex Info: VTeX not detected.
Package: intcalc 2007/09/27 v1.1 Expandable calculations with integers (HO)
Package hobsub Info: Skipping package `ifpdf' (already loaded).
Package: etexcmds 2011/02/16 v1.5 Avoid name clashes with e-TeX commands (HO)
Package etexcmds Info: Could not find \expanded.
(etexcmds)             That can mean that you are not using pdfTeX 1.50 or
(etexcmds)             that some package has redefined \expanded.
(etexcmds)             In the latter case, load this package earlier.
Package: kvsetkeys 2012/04/25 v1.16 Key value parser (HO)
Package: kvdefinekeys 2011/04/07 v1.3 Define keys (HO)
Package: pdftexcmds 2011/11/29 v0.20 Utility functions of pdfTeX for LuaTeX (HO
)
Package pdftexcmds Info: LuaTeX not detected.
Package pdftexcmds Info: \pdf@primitive is available.
Package pdftexcmds Info: \pdf@ifprimitive is available.
Package pdftexcmds Info: \pdfdraftmode found.
Package: pdfescape 2011/11/25 v1.13 Implements pdfTeX's escape features (HO)
Package: bigintcalc 2012/04/08 v1.3 Expandable calculations on big integers (HO
)
Package: bitset 2011/01/30 v1.1 Handle bit-vector datatype (HO)
Package: uniquecounter 2011/01/30 v1.2 Provide unlimited unique counter (HO)
)
Package hobsub Info: Skipping package `hobsub' (already loaded).
Package: letltxmacro 2010/09/02 v1.4 Let assignment for LaTeX macros (HO)
Package: hopatch 2012/05/28 v1.2 Wrapper for package hooks (HO)
Package: xcolor-patch 2011/01/30 xcolor patch
Package: atveryend 2011/06/30 v1.8 Hooks at the very end of document (HO)
Package atveryend Info: \enddocument detected (standard20110627).
Package hobsub Info: Skipping package `atbegshi' (already loaded).
Package: refcount 2011/10/16 v3.4 Data extraction from label references (HO)
Package: hycolor 2011/01/30 v1.7 Color options for hyperref/bookmark (HO)
)
(/usr/share/texlive/texmf-dist/tex/generic/ifxetex/ifxetex.sty
Package: ifxetex 2010/09/12 v0.6 Provides ifxetex conditional
)
(/usr/share/texlive/texmf-dist/tex/latex/oberdiek/auxhook.sty
Package: auxhook 2011/03/04 v1.3 Hooks for auxiliary files (HO)
)
(/usr/share/texlive/texmf-dist/tex/latex/oberdiek/kvoptions.sty
Package: kvoptions 2011/06/30 v3.11 Key value format for package options (HO)
)
\@linkdim=\dimen116
\Hy@linkcounter=\count112
\Hy@pagecounter=\count113

(/usr/share/texlive/texmf-dist/tex/latex/hyperref/pd1enc.def
File: pd1enc.def 2012/11/06 v6.83m Hyperref: PDFDocEncoding definition (HO)
)
\Hy@SavedSpaceFactor=\count114

(/usr/share/texlive/texmf-dist/tex/latex/latexconfig/hyperref.cfg
File: hyperref.cfg 2002/06/06 v1.2 hyperref configuration of TeXLive
)
Package hyperref Info: Option `colorlinks' set `false' on input line 4319.
Package hyperref Info: Option `bookmarks' set `true' on input line 4319.
Package hyperref Info: Option `breaklinks' set `true' on input line 4319.
Package hyperref Info: Option `bookmarksnumbered' set `true' on input line 4319
.
Package hyperref Info: Hyper figures OFF on input line 4443.
Package hyperref Info: Link nesting OFF on input line 4448.
Package hyperref Info: Hyper index ON on input line 4451.
Package hyperref Info: Plain pages OFF on input line 4458.
Package hyperref Info: Backreferencing OFF on input line 4463.
Package hyperref Info: Implicit mode ON; LaTeX internals redefined.
Package hyperref Info: Bookmarks ON on input line 4688.
\c@Hy@tempcnt=\count115

(/usr/share/texlive/texmf-dist/tex/latex/url/url.sty
\Urlmuskip=\muskip11
Package: url 2013/09/16  ver 3.4  Verb mode for urls, etc.
)
LaTeX Info: Redefining \url on input line 5041.
\XeTeXLinkMargin=\dimen117
\Fld@menulength=\count116
\Field@Width=\dimen118
\Fld@charsize=\dimen119
Package hyperref Info: Hyper figures OFF on input line 6295.
Package hyperref Info: Link nesting OFF on input line 6300.
Package hyperref Info: Hyper index ON on input line 6303.
Package hyperref Info: backreferencing OFF on input line 6310.
Package hyperref Info: Link coloring OFF on input line 6315.
Package hyperref Info: Link coloring with OCG OFF on input line 6320.
Package hyperref Info: PDF/A mode OFF on input line 6325.
LaTeX Info: Redefining \ref on input line 6365.
LaTeX Info: Redefining \pageref on input line 6369.
\Hy@abspage=\count117
\c@Item=\count118
\c@Hfootnote=\count119
)

Package hyperref Message: Driver (autodetected): hpdftex.

(/usr/share/texlive/texmf-dist/tex/latex/hyperref/hpdftex.def
File: hpdftex.def 2012/11/06 v6.83m Hyperref driver for pdfTeX
\Fld@listcount=\count120
\c@bookmark@seq@number=\count121

(/usr/share/texlive/texmf-dist/tex/latex/oberdiek/rerunfilecheck.sty
Package: rerunfilecheck 2011/04/15 v1.7 Rerun checks for auxiliary files (HO)
Package uniquecounter Info: New unique counter `rerunfilecheck' on input line 2
82.
)
\Hy@SectionHShift=\skip60
)
(/usr/share/texlive/texmf-dist/tex/latex/algorithm2e/algorithm2e.sty
Package: algorithm2e 2013/01/06 v5.00 algorithms environments
\c@AlgoLine=\count122

(/usr/share/texlive/texmf-dist/tex/latex/tools/xspace.sty
Package: xspace 2009/10/20 v1.13 Space after command names (DPC,MH)
)
(/usr/share/texlive/texmf-dist/tex/latex/relsize/relsize.sty
Package: relsize 2013/03/29 ver 4.1
)
********************************************************
Package `algorithm2e' Release 5.0 -- january 06 2013 --
- algorithm2e-announce@lirmm.fr mailing list for announcement about releases
- algorithm2e-discussion@lirmm.fr mailing list for discussion about package
subscribe by emailing sympa@lirmm.fr with 'subscribe <list> <firstname name>'
- Author: Christophe Fiorio (cfiorio@um2.fr)
********************************************************
\skiptotal=\skip61
\skiplinenumber=\skip62
\skiprule=\skip63
\skiphlne=\skip64
\skiptext=\skip65
\skiplength=\skip66
\algomargin=\skip67
\skipalgocfslide=\skip68
\algowidth=\dimen120
\inoutsize=\dimen121
\inoutindent=\dimen122
\interspacetitleruled=\dimen123
\interspacealgoruled=\dimen124
\interspacetitleboxruled=\dimen125
\algocf@inoutbox=\box30
\algocf@inputbox=\box31
\AlCapSkip=\skip69
\AlCapHSkip=\skip70
\algoskipindent=\skip71
\algocf@nlbox=\box32
\algocf@hangingbox=\box33
\algocf@untilbox=\box34
\algocf@skipuntil=\skip72
\algocf@capbox=\box35
\algoheightruledefault=\skip73
\algoheightrule=\skip74
\algotitleheightruledefault=\skip75
\algotitleheightrule=\skip76
\c@algocfline=\count123
\c@algocfproc=\count124
\c@algocf=\count125
\algocf@algoframe=\box36
\algocf@algobox=\box37
) (/usr/share/texlive/texmf-dist/tex/latex/listings/listings.sty
\lst@mode=\count126
\lst@gtempboxa=\box38
\lst@token=\toks21
\lst@length=\count127
\lst@currlwidth=\dimen126
\lst@column=\count128
\lst@pos=\count129
\lst@lostspace=\dimen127
\lst@width=\dimen128
\lst@newlines=\count130
\lst@lineno=\count131
\lst@maxwidth=\dimen129

(/usr/share/texlive/texmf-dist/tex/latex/listings/lstmisc.sty
File: lstmisc.sty 2013/08/26 1.5b (Carsten Heinz)
\c@lstnumber=\count132
\lst@skipnumbers=\count133
\lst@framebox=\box39
)
(/usr/share/texlive/texmf-dist/tex/latex/listings/listings.cfg
File: listings.cfg 2013/08/26 1.5b listings configuration
))
Package: listings 2013/08/26 1.5b (Carsten Heinz)

(/usr/share/texmf/tex/latex/pgf/frontendlayer/tikz.sty
(/usr/share/texmf/tex/latex/pgf/basiclayer/pgf.sty
(/usr/share/texmf/tex/latex/pgf/utilities/pgfrcs.sty
(/usr/share/texmf/tex/generic/pgf/utilities/pgfutil-common.tex
\pgfutil@everybye=\toks22
)
(/usr/share/texmf/tex/generic/pgf/utilities/pgfutil-latex.def
\pgfutil@abb=\box40

(/usr/share/texlive/texmf-dist/tex/latex/ms/everyshi.sty
Package: everyshi 2001/05/15 v3.00 EveryShipout Package (MS)
))
(/usr/share/texmf/tex/generic/pgf/utilities/pgfrcs.code.tex
Package: pgfrcs 2010/10/25 v2.10 (rcs-revision 1.24)
))
Package: pgf 2008/01/15 v2.10 (rcs-revision 1.12)

(/usr/share/texmf/tex/latex/pgf/basiclayer/pgfcore.sty
(/usr/share/texmf/tex/latex/pgf/systemlayer/pgfsys.sty
(/usr/share/texmf/tex/generic/pgf/systemlayer/pgfsys.code.tex
Package: pgfsys 2010/06/30 v2.10 (rcs-revision 1.37)

(/usr/share/texmf/tex/generic/pgf/utilities/pgfkeys.code.tex
\pgfkeys@pathtoks=\toks23
\pgfkeys@temptoks=\toks24

(/usr/share/texmf/tex/generic/pgf/utilities/pgfkeysfiltered.code.tex
\pgfkeys@tmptoks=\toks25
))
\pgf@x=\dimen130
\pgf@y=\dimen131
\pgf@xa=\dimen132
\pgf@ya=\dimen133
\pgf@xb=\dimen134
\pgf@yb=\dimen135
\pgf@xc=\dimen136
\pgf@yc=\dimen137
\w@pgf@writea=\write3
\r@pgf@reada=\read1
\c@pgf@counta=\count134
\c@pgf@countb=\count135
\c@pgf@countc=\count136
\c@pgf@countd=\count137

(/usr/share/texmf/tex/generic/pgf/systemlayer/pgf.cfg
File: pgf.cfg 2008/05/14  (rcs-revision 1.7)
)
Package pgfsys Info: Driver file for pgf: pgfsys-pdftex.def on input line 900.

(/usr/share/texmf/tex/generic/pgf/systemlayer/pgfsys-pdftex.def
File: pgfsys-pdftex.def 2009/05/22  (rcs-revision 1.26)

(/usr/share/texmf/tex/generic/pgf/systemlayer/pgfsys-common-pdf.def
File: pgfsys-common-pdf.def 2008/05/19  (rcs-revision 1.10)
)))
(/usr/share/texmf/tex/generic/pgf/systemlayer/pgfsyssoftpath.code.tex
File: pgfsyssoftpath.code.tex 2008/07/18  (rcs-revision 1.7)
\pgfsyssoftpath@smallbuffer@items=\count138
\pgfsyssoftpath@bigbuffer@items=\count139
)
(/usr/share/texmf/tex/generic/pgf/systemlayer/pgfsysprotocol.code.tex
File: pgfsysprotocol.code.tex 2006/10/16  (rcs-revision 1.4)
))
(/usr/share/texmf/tex/generic/pgf/basiclayer/pgfcore.code.tex
Package: pgfcore 2010/04/11 v2.10 (rcs-revision 1.7)

(/usr/share/texmf/tex/generic/pgf/math/pgfmath.code.tex
(/usr/share/texmf/tex/generic/pgf/math/pgfmathcalc.code.tex
(/usr/share/texmf/tex/generic/pgf/math/pgfmathutil.code.tex)
(/usr/share/texmf/tex/generic/pgf/math/pgfmathparser.code.tex
\pgfmath@dimen=\dimen138
\pgfmath@count=\count140
\pgfmath@box=\box41
\pgfmath@toks=\toks26
\pgfmath@stack@operand=\toks27
\pgfmath@stack@operation=\toks28
)
(/usr/share/texmf/tex/generic/pgf/math/pgfmathfunctions.code.tex
(/usr/share/texmf/tex/generic/pgf/math/pgfmathfunctions.basic.code.tex)
(/usr/share/texmf/tex/generic/pgf/math/pgfmathfunctions.trigonometric.code.tex)
(/usr/share/texmf/tex/generic/pgf/math/pgfmathfunctions.random.code.tex)
(/usr/share/texmf/tex/generic/pgf/math/pgfmathfunctions.comparison.code.tex)
(/usr/share/texmf/tex/generic/pgf/math/pgfmathfunctions.base.code.tex)
(/usr/share/texmf/tex/generic/pgf/math/pgfmathfunctions.round.code.tex)
(/usr/share/texmf/tex/generic/pgf/math/pgfmathfunctions.misc.code.tex)))
(/usr/share/texmf/tex/generic/pgf/math/pgfmathfloat.code.tex
\c@pgfmathroundto@lastzeros=\count141
))
(/usr/share/texmf/tex/generic/pgf/basiclayer/pgfcorepoints.code.tex
File: pgfcorepoints.code.tex 2010/04/09  (rcs-revision 1.20)
\pgf@picminx=\dimen139
\pgf@picmaxx=\dimen140
\pgf@picminy=\dimen141
\pgf@picmaxy=\dimen142
\pgf@pathminx=\dimen143
\pgf@pathmaxx=\dimen144
\pgf@pathminy=\dimen145
\pgf@pathmaxy=\dimen146
\pgf@xx=\dimen147
\pgf@xy=\dimen148
\pgf@yx=\dimen149
\pgf@yy=\dimen150
\pgf@zx=\dimen151
\pgf@zy=\dimen152
)
(/usr/share/texmf/tex/generic/pgf/basiclayer/pgfcorepathconstruct.code.tex
File: pgfcorepathconstruct.code.tex 2010/08/03  (rcs-revision 1.24)
\pgf@path@lastx=\dimen153
\pgf@path@lasty=\dimen154
)
(/usr/share/texmf/tex/generic/pgf/basiclayer/pgfcorepathusage.code.tex
File: pgfcorepathusage.code.tex 2008/04/22  (rcs-revision 1.12)
\pgf@shorten@end@additional=\dimen155
\pgf@shorten@start@additional=\dimen156
)
(/usr/share/texmf/tex/generic/pgf/basiclayer/pgfcorescopes.code.tex
File: pgfcorescopes.code.tex 2010/09/08  (rcs-revision 1.34)
\pgfpic=\box42
\pgf@hbox=\box43
\pgf@layerbox@main=\box44
\pgf@picture@serial@count=\count142
)
(/usr/share/texmf/tex/generic/pgf/basiclayer/pgfcoregraphicstate.code.tex
File: pgfcoregraphicstate.code.tex 2008/04/22  (rcs-revision 1.9)
\pgflinewidth=\dimen157
)
(/usr/share/texmf/tex/generic/pgf/basiclayer/pgfcoretransformations.code.tex
File: pgfcoretransformations.code.tex 2009/06/10  (rcs-revision 1.11)
\pgf@pt@x=\dimen158
\pgf@pt@y=\dimen159
\pgf@pt@temp=\dimen160
)
(/usr/share/texmf/tex/generic/pgf/basiclayer/pgfcorequick.code.tex
File: pgfcorequick.code.tex 2008/10/09  (rcs-revision 1.3)
)
(/usr/share/texmf/tex/generic/pgf/basiclayer/pgfcoreobjects.code.tex
File: pgfcoreobjects.code.tex 2006/10/11  (rcs-revision 1.2)
)
(/usr/share/texmf/tex/generic/pgf/basiclayer/pgfcorepathprocessing.code.tex
File: pgfcorepathprocessing.code.tex 2008/10/09  (rcs-revision 1.8)
)
(/usr/share/texmf/tex/generic/pgf/basiclayer/pgfcorearrows.code.tex
File: pgfcorearrows.code.tex 2008/04/23  (rcs-revision 1.11)
)
(/usr/share/texmf/tex/generic/pgf/basiclayer/pgfcoreshade.code.tex
File: pgfcoreshade.code.tex 2008/11/23  (rcs-revision 1.13)
\pgf@max=\dimen161
\pgf@sys@shading@range@num=\count143
)
(/usr/share/texmf/tex/generic/pgf/basiclayer/pgfcoreimage.code.tex
File: pgfcoreimage.code.tex 2010/03/25  (rcs-revision 1.16)

(/usr/share/texmf/tex/generic/pgf/basiclayer/pgfcoreexternal.code.tex
File: pgfcoreexternal.code.tex 2010/09/01  (rcs-revision 1.17)
\pgfexternal@startupbox=\box45
))
(/usr/share/texmf/tex/generic/pgf/basiclayer/pgfcorelayers.code.tex
File: pgfcorelayers.code.tex 2010/08/27  (rcs-revision 1.2)
)
(/usr/share/texmf/tex/generic/pgf/basiclayer/pgfcoretransparency.code.tex
File: pgfcoretransparency.code.tex 2008/01/17  (rcs-revision 1.2)
)
(/usr/share/texmf/tex/generic/pgf/basiclayer/pgfcorepatterns.code.tex
File: pgfcorepatterns.code.tex 2009/07/02  (rcs-revision 1.3)
)))
(/usr/share/texmf/tex/generic/pgf/modules/pgfmoduleshapes.code.tex
File: pgfmoduleshapes.code.tex 2010/09/09  (rcs-revision 1.13)
\pgfnodeparttextbox=\box46
)
(/usr/share/texmf/tex/generic/pgf/modules/pgfmoduleplot.code.tex
File: pgfmoduleplot.code.tex 2010/10/22  (rcs-revision 1.8)
)
(/usr/share/texmf/tex/latex/pgf/compatibility/pgfcomp-version-0-65.sty
Package: pgfcomp-version-0-65 2007/07/03 v2.10 (rcs-revision 1.7)
\pgf@nodesepstart=\dimen162
\pgf@nodesepend=\dimen163
)
(/usr/share/texmf/tex/latex/pgf/compatibility/pgfcomp-version-1-18.sty
Package: pgfcomp-version-1-18 2007/07/23 v2.10 (rcs-revision 1.1)
))
(/usr/share/texmf/tex/latex/pgf/utilities/pgffor.sty
(/usr/share/texmf/tex/latex/pgf/utilities/pgfkeys.sty
(/usr/share/texmf/tex/generic/pgf/utilities/pgfkeys.code.tex))
(/usr/share/texmf/tex/generic/pgf/utilities/pgffor.code.tex
Package: pgffor 2010/03/23 v2.10 (rcs-revision 1.18)
\pgffor@iter=\dimen164
\pgffor@skip=\dimen165
\pgffor@stack=\toks29
\pgffor@toks=\toks30
))
(/usr/share/texmf/tex/generic/pgf/frontendlayer/tikz/tikz.code.tex
Package: tikz 2010/10/13 v2.10 (rcs-revision 1.76)

(/usr/share/texmf/tex/generic/pgf/libraries/pgflibraryplothandlers.code.tex
File: pgflibraryplothandlers.code.tex 2010/05/31 v2.10 (rcs-revision 1.15)
\pgf@plot@mark@count=\count144
\pgfplotmarksize=\dimen166
)
\tikz@lastx=\dimen167
\tikz@lasty=\dimen168
\tikz@lastxsaved=\dimen169
\tikz@lastysaved=\dimen170
\tikzleveldistance=\dimen171
\tikzsiblingdistance=\dimen172
\tikz@figbox=\box47
\tikz@tempbox=\box48
\tikztreelevel=\count145
\tikznumberofchildren=\count146
\tikznumberofcurrentchild=\count147
\tikz@fig@count=\count148

(/usr/share/texmf/tex/generic/pgf/modules/pgfmodulematrix.code.tex
File: pgfmodulematrix.code.tex 2010/08/24  (rcs-revision 1.4)
\pgfmatrixcurrentrow=\count149
\pgfmatrixcurrentcolumn=\count150
\pgf@matrix@numberofcolumns=\count151
)
\tikz@expandcount=\count152

(/usr/share/texmf/tex/generic/pgf/frontendlayer/tikz/libraries/tikzlibrarytopat
hs.code.tex
File: tikzlibrarytopaths.code.tex 2008/06/17 v2.10 (rcs-revision 1.2)
)))
(/usr/share/texmf/tex/generic/pgf/frontendlayer/tikz/libraries/tikzlibraryshape
s.geometric.code.tex
File: tikzlibraryshapes.geometric.code.tex 2008/01/09 v2.10 (rcs-revision 1.1)

(/usr/share/texmf/tex/generic/pgf/libraries/shapes/pgflibraryshapes.geometric.c
ode.tex
File: pgflibraryshapes.geometric.code.tex 2008/06/26 v2.10 (rcs-revision 1.1)
))
(/usr/share/texmf/tex/generic/pgf/frontendlayer/tikz/libraries/tikzlibraryarrow
s.code.tex
File: tikzlibraryarrows.code.tex 2008/01/09 v2.10 (rcs-revision 1.1)

(/usr/share/texmf/tex/generic/pgf/libraries/pgflibraryarrows.code.tex
File: pgflibraryarrows.code.tex 2008/10/27 v2.10 (rcs-revision 1.9)
\arrowsize=\dimen173
))
(/usr/share/texlive/texmf-dist/tex/latex/listings/lstlang1.sty
File: lstlang1.sty 2013/08/26 1.5b listings language file
) (./mythesis.aux

LaTeX Warning: Label `alg:forward' multiply defined.


LaTeX Warning: Label `ch:ensemble' multiply defined.


LaTeX Warning: Label `ask_low_prediction' multiply defined.


LaTeX Warning: Label `ask_low_prediction' multiply defined.


LaTeX Warning: Label `ask_low_prediction' multiply defined.

)
\openout1 = `mythesis.aux'.

LaTeX Font Info:    Checking defaults for OML/cmm/m/it on input line 210.
LaTeX Font Info:    ... okay on input line 210.
LaTeX Font Info:    Checking defaults for T1/cmr/m/n on input line 210.
LaTeX Font Info:    ... okay on input line 210.
LaTeX Font Info:    Checking defaults for OT1/cmr/m/n on input line 210.
LaTeX Font Info:    ... okay on input line 210.
LaTeX Font Info:    Checking defaults for OMS/cmsy/m/n on input line 210.
LaTeX Font Info:    ... okay on input line 210.
LaTeX Font Info:    Checking defaults for OMX/cmex/m/n on input line 210.
LaTeX Font Info:    ... okay on input line 210.
LaTeX Font Info:    Checking defaults for U/cmr/m/n on input line 210.
LaTeX Font Info:    ... okay on input line 210.
LaTeX Font Info:    Checking defaults for PD1/pdf/m/n on input line 210.
LaTeX Font Info:    ... okay on input line 210.
\AtBeginShipoutBox=\box49
 (/usr/share/texlive/texmf-dist/tex/context/base/supp-pdf.mkii
[Loading MPS to PDF converter (version 2006.09.02).]
\scratchcounter=\count153
\scratchdimen=\dimen174
\scratchbox=\box50
\nofMPsegments=\count154
\nofMParguments=\count155
\everyMPshowfont=\toks31
\MPscratchCnt=\count156
\MPscratchDim=\dimen175
\MPnumerator=\count157
\makeMPintoPDFobject=\count158
\everyMPtoPDFconversion=\toks32
) (/usr/share/texlive/texmf-dist/tex/latex/oberdiek/epstopdf-base.sty
Package: epstopdf-base 2010/02/09 v2.5 Base part for package epstopdf

(/usr/share/texlive/texmf-dist/tex/latex/oberdiek/grfext.sty
Package: grfext 2010/08/19 v1.1 Manage graphics extensions (HO)
)
Package grfext Info: Graphics extension search list:
(grfext)             [.png,.pdf,.jpg,.mps,.jpeg,.jbig2,.jb2,.PNG,.PDF,.JPG,.JPE
G,.JBIG2,.JB2,.eps]
(grfext)             \AppendGraphicsExtensions on input line 452.

(/usr/share/texlive/texmf-dist/tex/latex/latexconfig/epstopdf-sys.cfg
File: epstopdf-sys.cfg 2010/07/13 v1.3 Configuration of (r)epstopdf for TeX Liv
e
))
Package hyperref Info: Link coloring OFF on input line 210.

(/usr/share/texlive/texmf-dist/tex/latex/hyperref/nameref.sty
Package: nameref 2012/10/27 v2.43 Cross-referencing by name of section

(/usr/share/texlive/texmf-dist/tex/generic/oberdiek/gettitlestring.sty
Package: gettitlestring 2010/12/03 v1.4 Cleanup title references (HO)
)
\c@section@level=\count159
)
LaTeX Info: Redefining \ref on input line 210.
LaTeX Info: Redefining \pageref on input line 210.
LaTeX Info: Redefining \nameref on input line 210.

(./mythesis.out) (./mythesis.out)
\@outlinefile=\write4
\openout4 = `mythesis.out'.

\c@lstlisting=\count160
 ABD: EveryShipout initializing macros
LaTeX Font Info:    Try loading font information for OMS+cmr on input line 214.


(/usr/share/texlive/texmf-dist/tex/latex/base/omscmr.fd
File: omscmr.fd 1999/05/25 v2.5h Standard LaTeX font definitions
)
LaTeX Font Info:    Font shape `OMS/cmr/m/n' in size <10.95> not available
(Font)              Font shape `OMS/cmsy/m/n' tried instead on input line 214.
 [1

{/var/lib/texmf/fonts/map/pdftex/updmap/pdftex.map}]
LaTeX Font Info:    Try loading font information for U+msa on input line 214.

(/usr/share/texlive/texmf-dist/tex/latex/amsfonts/umsa.fd
File: umsa.fd 2013/01/14 v3.01 AMS symbols A
)
LaTeX Font Info:    Try loading font information for U+msb on input line 214.

(/usr/share/texlive/texmf-dist/tex/latex/amsfonts/umsb.fd
File: umsb.fd 2013/01/14 v3.01 AMS symbols B
) [2

]
Underfull \hbox (badness 10000) in paragraph at lines 221--222

 []


Underfull \hbox (badness 10000) in paragraph at lines 223--224

 []


Underfull \hbox (badness 10000) in paragraph at lines 225--226

 []


Underfull \hbox (badness 10000) in paragraph at lines 227--228

 []


Overfull \hbox (3.38274pt too wide) in paragraph at lines 229--230
[]\OT1/cmr/m/n/10.95 Furthermore, I owe my spe-cial thanks to Dr. Pene-lope Kir
by, Dr. Penny LeNoir, Ms.Blackwelder,
 []


Underfull \hbox (badness 10000) in paragraph at lines 229--230

 []


Underfull \hbox (badness 10000) in paragraph at lines 231--232

 []

[3

] [4] (./mythesis.toc [5




pdfTeX warning: pdflatex: pop empty color page stack 0


pdfTeX warning: pdflatex: pop empty color page stack 0


pdfTeX warning: pdflatex: pop empty color page stack 0


pdfTeX warning: pdflatex: pop empty color page stack 0


pdfTeX warning: pdflatex: pop empty color page stack 0


pdfTeX warning: pdflatex: pop empty color page stack 0


pdfTeX warning: pdflatex: pop empty color page stack 0


pdfTeX warning: pdflatex: pop empty color page stack 0


pdfTeX warning: pdflatex: pop empty color page stack 0


pdfTeX warning: pdflatex: pop empty color page stack 0


pdfTeX warning: pdflatex: pop empty color page stack 0


pdfTeX warning: pdflatex: pop empty color page stack 0


pdfTeX warning: pdflatex: pop empty color page stack 0


pdfTeX warning: pdflatex: pop empty color page stack 0


pdfTeX warning: pdflatex: pop empty color page stack 0


pdfTeX warning: pdflatex: pop empty color page stack 0


pdfTeX warning: pdflatex: pop empty color page stack 0


pdfTeX warning: pdflatex: pop empty color page stack 0


pdfTeX warning: pdflatex: pop empty color page stack 0


pdfTeX warning: pdflatex: pop empty color page stack 0


pdfTeX warning: pdflatex: pop empty color page stack 0


pdfTeX warning: pdflatex: pop empty color page stack 0


pdfTeX warning: pdflatex: pop empty color page stack 0


pdfTeX warning: pdflatex: pop empty color page stack 0


pdfTeX warning: pdflatex: pop empty color page stack 0


pdfTeX warning: pdflatex: pop empty color page stack 0


pdfTeX warning: pdflatex: pop empty color page stack 0


pdfTeX warning: pdflatex: pop empty color page stack 0


pdfTeX warning: pdflatex: pop empty color page stack 0


pdfTeX warning: pdflatex: pop empty color page stack 0
])
\tf@toc=\write5
\openout5 = `mythesis.toc'.

 [6

pdfTeX warning: pdflatex: pop empty color page stack 0


pdfTeX warning: pdflatex: pop empty color page stack 0


pdfTeX warning: pdflatex: pop empty color page stack 0


pdfTeX warning: pdflatex: pop empty color page stack 0


pdfTeX warning: pdflatex: pop empty color page stack 0


pdfTeX warning: pdflatex: pop empty color page stack 0


pdfTeX warning: pdflatex: pop empty color page stack 0


pdfTeX warning: pdflatex: pop empty color page stack 0
] (./mythesis.lot)
\tf@lot=\write6
\openout6 = `mythesis.lot'.

 [7



pdfTeX warning: pdflatex: pop empty color page stack 0


pdfTeX warning: pdflatex: pop empty color page stack 0


pdfTeX warning: pdflatex: pop empty color page stack 0


pdfTeX warning: pdflatex: pop empty color page stack 0


pdfTeX warning: pdflatex: pop empty color page stack 0


pdfTeX warning: pdflatex: pop empty color page stack 0


pdfTeX warning: pdflatex: pop empty color page stack 0


pdfTeX warning: pdflatex: pop empty color page stack 0


pdfTeX warning: pdflatex: pop empty color page stack 0


pdfTeX warning: pdflatex: pop empty color page stack 0


pdfTeX warning: pdflatex: pop empty color page stack 0


pdfTeX warning: pdflatex: pop empty color page stack 0


pdfTeX warning: pdflatex: pop empty color page stack 0


pdfTeX warning: pdflatex: pop empty color page stack 0
] (./mythesis.lof [8



pdfTeX warning: pdflatex: pop empty color page stack 0


pdfTeX warning: pdflatex: pop empty color page stack 0


pdfTeX warning: pdflatex: pop empty color page stack 0


pdfTeX warning: pdflatex: pop empty color page stack 0


pdfTeX warning: pdflatex: pop empty color page stack 0


pdfTeX warning: pdflatex: pop empty color page stack 0


pdfTeX warning: pdflatex: pop empty color page stack 0


pdfTeX warning: pdflatex: pop empty color page stack 0


pdfTeX warning: pdflatex: pop empty color page stack 0


pdfTeX warning: pdflatex: pop empty color page stack 0


pdfTeX warning: pdflatex: pop empty color page stack 0
] [9

pdfTeX warning: pdflatex: pop empty color page stack 0


pdfTeX warning: pdflatex: pop empty color page stack 0


pdfTeX warning: pdflatex: pop empty color page stack 0


pdfTeX warning: pdflatex: pop empty color page stack 0


pdfTeX warning: pdflatex: pop empty color page stack 0


pdfTeX warning: pdflatex: pop empty color page stack 0


pdfTeX warning: pdflatex: pop empty color page stack 0


pdfTeX warning: pdflatex: pop empty color page stack 0


pdfTeX warning: pdflatex: pop empty color page stack 0


pdfTeX warning: pdflatex: pop empty color page stack 0


pdfTeX warning: pdflatex: pop empty color page stack 0


pdfTeX warning: pdflatex: pop empty color page stack 0
] [10

pdfTeX warning: pdflatex: pop empty color page stack 0


pdfTeX warning: pdflatex: pop empty color page stack 0


pdfTeX warning: pdflatex: pop empty color page stack 0


pdfTeX warning: pdflatex: pop empty color page stack 0


pdfTeX warning: pdflatex: pop empty color page stack 0


pdfTeX warning: pdflatex: pop empty color page stack 0


pdfTeX warning: pdflatex: pop empty color page stack 0


pdfTeX warning: pdflatex: pop empty color page stack 0


pdfTeX warning: pdflatex: pop empty color page stack 0


pdfTeX warning: pdflatex: pop empty color page stack 0
])
\tf@lof=\write7
\openout7 = `mythesis.lof'.

 [11

pdfTeX warning: pdflatex: pop empty color page stack 0


pdfTeX warning: pdflatex: pop empty color page stack 0


pdfTeX warning: pdflatex: pop empty color page stack 0


pdfTeX warning: pdflatex: pop empty color page stack 0
] (./mythesis.loa)
\tf@loa=\write8
\openout8 = `mythesis.loa'.

 [12



pdfTeX warning: pdflatex: pop empty color page stack 0


pdfTeX warning: pdflatex: pop empty color page stack 0


pdfTeX warning: pdflatex: pop empty color page stack 0


pdfTeX warning: pdflatex: pop empty color page stack 0


pdfTeX warning: pdflatex: pop empty color page stack 0


pdfTeX warning: pdflatex: pop empty color page stack 0


pdfTeX warning: pdflatex: pop empty color page stack 0


pdfTeX warning: pdflatex: pop empty color page stack 0
]
Underfull \hbox (badness 10000) in paragraph at lines 250--253

 []

[13

] (./chapter2.tex
Chapter 1.

Underfull \hbox (badness 10000) in paragraph at lines 4--7

 []


! LaTeX Error: \begin{document} ended by \end{itemize}.

See the LaTeX manual or LaTeX Companion for explanation.
Type  H <return>  for immediate help.
 ...                                              
                                                  
l.7 \end{itemize}
                 
Your command was ignored.
Type  I <command> <return>  to replace it with another command,
or  <return>  to continue without it.

! Extra \endgroup.
<recently read> \endgroup 
                          
l.7 \end{itemize}
                 
Things are pretty mixed up, but I think the worst is over.


Underfull \hbox (badness 10000) in paragraph at lines 9--10

 []

[1



] <figures/hft_percentage.jpg, id=569, 1037.8775pt x 623.32875pt>
File: figures/hft_percentage.jpg Graphic file (type jpg)

<use figures/hft_percentage.jpg>
Package pdftex.def Info: figures/hft_percentage.jpg used on input line 23.
(pdftex.def)             Requested size: 469.76448pt x 252.95085pt.
 [2 <./figures/hft_percentage.jpg>] [3]
[4]
Underfull \hbox (badness 10000) in paragraph at lines 53--54

 []

[5] [6] [7]) (./chapter3.tex [8]
Chapter 2.
[9

] [10] [11]) (./chapter4.tex [12]
Chapter 3.
[13

] [14] [15] [16]

! LaTeX Error: Illegal character in array arg.

See the LaTeX manual or LaTeX Companion for explanation.
Type  H <return>  for immediate help.
 ...                                              
                                                  
l.180  		\begin{tabular}{|c|c|m{5cm}}
                                     
You're in trouble here.  Try typing  <return>  to proceed.
If that doesn't work, type  X <return>  to quit.


! LaTeX Error: Illegal character in array arg.

See the LaTeX manual or LaTeX Companion for explanation.
Type  H <return>  for immediate help.
 ...                                              
                                                  
l.180  		\begin{tabular}{|c|c|m{5cm}}
                                     
You're in trouble here.  Try typing  <return>  to proceed.
If that doesn't work, type  X <return>  to quit.

[17] [18] <figures/AAPL_price.png, id=924, 433.62pt x 289.08pt>
File: figures/AAPL_price.png Graphic file (type png)

<use figures/AAPL_price.png>
Package pdftex.def Info: figures/AAPL_price.png used on input line 249.
(pdftex.def)             Requested size: 433.63878pt x 361.36674pt.

<figures/AMZN_price.png, id=926, 433.62pt x 289.08pt>
File: figures/AMZN_price.png Graphic file (type png)

<use figures/AMZN_price.png>
Package pdftex.def Info: figures/AMZN_price.png used on input line 255.
(pdftex.def)             Requested size: 433.63878pt x 361.36674pt.

<figures/GOOG_price.png, id=927, 433.62pt x 289.08pt>
File: figures/GOOG_price.png Graphic file (type png)

<use figures/GOOG_price.png>
Package pdftex.def Info: figures/GOOG_price.png used on input line 262.
(pdftex.def)             Requested size: 433.63878pt x 361.36674pt.

<figures/INTC_price.png, id=928, 433.62pt x 289.08pt>
File: figures/INTC_price.png Graphic file (type png)

<use figures/INTC_price.png>
Package pdftex.def Info: figures/INTC_price.png used on input line 269.
(pdftex.def)             Requested size: 433.63878pt x 361.36674pt.

<figures/MSFT_price.png, id=929, 433.62pt x 289.08pt>
File: figures/MSFT_price.png Graphic file (type png)

<use figures/MSFT_price.png>
Package pdftex.def Info: figures/MSFT_price.png used on input line 276.
(pdftex.def)             Requested size: 433.63878pt x 361.36674pt.

<figures/order_book_volume.png, id=930, 578.16pt x 433.62pt>
File: figures/order_book_volume.png Graphic file (type png)

<use figures/order_book_volume.png>
Package pdftex.def Info: figures/order_book_volume.png used on input line 285.
(pdftex.def)             Requested size: 433.61893pt x 361.36676pt.

<figures/order_book_type.png, id=932, 578.16pt x 433.62pt>
File: figures/order_book_type.png Graphic file (type png)

<use figures/order_book_type.png>
Package pdftex.def Info: figures/order_book_type.png used on input line 294.
(pdftex.def)             Requested size: 433.61893pt x 361.36676pt.
 [19] [20 <./figures/AAPL_price.png>] [21 <./figures/AMZN_price.png>] [22 <./fi
gures/GOOG_price.png>] [23 <./figures/INTC_price.png>] [24 <./figures/MSFT_pric
e.png>] [25 <./figures/order_book_volume.png>] <figures/execution.png, id=972, 
876.27374pt x 579.16376pt>
File: figures/execution.png Graphic file (type png)

<use figures/execution.png>
Package pdftex.def Info: figures/execution.png used on input line 303.
(pdftex.def)             Requested size: 433.6298pt x 361.349pt.

<figures/volume_trade.png, id=973, 866.23625pt x 591.20876pt>
File: figures/volume_trade.png Graphic file (type png)

<use figures/volume_trade.png>
Package pdftex.def Info: figures/volume_trade.png used on input line 310.
(pdftex.def)             Requested size: 433.61934pt x 361.3585pt.

<figures/depth.png, id=974, 868.24374pt x 615.29875pt>
File: figures/depth.png Graphic file (type png)
 <use figures/depth.png>
Package pdftex.def Info: figures/depth.png used on input line 317.
(pdftex.def)             Requested size: 433.63062pt x 361.35193pt.

[26 <./figures/order_book_type.png>] [27 <./figures/execution.png>] [28 <./figu
res/volume_trade.png>] [29 <./figures/depth.png>]
<figures/arrival_time.png, id=1021, 783.92876pt x 800.9925pt>
File: figures/arrival_time.png Graphic file (type png)

<use figures/arrival_time.png>
Package pdftex.def Info: figures/arrival_time.png used on input line 335.
(pdftex.def)             Requested size: 433.62628pt x 433.6295pt.
 [30] [31 <./figures/arrival_time.png>]
<figures/volume.png, id=1048, 868.24374pt x 588.1975pt>
File: figures/volume.png Graphic file (type png)

<use figures/volume.png>
Package pdftex.def Info: figures/volume.png used on input line 347.
(pdftex.def)             Requested size: 433.63062pt x 361.34889pt.
 [32 <./figures/volume.png>]
<figures/placement.png, id=1062, 808.01875pt x 597.23125pt>
File: figures/placement.png Graphic file (type png)

<use figures/placement.png>
Package pdftex.def Info: figures/placement.png used on input line 359.
(pdftex.def)             Requested size: 433.6235pt x 361.3488pt.

<figures/limit_vol_time.png, id=1070, 836.12375pt x 569.12625pt>
File: figures/limit_vol_time.png Graphic file (type png)

<use figures/limit_vol_time.png>
Package pdftex.def Info: figures/limit_vol_time.png used on input line 371.
(pdftex.def)             Requested size: 433.62585pt x 361.3651pt.

<figures/market_vol_time.png, id=1071, 815.045pt x 579.16376pt>
File: figures/market_vol_time.png Graphic file (type png)

<use figures/market_vol_time.png>
Package pdftex.def Info: figures/market_vol_time.png used on input line 379.
(pdftex.def)             Requested size: 433.62585pt x 361.349pt.
 [33] [34 <./figures/placement.png>] [35 <./figures/limit_vol_time.png>] [36 <.
/figures/market_vol_time.png>]
<figures/level_quantity.png, id=1096, 391.4625pt x 284.06125pt>
File: figures/level_quantity.png Graphic file (type png)

<use figures/level_quantity.png>
Package pdftex.def Info: figures/level_quantity.png used on input line 390.
(pdftex.def)             Requested size: 361.3684pt x 289.10579pt.
) (./chapter5.tex [37 <./figures/level_quantity.png>]
Chapter 4.

Underfull \hbox (badness 10000) in paragraph at lines 6--7

 []

[38

]
Underfull \hbox (badness 10000) in paragraph at lines 42--43

 []

[39]
! Missing $ inserted.
<inserted text> 
                $
l.51 From {en:likelihood_
                         derivative},  we can see that it is a transcendenta...
I've inserted a begin-math/end-math symbol since I think
you left one out. Proceed, with fingers crossed.

! Extra }, or forgotten $.
l.51 From {en:likelihood_derivative}
                                    ,  we can see that it is a transcendenta...
I've deleted a group-closing symbol because it seems to be
spurious, as in `$x}$'. But perhaps the } is legitimate and
you forgot something else, as in `\hbox{$x}'. In such cases
the way to recover is to insert both the forgotten and the
deleted material, e.g., by typing `I$}'.

! Missing $ inserted.
<inserted text> 
                $
l.52 
     
I've inserted a begin-math/end-math symbol since I think
you left one out. Proceed, with fingers crossed.


Overfull \hbox (749.2837pt too wide) in paragraph at lines 51--52
[]\OT1/cmr/m/n/10.95 From en:likelihood$[]\OML/cmm/m/it/10.95 erivative; wecans
eethatitisatranscendentalequationwhichcannottransformtoapolynomialequation; sot
hereisnoanalyticalsolution:However; wecansolveitapproximatelywithsomenumericalt
oolssuchasthenewton[]smethodandsoon:$ 
 []


Underfull \hbox (badness 10000) in paragraph at lines 54--55

 []


Underfull \hbox (badness 10000) in paragraph at lines 76--78

 []

[40] [41] <figures/lasso.jpg, id=1154, 341.77687pt x 268.75406pt>
File: figures/lasso.jpg Graphic file (type jpg)

<use figures/lasso.jpg>
Package pdftex.def Info: figures/lasso.jpg used on input line 153.
(pdftex.def)             Requested size: 216.81207pt x 180.67531pt.

<figures/ridge.jpg, id=1159, 365.11406pt x 255.95625pt>
File: figures/ridge.jpg Graphic file (type jpg)

<use figures/ridge.jpg>
Package pdftex.def Info: figures/ridge.jpg used on input line 160.
(pdftex.def)             Requested size: 216.80821pt x 180.67569pt.

<figures/lasso_p.jpg, id=1168, 536.75531pt x 414.79968pt>
File: figures/lasso_p.jpg Graphic file (type jpg)

<use figures/lasso_p.jpg>
Package pdftex.def Info: figures/lasso_p.jpg used on input line 170.
(pdftex.def)             Requested size: 216.81139pt x 180.6706pt.

<figures/ridge_p.jpg, id=1173, 561.59813pt x 420.06938pt>
File: figures/ridge_p.jpg Graphic file (type jpg)

<use figures/ridge_p.jpg>
Package pdftex.def Info: figures/ridge_p.jpg used on input line 177.
(pdftex.def)             Requested size: 216.80293pt x 180.67117pt.
 [42] [43 <./figures/lasso.jpg> <./figures/ridge.jpg>] [44 <./figures/lasso_p.j
pg> <./figures/ridge_p.jpg>]
<figures/svm_example.jpg, id=1207, 433.62pt x 289.08pt>
File: figures/svm_example.jpg Graphic file (type jpg)

<use figures/svm_example.jpg>
Package pdftex.def Info: figures/svm_example.jpg used on input line 206.
(pdftex.def)             Requested size: 289.09473pt x 231.2643pt.
 [45] [46 <./figures/svm_example.jpg>]
<figures/dt_example.png, id=1228, 628.3475pt x 392.46625pt>
File: figures/dt_example.png Graphic file (type png)

<use figures/dt_example.png>
Package pdftex.def Info: figures/dt_example.png used on input line 297.
(pdftex.def)             Requested size: 361.34494pt x 289.09698pt.
 [47] [48 <./figures/dt_example.png>] [49])
(./chapter6.tex [50]
Chapter 5.
[51

]
Underfull \hbox (badness 10000) in paragraph at lines 23--32

 []


Underfull \hbox (badness 10000) in paragraph at lines 35--37

 []

[52]
Underfull \hbox (badness 10000) in paragraph at lines 66--82

 []

[53]
Underfull \hbox (badness 10000) in paragraph at lines 83--93

 []

[54]
Underfull \hbox (badness 10000) in paragraph at lines 146--147

 []

[55]

! LaTeX Error: There's no line here to end.

See the LaTeX manual or LaTeX Companion for explanation.
Type  H <return>  for immediate help.
 ...                                              
                                                  
l.166 
      
Your command was ignored.
Type  I <command> <return>  to replace it with another command,
or  <return>  to continue without it.

) (./chapter7.tex [56] [57]
Chapter 6.
<figures/snapshot.png, id=1373, 886.31125pt x 591.20876pt>
File: figures/snapshot.png Graphic file (type png)

<use figures/snapshot.png>
Package pdftex.def Info: figures/snapshot.png used on input line 8.
(pdftex.def)             Requested size: 325.2117pt x 252.94283pt.
 [58

] [59 <./figures/snapshot.png>]
<figures/ask_low_example.png, id=1387, 433.62pt x 289.08pt>
File: figures/ask_low_example.png Graphic file (type png)

<use figures/ask_low_example.png>
Package pdftex.def Info: figures/ask_low_example.png used on input line 18.
(pdftex.def)             Requested size: 289.09473pt x 289.09251pt.

<figures/bid_high_example.png, id=1388, 433.62pt x 289.08pt>
File: figures/bid_high_example.png Graphic file (type png)

<use figures/bid_high_example.png>
Package pdftex.def Info: figures/bid_high_example.png used on input line 26.
(pdftex.def)             Requested size: 289.09473pt x 289.09251pt.

<figures/no_arbi_example.png, id=1389, 433.62pt x 289.08pt>
File: figures/no_arbi_example.png Graphic file (type png)

<use figures/no_arbi_example.png>
Package pdftex.def Info: figures/no_arbi_example.png used on input line 34.
(pdftex.def)             Requested size: 289.09473pt x 289.09251pt.

<figures/arbitrage_time.png, id=1390, 1018.80624pt x 579.16376pt>
File: figures/arbitrage_time.png Graphic file (type png)

<use figures/arbitrage_time.png>
Package pdftex.def Info: figures/arbitrage_time.png used on input line 43.
(pdftex.def)             Requested size: 289.0725pt x 289.07744pt.
 [60 <./figures/ask_low_example.png>] [61 <./figures/bid_high_example.png>] [62
 <./figures/no_arbi_example.png>] [63 <./figures/arbitrage_time.png>]
Underfull \hbox (badness 10000) in paragraph at lines 115--124

 []

[64] [65]
Underfull \hbox (badness 10000) in paragraph at lines 126--128

 []


Underfull \hbox (badness 10000) in paragraph at lines 130--132

 []


Underfull \hbox (badness 10000) in paragraph at lines 159--160

 []

[66]
LaTeX Font Info:    Try loading font information for U+dsrom on input line 165.

 (/usr/share/texlive/texmf-dist/tex/latex/doublestroke/Udsrom.fd
File: Udsrom.fd 1995/08/01 v0.1 Double stroke roman font definitions
)
! Missing $ inserted.
<inserted text> 
                $
l.204 	}
        
I've inserted a begin-math/end-math symbol since I think
you left one out. Proceed, with fingers crossed.

! Missing $ inserted.
<inserted text> 
                $
l.204 	}
        
I've inserted a begin-math/end-math symbol since I think
you left one out. Proceed, with fingers crossed.

! Missing $ inserted.
<inserted text> 
                $
l.204 	}
        
I've inserted a begin-math/end-math symbol since I think
you left one out. Proceed, with fingers crossed.

! Missing $ inserted.
<inserted text> 
                $
l.204 	}
        
I've inserted a begin-math/end-math symbol since I think
you left one out. Proceed, with fingers crossed.

<figures/onevsone.png, id=1438, 769.87625pt x 618.31pt>
File: figures/onevsone.png Graphic file (type png)

<use figures/onevsone.png>
Package pdftex.def Info: figures/onevsone.png used on input line 214.
(pdftex.def)             Requested size: 289.09055pt x 289.08676pt.
 [67]
<figures/onevsrest.png, id=1451, 572.1375pt x 609.27625pt>
File: figures/onevsrest.png Graphic file (type png)

<use figures/onevsrest.png>
Package pdftex.def Info: figures/onevsrest.png used on input line 221.
(pdftex.def)             Requested size: 289.07993pt x 289.08383pt.
 [68 <./figures/onevsone.png>] [69 <./figures/onevsrest.png>]

LaTeX Warning: Float too large for page by 44.73949pt on input line 275.

<figures/feature_importance.png, id=1478, 876.27374pt x 579.16376pt>
File: figures/feature_importance.png Graphic file (type png)

<use figures/feature_importance.png>
Package pdftex.def Info: figures/feature_importance.png used on input line 280.

(pdftex.def)             Requested size: 433.6298pt x 361.349pt.


LaTeX Warning: Reference `tab:feature_importance_ask_bid' on page 70 undefined 
on input line 285.


Underfull \hbox (badness 10000) in paragraph at lines 328--330

 []

[70] [71] [72 <./figures/feature_importance.png>]

! LaTeX Error: There's no line here to end.

See the LaTeX manual or LaTeX Companion for explanation.
Type  H <return>  for immediate help.
 ...                                              
                                                  
l.360 				         		     }
                           
Your command was ignored.
Type  I <command> <return>  to replace it with another command,
or  <return>  to continue without it.


! LaTeX Error: There's no line here to end.

See the LaTeX manual or LaTeX Companion for explanation.
Type  H <return>  for immediate help.
 ...                                              
                                                  
l.360 				         		     }
                           
Your command was ignored.
Type  I <command> <return>  to replace it with another command,
or  <return>  to continue without it.


! LaTeX Error: There's no line here to end.

See the LaTeX manual or LaTeX Companion for explanation.
Type  H <return>  for immediate help.
 ...                                              
                                                  
l.362 
      
Your command was ignored.
Type  I <command> <return>  to replace it with another command,
or  <return>  to continue without it.

<figures/strategy_algorithm.png, id=1499, 387.69844pt x 448.67625pt>
File: figures/strategy_algorithm.png Graphic file (type png)

<use figures/strategy_algorithm.png>
Package pdftex.def Info: figures/strategy_algorithm.png used on input line 366.

(pdftex.def)             Requested size: 433.6277pt x 433.63396pt.
 [73] [74 <./figures/strategy_algorithm.png>]
Underfull \hbox (badness 10000) in paragraph at lines 376--377

 []


! LaTeX Error: There's no line here to end.

See the LaTeX manual or LaTeX Companion for explanation.
Type  H <return>  for immediate help.
 ...                                              
                                                  
l.387 
      
Your command was ignored.
Type  I <command> <return>  to replace it with another command,
or  <return>  to continue without it.


Underfull \hbox (badness 10000) in paragraph at lines 389--390

 []


! LaTeX Error: There's no line here to end.

See the LaTeX manual or LaTeX Companion for explanation.
Type  H <return>  for immediate help.
 ...                                              
                                                  
l.400 
      
Your command was ignored.
Type  I <command> <return>  to replace it with another command,
or  <return>  to continue without it.


Underfull \hbox (badness 10000) in paragraph at lines 401--402

 []


! LaTeX Error: There's no line here to end.

See the LaTeX manual or LaTeX Companion for explanation.
Type  H <return>  for immediate help.
 ...                                              
                                                  
l.412 
      
Your command was ignored.
Type  I <command> <return>  to replace it with another command,
or  <return>  to continue without it.


Underfull \hbox (badness 10000) in paragraph at lines 413--414

 []


! LaTeX Error: There's no line here to end.

See the LaTeX manual or LaTeX Companion for explanation.
Type  H <return>  for immediate help.
 ...                                              
                                                  
l.423 \\
        
Your command was ignored.
Type  I <command> <return>  to replace it with another command,
or  <return>  to continue without it.


! LaTeX Error: There's no line here to end.

See the LaTeX manual or LaTeX Companion for explanation.
Type  H <return>  for immediate help.
 ...                                              
                                                  
l.424 V
       isualized confusion matrix can be found in figure \ref{fig:amzn_confu...

Your command was ignored.
Type  I <command> <return>  to replace it with another command,
or  <return>  to continue without it.

<figures/amzn_confusion_matrix.png, id=1517, 720.6925pt x 713.66624pt>
File: figures/amzn_confusion_matrix.png Graphic file (type png)

<use figures/amzn_confusion_matrix.png>
Package pdftex.def Info: figures/amzn_confusion_matrix.png used on input line 4
28.
(pdftex.def)             Requested size: 433.6175pt x 433.6152pt.

<figures/amzn_pnl.png, id=1520, 876.27374pt x 611.28375pt>
File: figures/amzn_pnl.png Graphic file (type png)

<use figures/amzn_pnl.png>
Package pdftex.def Info: figures/amzn_pnl.png used on input line 438.
(pdftex.def)             Requested size: 433.6298pt x 361.34451pt.

<figures/amzn_cum_pnl.png, id=1521, 896.34875pt x 591.20876pt>
File: figures/amzn_cum_pnl.png Graphic file (type png)

<use figures/amzn_cum_pnl.png>
Package pdftex.def Info: figures/amzn_cum_pnl.png used on input line 445.
(pdftex.def)             Requested size: 433.62077pt x 361.3585pt.
) (./chapter8.tex [75] [76 <./figures/amzn_confusion_matrix.png>] [77 <./figure
s/amzn_pnl.png>] [78 <./figures/amzn_cum_pnl.png>] [79]
Chapter 7.
[80

]) (./appendix1.tex [81]
Appendix A.

Underfull \hbox (badness 10000) in paragraph at lines 2--3

 []

[82

] [83]
Appendix B.
<figures/pnl_total.png, id=1580, 870.25125pt x 613.29124pt>
File: figures/pnl_total.png Graphic file (type png)

<use figures/pnl_total.png>
Package pdftex.def Info: figures/pnl_total.png used on input line 98.
(pdftex.def)             Requested size: 433.62404pt x 361.35207pt.

<figures/cum_pnl_total.png, id=1581, 870.25125pt x 593.21625pt>
File: figures/cum_pnl_total.png Graphic file (type png)

<use figures/cum_pnl_total.png>
Package pdftex.def Info: figures/cum_pnl_total.png used on input line 105.
(pdftex.def)             Requested size: 433.62404pt x 361.36354pt.
) (./appendix2.tex [84

 <./figures/pnl_total.png>] [85 <./figures/cum_pnl_total.png>]
Appendix C.
) (./mythesis.bbl [86

] [87

] [88]
Missing character: There is no  in font cmr10!
Missing character: There is no  in font cmr10!
Missing character: There is no  in font cmr10!
 [89] [90]
Missing character: There is no  in font cmr10!
Missing character: There is no  in font cmr10!
Missing character: There is no  in font cmr10!
 [91] [92])
Package atveryend Info: Empty hook `BeforeClearDocument' on input line 296.
 [93]
Package atveryend Info: Empty hook `AfterLastShipout' on input line 296.
 (./mythesis.aux)
Package atveryend Info: Executing hook `AtVeryEndDocument' on input line 296.
Package atveryend Info: Executing hook `AtEndAfterFileList' on input line 296.
Package rerunfilecheck Info: File `mythesis.out' has not changed.
(rerunfilecheck)             Checksum: 32B80E45FC4C5BF37B291C2C76DA6481;3739.


LaTeX Warning: There were undefined references.


LaTeX Warning: There were multiply-defined labels.

Package atveryend Info: Empty hook `AtVeryVeryEnd' on input line 296.
 )
(\end occurred inside a group at level 1)

### simple group (level 1) entered at line 51 ({)
### bottom level 
Here is how much of TeX's memory you used:
 19841 strings out of 493304
 343079 string characters out of 6139872
 487129 words of memory out of 5000000
 22438 multiletter control sequences out of 15000+600000
 14209 words of font info for 53 fonts, out of 8000000 for 9000
 957 hyphenation exceptions out of 8191
 56i,17n,55p,1639b,711s stack positions out of 5000i,500n,10000p,200000b,80000s
</usr/share/texlive/texmf-dist/fonts/type1/public/amsfonts/cm/c
mbsy10.pfb></usr/share/texlive/texmf-dist/fonts/type1/public/amsfonts/cmextra/c
mbsy6.pfb></usr/share/texlive/texmf-dist/fonts/type1/public/amsfonts/cmextra/cm
bsy8.pfb></usr/share/texlive/texmf-dist/fonts/type1/public/amsfonts/cm/cmbx10.p
fb></usr/share/texlive/texmf-dist/fonts/type1/public/amsfonts/cm/cmbx12.pfb></u
sr/share/texlive/texmf-dist/fonts/type1/public/amsfonts/cm/cmbx8.pfb></usr/shar
e/texlive/texmf-dist/fonts/type1/public/amsfonts/cm/cmex10.pfb></usr/share/texl
ive/texmf-dist/fonts/type1/public/amsfonts/cmextra/cmex8.pfb></usr/share/texliv
e/texmf-dist/fonts/type1/public/amsfonts/cm/cmmi10.pfb></usr/share/texlive/texm
f-dist/fonts/type1/public/amsfonts/cm/cmmi6.pfb></usr/share/texlive/texmf-dist/
fonts/type1/public/amsfonts/cm/cmmi8.pfb></usr/share/texlive/texmf-dist/fonts/t
ype1/public/amsfonts/cm/cmmib10.pfb></usr/share/texlive/texmf-dist/fonts/type1/
public/amsfonts/cmextra/cmmib8.pfb></usr/share/texlive/texmf-dist/fonts/type1/p
ublic/amsfonts/cm/cmr10.pfb></usr/share/texlive/texmf-dist/fonts/type1/public/a
msfonts/cm/cmr6.pfb></usr/share/texlive/texmf-dist/fonts/type1/public/amsfonts/
cm/cmr8.pfb></usr/share/texlive/texmf-dist/fonts/type1/public/amsfonts/cm/cmsy1
0.pfb></usr/share/texlive/texmf-dist/fonts/type1/public/amsfonts/cm/cmsy6.pfb><
/usr/share/texlive/texmf-dist/fonts/type1/public/amsfonts/cm/cmsy8.pfb></usr/sh
are/texlive/texmf-dist/fonts/type1/public/amsfonts/cm/cmti10.pfb></usr/share/te
xlive/texmf-dist/fonts/type1/public/doublestroke/dsrom8.pfb></usr/share/texlive
/texmf-dist/fonts/type1/public/amsfonts/symbols/msbm10.pfb>
Output written on mythesis.pdf (106 pages, 1883471 bytes).
PDF statistics:
 1793 PDF objects out of 2073 (max. 8388607)
 1572 compressed objects within 16 object streams
 434 named destinations out of 1000 (max. 500000)
 614 words of extra memory for PDF output out of 10000 (max. 10000000)

