This is pdfTeX, Version 3.1415926-2.5-1.40.14 (MiKTeX 2.9) (preloaded format=pdflatex 2014.11.19)  29 MAR 2015 15:38
entering extended mode
**C:/Users/Jian*Wang/Desktop/Frequently*used/latextexample/Optionpricing/assign
ment1/option_pricing_assign1.tex

("C:/Users/Jian Wang/Desktop/Frequently used/latextexample/Optionpricing/assign
ment1/option_pricing_assign1.tex"
LaTeX2e <2011/06/27>
Babel <v3.8m> and hyphenation patterns for english, afrikaans, ancientgreek, ar
abic, armenian, assamese, basque, bengali, bokmal, bulgarian, catalan, coptic, 
croatian, czech, danish, dutch, esperanto, estonian, farsi, finnish, french, ga
lician, german, german-x-2013-05-26, greek, gujarati, hindi, hungarian, iceland
ic, indonesian, interlingua, irish, italian, kannada, kurmanji, latin, latvian,
 lithuanian, malayalam, marathi, mongolian, mongolianlmc, monogreek, ngerman, n
german-x-2013-05-26, nynorsk, oriya, panjabi, pinyin, polish, portuguese, roman
ian, russian, sanskrit, serbian, slovak, slovenian, spanish, swedish, swissgerm
an, tamil, telugu, turkish, turkmen, ukenglish, ukrainian, uppersorbian, usengl
ishmax, welsh, loaded.
("C:\Program Files (x86)\MiKTeX 2.9\tex\latex\base\article.cls"
Document Class: article 2007/10/19 v1.4h Standard LaTeX document class
("C:\Program Files (x86)\MiKTeX 2.9\tex\latex\base\size10.clo"
File: size10.clo 2007/10/19 v1.4h Standard LaTeX file (size option)
)
\c@part=\count79
\c@section=\count80
\c@subsection=\count81
\c@subsubsection=\count82
\c@paragraph=\count83
\c@subparagraph=\count84
\c@figure=\count85
\c@table=\count86
\abovecaptionskip=\skip41
\belowcaptionskip=\skip42
\bibindent=\dimen102
)
("C:\Program Files (x86)\MiKTeX 2.9\tex\latex\fancyhdr\fancyhdr.sty"
\fancy@headwidth=\skip43
\f@ncyO@elh=\skip44
\f@ncyO@erh=\skip45
\f@ncyO@olh=\skip46
\f@ncyO@orh=\skip47
\f@ncyO@elf=\skip48
\f@ncyO@erf=\skip49
\f@ncyO@olf=\skip50
\f@ncyO@orf=\skip51
)
("C:\Program Files (x86)\MiKTeX 2.9\tex\latex\lastpage\lastpage.sty"
Package: lastpage 2013/01/28 v1.2l Refers to last page's name (HMM; JPG)
)
("C:\Program Files (x86)\MiKTeX 2.9\tex\latex\fancyhdr\extramarks.sty"
\@temptokenb=\toks14
)
("C:\Program Files (x86)\MiKTeX 2.9\tex\latex\graphics\color.sty"
Package: color 2005/11/14 v1.0j Standard LaTeX Color (DPC)

("C:\Program Files (x86)\MiKTeX 2.9\tex\latex\00miktex\color.cfg"
File: color.cfg 2007/01/18 v1.5 color configuration of teTeX/TeXLive
)
Package color Info: Driver file: pdftex.def on input line 130.

("C:\Program Files (x86)\MiKTeX 2.9\tex\latex\pdftex-def\pdftex.def"
File: pdftex.def 2011/05/27 v0.06d Graphics/color for pdfTeX

("C:\Program Files (x86)\MiKTeX 2.9\tex\generic\oberdiek\infwarerr.sty"
Package: infwarerr 2010/04/08 v1.3 Providing info/warning/error messages (HO)
)
("C:\Program Files (x86)\MiKTeX 2.9\tex\generic\oberdiek\ltxcmds.sty"
Package: ltxcmds 2011/11/09 v1.22 LaTeX kernel commands for general use (HO)
)
\Gread@gobject=\count87
)
("C:\Program Files (x86)\MiKTeX 2.9\tex\latex\graphics\dvipsnam.def"
File: dvipsnam.def 1999/02/16 v3.0i Driver-dependant file (DPC,SPQR)
))
("C:\Program Files (x86)\MiKTeX 2.9\tex\latex\graphics\graphicx.sty"
Package: graphicx 1999/02/16 v1.0f Enhanced LaTeX Graphics (DPC,SPQR)

("C:\Program Files (x86)\MiKTeX 2.9\tex\latex\graphics\keyval.sty"
Package: keyval 1999/03/16 v1.13 key=value parser (DPC)
\KV@toks@=\toks15
)
("C:\Program Files (x86)\MiKTeX 2.9\tex\latex\graphics\graphics.sty"
Package: graphics 2009/02/05 v1.0o Standard LaTeX Graphics (DPC,SPQR)

("C:\Program Files (x86)\MiKTeX 2.9\tex\latex\graphics\trig.sty"
Package: trig 1999/03/16 v1.09 sin cos tan (DPC)
)
("C:\Program Files (x86)\MiKTeX 2.9\tex\latex\00miktex\graphics.cfg"
File: graphics.cfg 2007/01/18 v1.5 graphics configuration of teTeX/TeXLive
)
Package graphics Info: Driver file: pdftex.def on input line 91.
)
\Gin@req@height=\dimen103
\Gin@req@width=\dimen104
)
("C:\Program Files (x86)\MiKTeX 2.9\tex\latex\listings\listings.sty"
\lst@mode=\count88
\lst@gtempboxa=\box26
\lst@token=\toks16
\lst@length=\count89
\lst@currlwidth=\dimen105
\lst@column=\count90
\lst@pos=\count91
\lst@lostspace=\dimen106
\lst@width=\dimen107
\lst@newlines=\count92
\lst@lineno=\count93
\lst@maxwidth=\dimen108

("C:\Program Files (x86)\MiKTeX 2.9\tex\latex\listings\lstmisc.sty"
File: lstmisc.sty 2014/09/06 1.5e (Carsten Heinz)
\c@lstnumber=\count94
\lst@skipnumbers=\count95
\lst@framebox=\box27
)
("C:\Program Files (x86)\MiKTeX 2.9\tex\latex\listings\listings.cfg"
File: listings.cfg 2014/09/06 1.5e listings configuration
))
Package: listings 2014/09/06 1.5e (Carsten Heinz)

("C:\Program Files (x86)\MiKTeX 2.9\tex\latex\psnfss\courier.sty"
Package: courier 2005/04/12 PSNFSS-v9.2a (WaS) 
)
("C:\Program Files (x86)\MiKTeX 2.9\tex\latex\lipsum\lipsum.sty"
Package: lipsum 2014/07/27 v1.3 150 paragraphs of Lorem Ipsum dummy text
\c@lips@count=\count96
)
("C:\Program Files (x86)\MiKTeX 2.9\tex\latex\base\inputenc.sty"
Package: inputenc 2008/03/30 v1.1d Input encoding file
\inpenc@prehook=\toks17
\inpenc@posthook=\toks18

("C:\Program Files (x86)\MiKTeX 2.9\tex\latex\base\utf8.def"
File: utf8.def 2008/04/05 v1.1m UTF-8 support for inputenc
Now handling font encoding OML ...
... no UTF-8 mapping file for font encoding OML
Now handling font encoding T1 ...
... processing UTF-8 mapping file for font encoding T1

("C:\Program Files (x86)\MiKTeX 2.9\tex\latex\base\t1enc.dfu"
File: t1enc.dfu 2008/04/05 v1.1m UTF-8 support for inputenc
   defining Unicode char U+00A1 (decimal 161)
   defining Unicode char U+00A3 (decimal 163)
   defining Unicode char U+00AB (decimal 171)
   defining Unicode char U+00BB (decimal 187)
   defining Unicode char U+00BF (decimal 191)
   defining Unicode char U+00C0 (decimal 192)
   defining Unicode char U+00C1 (decimal 193)
   defining Unicode char U+00C2 (decimal 194)
   defining Unicode char U+00C3 (decimal 195)
   defining Unicode char U+00C4 (decimal 196)
   defining Unicode char U+00C5 (decimal 197)
   defining Unicode char U+00C6 (decimal 198)
   defining Unicode char U+00C7 (decimal 199)
   defining Unicode char U+00C8 (decimal 200)
   defining Unicode char U+00C9 (decimal 201)
   defining Unicode char U+00CA (decimal 202)
   defining Unicode char U+00CB (decimal 203)
   defining Unicode char U+00CC (decimal 204)
   defining Unicode char U+00CD (decimal 205)
   defining Unicode char U+00CE (decimal 206)
   defining Unicode char U+00CF (decimal 207)
   defining Unicode char U+00D0 (decimal 208)
   defining Unicode char U+00D1 (decimal 209)
   defining Unicode char U+00D2 (decimal 210)
   defining Unicode char U+00D3 (decimal 211)
   defining Unicode char U+00D4 (decimal 212)
   defining Unicode char U+00D5 (decimal 213)
   defining Unicode char U+00D6 (decimal 214)
   defining Unicode char U+00D8 (decimal 216)
   defining Unicode char U+00D9 (decimal 217)
   defining Unicode char U+00DA (decimal 218)
   defining Unicode char U+00DB (decimal 219)
   defining Unicode char U+00DC (decimal 220)
   defining Unicode char U+00DD (decimal 221)
   defining Unicode char U+00DE (decimal 222)
   defining Unicode char U+00DF (decimal 223)
   defining Unicode char U+00E0 (decimal 224)
   defining Unicode char U+00E1 (decimal 225)
   defining Unicode char U+00E2 (decimal 226)
   defining Unicode char U+00E3 (decimal 227)
   defining Unicode char U+00E4 (decimal 228)
   defining Unicode char U+00E5 (decimal 229)
   defining Unicode char U+00E6 (decimal 230)
   defining Unicode char U+00E7 (decimal 231)
   defining Unicode char U+00E8 (decimal 232)
   defining Unicode char U+00E9 (decimal 233)
   defining Unicode char U+00EA (decimal 234)
   defining Unicode char U+00EB (decimal 235)
   defining Unicode char U+00EC (decimal 236)
   defining Unicode char U+00ED (decimal 237)
   defining Unicode char U+00EE (decimal 238)
   defining Unicode char U+00EF (decimal 239)
   defining Unicode char U+00F0 (decimal 240)
   defining Unicode char U+00F1 (decimal 241)
   defining Unicode char U+00F2 (decimal 242)
   defining Unicode char U+00F3 (decimal 243)
   defining Unicode char U+00F4 (decimal 244)
   defining Unicode char U+00F5 (decimal 245)
   defining Unicode char U+00F6 (decimal 246)
   defining Unicode char U+00F8 (decimal 248)
   defining Unicode char U+00F9 (decimal 249)
   defining Unicode char U+00FA (decimal 250)
   defining Unicode char U+00FB (decimal 251)
   defining Unicode char U+00FC (decimal 252)
   defining Unicode char U+00FD (decimal 253)
   defining Unicode char U+00FE (decimal 254)
   defining Unicode char U+00FF (decimal 255)
   defining Unicode char U+0102 (decimal 258)
   defining Unicode char U+0103 (decimal 259)
   defining Unicode char U+0104 (decimal 260)
   defining Unicode char U+0105 (decimal 261)
   defining Unicode char U+0106 (decimal 262)
   defining Unicode char U+0107 (decimal 263)
   defining Unicode char U+010C (decimal 268)
   defining Unicode char U+010D (decimal 269)
   defining Unicode char U+010E (decimal 270)
   defining Unicode char U+010F (decimal 271)
   defining Unicode char U+0110 (decimal 272)
   defining Unicode char U+0111 (decimal 273)
   defining Unicode char U+0118 (decimal 280)
   defining Unicode char U+0119 (decimal 281)
   defining Unicode char U+011A (decimal 282)
   defining Unicode char U+011B (decimal 283)
   defining Unicode char U+011E (decimal 286)
   defining Unicode char U+011F (decimal 287)
   defining Unicode char U+0130 (decimal 304)
   defining Unicode char U+0131 (decimal 305)
   defining Unicode char U+0132 (decimal 306)
   defining Unicode char U+0133 (decimal 307)
   defining Unicode char U+0139 (decimal 313)
   defining Unicode char U+013A (decimal 314)
   defining Unicode char U+013D (decimal 317)
   defining Unicode char U+013E (decimal 318)
   defining Unicode char U+0141 (decimal 321)
   defining Unicode char U+0142 (decimal 322)
   defining Unicode char U+0143 (decimal 323)
   defining Unicode char U+0144 (decimal 324)
   defining Unicode char U+0147 (decimal 327)
   defining Unicode char U+0148 (decimal 328)
   defining Unicode char U+014A (decimal 330)
   defining Unicode char U+014B (decimal 331)
   defining Unicode char U+0150 (decimal 336)
   defining Unicode char U+0151 (decimal 337)
   defining Unicode char U+0152 (decimal 338)
   defining Unicode char U+0153 (decimal 339)
   defining Unicode char U+0154 (decimal 340)
   defining Unicode char U+0155 (decimal 341)
   defining Unicode char U+0158 (decimal 344)
   defining Unicode char U+0159 (decimal 345)
   defining Unicode char U+015A (decimal 346)
   defining Unicode char U+015B (decimal 347)
   defining Unicode char U+015E (decimal 350)
   defining Unicode char U+015F (decimal 351)
   defining Unicode char U+0160 (decimal 352)
   defining Unicode char U+0161 (decimal 353)
   defining Unicode char U+0162 (decimal 354)
   defining Unicode char U+0163 (decimal 355)
   defining Unicode char U+0164 (decimal 356)
   defining Unicode char U+0165 (decimal 357)
   defining Unicode char U+016E (decimal 366)
   defining Unicode char U+016F (decimal 367)
   defining Unicode char U+0170 (decimal 368)
   defining Unicode char U+0171 (decimal 369)
   defining Unicode char U+0178 (decimal 376)
   defining Unicode char U+0179 (decimal 377)
   defining Unicode char U+017A (decimal 378)
   defining Unicode char U+017B (decimal 379)
   defining Unicode char U+017C (decimal 380)
   defining Unicode char U+017D (decimal 381)
   defining Unicode char U+017E (decimal 382)
   defining Unicode char U+200C (decimal 8204)
   defining Unicode char U+2013 (decimal 8211)
   defining Unicode char U+2014 (decimal 8212)
   defining Unicode char U+2018 (decimal 8216)
   defining Unicode char U+2019 (decimal 8217)
   defining Unicode char U+201A (decimal 8218)
   defining Unicode char U+201C (decimal 8220)
   defining Unicode char U+201D (decimal 8221)
   defining Unicode char U+201E (decimal 8222)
   defining Unicode char U+2030 (decimal 8240)
   defining Unicode char U+2031 (decimal 8241)
   defining Unicode char U+2039 (decimal 8249)
   defining Unicode char U+203A (decimal 8250)
   defining Unicode char U+2423 (decimal 9251)
)
Now handling font encoding OT1 ...
... processing UTF-8 mapping file for font encoding OT1

("C:\Program Files (x86)\MiKTeX 2.9\tex\latex\base\ot1enc.dfu"
File: ot1enc.dfu 2008/04/05 v1.1m UTF-8 support for inputenc
   defining Unicode char U+00A1 (decimal 161)
   defining Unicode char U+00A3 (decimal 163)
   defining Unicode char U+00B8 (decimal 184)
   defining Unicode char U+00BF (decimal 191)
   defining Unicode char U+00C5 (decimal 197)
   defining Unicode char U+00C6 (decimal 198)
   defining Unicode char U+00D8 (decimal 216)
   defining Unicode char U+00DF (decimal 223)
   defining Unicode char U+00E6 (decimal 230)
   defining Unicode char U+00EC (decimal 236)
   defining Unicode char U+00ED (decimal 237)
   defining Unicode char U+00EE (decimal 238)
   defining Unicode char U+00EF (decimal 239)
   defining Unicode char U+00F8 (decimal 248)
   defining Unicode char U+0131 (decimal 305)
   defining Unicode char U+0141 (decimal 321)
   defining Unicode char U+0142 (decimal 322)
   defining Unicode char U+0152 (decimal 338)
   defining Unicode char U+0153 (decimal 339)
   defining Unicode char U+2013 (decimal 8211)
   defining Unicode char U+2014 (decimal 8212)
   defining Unicode char U+2018 (decimal 8216)
   defining Unicode char U+2019 (decimal 8217)
   defining Unicode char U+201C (decimal 8220)
   defining Unicode char U+201D (decimal 8221)
)
Now handling font encoding OMS ...
... processing UTF-8 mapping file for font encoding OMS

("C:\Program Files (x86)\MiKTeX 2.9\tex\latex\base\omsenc.dfu"
File: omsenc.dfu 2008/04/05 v1.1m UTF-8 support for inputenc
   defining Unicode char U+00A7 (decimal 167)
   defining Unicode char U+00B6 (decimal 182)
   defining Unicode char U+00B7 (decimal 183)
   defining Unicode char U+2020 (decimal 8224)
   defining Unicode char U+2021 (decimal 8225)
   defining Unicode char U+2022 (decimal 8226)
)
Now handling font encoding OMX ...
... no UTF-8 mapping file for font encoding OMX
Now handling font encoding U ...
... no UTF-8 mapping file for font encoding U
   defining Unicode char U+00A9 (decimal 169)
   defining Unicode char U+00AA (decimal 170)
   defining Unicode char U+00AE (decimal 174)
   defining Unicode char U+00BA (decimal 186)
   defining Unicode char U+02C6 (decimal 710)
   defining Unicode char U+02DC (decimal 732)
   defining Unicode char U+200C (decimal 8204)
   defining Unicode char U+2026 (decimal 8230)
   defining Unicode char U+2122 (decimal 8482)
   defining Unicode char U+2423 (decimal 9251)
))
("C:\Program Files (x86)\MiKTeX 2.9\tex\latex\amsmath\amsmath.sty"
Package: amsmath 2013/01/14 v2.14 AMS math features
\@mathmargin=\skip52

For additional information on amsmath, use the `?' option.
("C:\Program Files (x86)\MiKTeX 2.9\tex\latex\amsmath\amstext.sty"
Package: amstext 2000/06/29 v2.01

("C:\Program Files (x86)\MiKTeX 2.9\tex\latex\amsmath\amsgen.sty"
File: amsgen.sty 1999/11/30 v2.0
\@emptytoks=\toks19
\ex@=\dimen109
))
("C:\Program Files (x86)\MiKTeX 2.9\tex\latex\amsmath\amsbsy.sty"
Package: amsbsy 1999/11/29 v1.2d
\pmbraise@=\dimen110
)
("C:\Program Files (x86)\MiKTeX 2.9\tex\latex\amsmath\amsopn.sty"
Package: amsopn 1999/12/14 v2.01 operator names
)
\inf@bad=\count97
LaTeX Info: Redefining \frac on input line 210.
\uproot@=\count98
\leftroot@=\count99
LaTeX Info: Redefining \overline on input line 306.
\classnum@=\count100
\DOTSCASE@=\count101
LaTeX Info: Redefining \ldots on input line 378.
LaTeX Info: Redefining \dots on input line 381.
LaTeX Info: Redefining \cdots on input line 466.
\Mathstrutbox@=\box28
\strutbox@=\box29
\big@size=\dimen111
LaTeX Font Info:    Redeclaring font encoding OML on input line 566.
LaTeX Font Info:    Redeclaring font encoding OMS on input line 567.
\macc@depth=\count102
\c@MaxMatrixCols=\count103
\dotsspace@=\muskip10
\c@parentequation=\count104
\dspbrk@lvl=\count105
\tag@help=\toks20
\row@=\count106
\column@=\count107
\maxfields@=\count108
\andhelp@=\toks21
\eqnshift@=\dimen112
\alignsep@=\dimen113
\tagshift@=\dimen114
\tagwidth@=\dimen115
\totwidth@=\dimen116
\lineht@=\dimen117
\@envbody=\toks22
\multlinegap=\skip53
\multlinetaggap=\skip54
\mathdisplay@stack=\toks23
LaTeX Info: Redefining \[ on input line 2665.
LaTeX Info: Redefining \] on input line 2666.
)
("C:\Program Files (x86)\MiKTeX 2.9\tex\latex\amsfonts\amssymb.sty"
Package: amssymb 2013/01/14 v3.01 AMS font symbols

("C:\Program Files (x86)\MiKTeX 2.9\tex\latex\amsfonts\amsfonts.sty"
Package: amsfonts 2013/01/14 v3.01 Basic AMSFonts support
\symAMSa=\mathgroup4
\symAMSb=\mathgroup5
LaTeX Font Info:    Overwriting math alphabet `\mathfrak' in version `bold'
(Font)                  U/euf/m/n --> U/euf/b/n on input line 106.
))
("C:\Program Files (x86)\MiKTeX 2.9\tex\latex\amscls\amsthm.sty"
Package: amsthm 2004/08/06 v2.20
\thm@style=\toks24
\thm@bodyfont=\toks25
\thm@headfont=\toks26
\thm@notefont=\toks27
\thm@headpunct=\toks28
\thm@preskip=\skip55
\thm@postskip=\skip56
\thm@headsep=\skip57
\dth@everypar=\toks29
)
("C:\Program Files (x86)\MiKTeX 2.9\tex\latex\enumitem\enumitem.sty"
Package: enumitem 2011/09/28 v3.5.2 Customized lists
\labelindent=\skip58
\enit@outerparindent=\dimen118
\enit@toks=\toks30
\enit@inbox=\box30
\enitdp@description=\count109
)
("C:\Program Files (x86)\MiKTeX 2.9\tex\latex\ltxmisc\parskip.sty"
Package: parskip 2001/04/09 non-zero parskip adjustments
)
("C:\Program Files (x86)\MiKTeX 2.9\tex\latex\float\float.sty"
Package: float 2001/11/08 v1.3d Float enhancements (AL)
\c@float@type=\count110
\float@exts=\toks31
\float@box=\box31
\@float@everytoks=\toks32
\@floatcapt=\box32
)
("C:\Users\Jian Wang\Desktop\Frequently used\latextexample\Optionpricing\assign
ment1\algorithm2e.sty"
Package: algorithm2e 2008/00/00 v3.10 algorithms environments
\c@AlgoLine=\count111

("C:\Program Files (x86)\MiKTeX 2.9\tex\latex\base\ifthen.sty"
Package: ifthen 2001/05/26 v1.1c Standard LaTeX ifthen package (DPC)
)
("C:\Program Files (x86)\MiKTeX 2.9\tex\latex\tools\xspace.sty"
Package: xspace 2009/10/20 v1.13 Space after command names (DPC,MH)
)
("C:\Program Files (x86)\MiKTeX 2.9\tex\latex\ltxmisc\relsize.sty"
Package: relsize 2003/07/04 ver 3.1
)
********************************************************
Package `algorithm2e' Release 4.01 -- december 14 2009 --
- algorithm2e-announce@lirmm.fr mailing list for announcement about releases
- algorithm2e-discussion@lirmm.fr mailing list for discussion about package
subscribe by emailing sympa@lirmm.fr with 'subscribe <list> <firstname name>'
- Author: Christophe Fiorio (fiorio@lirmm.fr)
********************************************************
\skiptotal=\skip59
\skiplinenumber=\skip60
\skiprule=\skip61
\skiphlne=\skip62
\skiptext=\skip63
\skiplength=\skip64
\algomargin=\skip65
\skipalgocfslide=\skip66
\algowidth=\dimen119
\inoutsize=\dimen120
\inoutline=\dimen121
\interspacetitleruled=\dimen122
\interspacealgoruled=\dimen123
\interspacetitleboxruled=\dimen124
\algocf@inoutbox=\box33
\algocf@inputbox=\box34
\AlCapSkip=\skip67
\AlCapHSkip=\skip68
\algocf@nlbox=\box35
\algocf@hangingbox=\box36
\algocf@capbox=\box37
\algoheightruledefault=\skip69
\algoheightrule=\skip70
\algotitleheightruledefault=\skip71
\algotitleheightrule=\skip72
\c@algocfline=\count112
\c@algocfproc=\count113
\c@algocf=\count114
\algocf@algoframe=\box38
\algocf@algobox=\box39
) ("C:\Program Files (x86)\MiKTeX 2.9\tex\latex\listings\lstlang1.sty"
File: lstlang1.sty 2014/09/06 1.5e listings language file
)
\c@homeworkProblemCounter=\count115

("C:\Users\Jian Wang\Desktop\Frequently used\latextexample\Optionpricing\assign
ment1\option_pricing_assign1.aux")
LaTeX Font Info:    Checking defaults for OML/cmm/m/it on input line 177.
LaTeX Font Info:    ... okay on input line 177.
LaTeX Font Info:    Checking defaults for T1/cmr/m/n on input line 177.
LaTeX Font Info:    ... okay on input line 177.
LaTeX Font Info:    Checking defaults for OT1/cmr/m/n on input line 177.
LaTeX Font Info:    ... okay on input line 177.
LaTeX Font Info:    Checking defaults for OMS/cmsy/m/n on input line 177.
LaTeX Font Info:    ... okay on input line 177.
LaTeX Font Info:    Checking defaults for OMX/cmex/m/n on input line 177.
LaTeX Font Info:    ... okay on input line 177.
LaTeX Font Info:    Checking defaults for U/cmr/m/n on input line 177.
LaTeX Font Info:    ... okay on input line 177.
Package lastpage Info: Please have a look at the pageslts package at
(lastpage)             http://www.ctan.org/tex-archive/ 
(lastpage)             macros/latex/contrib/pageslts/ 
(lastpage)             or
(lastpage)             http://www.ctan.org/tex-archive/ 
(lastpage)             install/macros/latex/contrib/pageslts.tds.zip
(lastpage)             ! on input line 177.

("C:\Program Files (x86)\MiKTeX 2.9\tex\context\base\supp-pdf.mkii"
[Loading MPS to PDF converter (version 2006.09.02).]
\scratchcounter=\count116
\scratchdimen=\dimen125
\scratchbox=\box40
\nofMPsegments=\count117
\nofMParguments=\count118
\everyMPshowfont=\toks33
\MPscratchCnt=\count119
\MPscratchDim=\dimen126
\MPnumerator=\count120
\makeMPintoPDFobject=\count121
\everyMPtoPDFconversion=\toks34
)
\c@lstlisting=\count122
LaTeX Font Info:    Try loading font information for U+msa on input line 179.
 ("C:\Program Files (x86)\MiKTeX 2.9\tex\latex\amsfonts\umsa.fd"
File: umsa.fd 2013/01/14 v3.01 AMS symbols A
)
LaTeX Font Info:    Try loading font information for U+msb on input line 179.

("C:\Program Files (x86)\MiKTeX 2.9\tex\latex\amsfonts\umsb.fd"
File: umsb.fd 2013/01/14 v3.01 AMS symbols B
) [1

{C:/ProgramData/MiKTeX/2.9/pdftex/config/pdftex.map}]
("C:\Users\Jian Wang\Desktop\Frequently used\latextexample\Optionpricing\assign
ment1\option_pricing_assign1.toc")
\tf@toc=\write3
 [2]
Underfull \hbox (badness 10000) in paragraph at lines 259--260

 []


Underfull \hbox (badness 10000) in paragraph at lines 261--262

 []


Underfull \hbox (badness 10000) in paragraph at lines 263--264

 []


Underfull \hbox (badness 10000) in paragraph at lines 267--268

 []


Underfull \hbox (badness 10000) in paragraph at lines 269--270

 []


Underfull \hbox (badness 10000) in paragraph at lines 272--273

 []


Underfull \hbox (badness 10000) in paragraph at lines 282--284

 []


Underfull \hbox (badness 10000) in paragraph at lines 285--286

 []


Underfull \hbox (badness 10000) in paragraph at lines 287--290

 []


Underfull \hbox (badness 10000) in paragraph at lines 291--293

 []

[3]
Underfull \hbox (badness 10000) in paragraph at lines 295--297

 []


Underfull \hbox (badness 10000) in paragraph at lines 299--301

 []


Underfull \hbox (badness 10000) in paragraph at lines 306--307

 []


Underfull \hbox (badness 10000) in paragraph at lines 315--316

 []


Underfull \hbox (badness 10000) in paragraph at lines 320--321

 []


Underfull \hbox (badness 10000) in paragraph at lines 328--329

 []


Underfull \hbox (badness 10000) in paragraph at lines 330--332

 []


Underfull \hbox (badness 10000) in paragraph at lines 335--337

 []

[4]
Underfull \hbox (badness 10000) in paragraph at lines 339--341

 []


Underfull \hbox (badness 10000) in paragraph at lines 349--351

 []


Underfull \hbox (badness 10000) in paragraph at lines 353--355

 []


Underfull \hbox (badness 10000) in paragraph at lines 357--359

 []


Underfull \hbox (badness 10000) in paragraph at lines 363--365

 []


Underfull \hbox (badness 10000) in paragraph at lines 366--368

 []

<v_be.jpg, id=26, 674.52pt x 505.89pt>
File: v_be.jpg Graphic file (type jpg)
 <use v_be.jpg>
Package pdftex.def Info: v_be.jpg used on input line 370.
(pdftex.def)             Requested size: 361.35352pt x 252.94437pt.

Underfull \hbox (badness 10000) in paragraph at lines 369--371

 []

[5] <v_cn.jpg, id=30, 674.52pt x 505.89pt>
File: v_cn.jpg Graphic file (type jpg)
 <use v_cn.jpg>
Package pdftex.def Info: v_cn.jpg used on input line 373.
(pdftex.def)             Requested size: 361.35352pt x 252.94437pt.

Underfull \hbox (badness 10000) in paragraph at lines 372--374

 []

<v_rs.jpg, id=31, 674.52pt x 505.89pt>
File: v_rs.jpg Graphic file (type jpg)
 <use v_rs.jpg>
Package pdftex.def Info: v_rs.jpg used on input line 376.
(pdftex.def)             Requested size: 361.35352pt x 252.94437pt.

Underfull \hbox (badness 10000) in paragraph at lines 375--377

 []

[6 <C:/Users/Jian Wang/Desktop/Frequently used/latextexample/Optionpricing/assi
gnment1/v_be.jpg> <C:/Users/Jian Wang/Desktop/Frequently used/latextexample/Opt
ionpricing/assignment1/v_cn.jpg>]
<option_price_bs.jpg, id=35, 674.52pt x 505.89pt>
File: option_price_bs.jpg Graphic file (type jpg)
 <use option_price_bs.jpg>
Package pdftex.def Info: option_price_bs.jpg used on input line 379.
(pdftex.def)             Requested size: 361.35352pt x 252.94437pt.

Underfull \hbox (badness 10000) in paragraph at lines 378--380

 []

<option_price_be.jpg, id=36, 674.52pt x 505.89pt>
File: option_price_be.jpg Graphic file (type jpg)
 <use option_price_be.jpg>
Package pdftex.def Info: option_price_be.jpg used on input line 382.
(pdftex.def)             Requested size: 361.35352pt x 252.94437pt.

Underfull \hbox (badness 10000) in paragraph at lines 381--383

 []

[7 <C:/Users/Jian Wang/Desktop/Frequently used/latextexample/Optionpricing/assi
gnment1/v_rs.jpg> <C:/Users/Jian Wang/Desktop/Frequently used/latextexample/Opt
ionpricing/assignment1/option_price_bs.jpg>]
<option_price_cn.jpg, id=41, 675.52374pt x 505.89pt>
File: option_price_cn.jpg Graphic file (type jpg)
 <use option_price_cn.jpg>
Package pdftex.def Info: option_price_cn.jpg used on input line 385.
(pdftex.def)             Requested size: 361.35526pt x 252.94437pt.

Underfull \hbox (badness 10000) in paragraph at lines 384--386

 []

<option_price_rs.jpg, id=42, 674.52pt x 505.89pt>
File: option_price_rs.jpg Graphic file (type jpg)
 <use option_price_rs.jpg>
Package pdftex.def Info: option_price_rs.jpg used on input line 388.
(pdftex.def)             Requested size: 361.35352pt x 252.94437pt.

Underfull \hbox (badness 10000) in paragraph at lines 387--389

 []

[8 <C:/Users/Jian Wang/Desktop/Frequently used/latextexample/Optionpricing/assi
gnment1/option_price_be.jpg> <C:/Users/Jian Wang/Desktop/Frequently used/latext
example/Optionpricing/assignment1/option_price_cn.jpg>]
<delta_bs.jpg, id=46, 674.52pt x 505.89pt>
File: delta_bs.jpg Graphic file (type jpg)
 <use delta_bs.jpg>
Package pdftex.def Info: delta_bs.jpg used on input line 394.
(pdftex.def)             Requested size: 361.35352pt x 252.94437pt.

Underfull \hbox (badness 10000) in paragraph at lines 392--395

 []

<delta_be.jpg, id=47, 674.52pt x 505.89pt>
File: delta_be.jpg Graphic file (type jpg)
 <use delta_be.jpg>
Package pdftex.def Info: delta_be.jpg used on input line 397.
(pdftex.def)             Requested size: 361.35352pt x 252.94437pt.

Underfull \hbox (badness 10000) in paragraph at lines 396--398

 []

[9 <C:/Users/Jian Wang/Desktop/Frequently used/latextexample/Optionpricing/assi
gnment1/option_price_rs.jpg> <C:/Users/Jian Wang/Desktop/Frequently used/latext
example/Optionpricing/assignment1/delta_bs.jpg>]
<delta_cn.jpg, id=51, 674.52pt x 505.89pt>
File: delta_cn.jpg Graphic file (type jpg)
 <use delta_cn.jpg>
Package pdftex.def Info: delta_cn.jpg used on input line 400.
(pdftex.def)             Requested size: 361.35352pt x 252.94437pt.

Underfull \hbox (badness 10000) in paragraph at lines 399--401

 []

<delta_rs.jpg, id=52, 674.52pt x 505.89pt>
File: delta_rs.jpg Graphic file (type jpg)
 <use delta_rs.jpg>
Package pdftex.def Info: delta_rs.jpg used on input line 403.
(pdftex.def)             Requested size: 361.35352pt x 252.94437pt.

Underfull \hbox (badness 10000) in paragraph at lines 402--404

 []

[10 <C:/Users/Jian Wang/Desktop/Frequently used/latextexample/Optionpricing/ass
ignment1/delta_be.jpg> <C:/Users/Jian Wang/Desktop/Frequently used/latextexampl
e/Optionpricing/assignment1/delta_cn.jpg>]
<gamma_bs.jpg, id=56, 563.10374pt x 421.575pt>
File: gamma_bs.jpg Graphic file (type jpg)
 <use gamma_bs.jpg>
Package pdftex.def Info: gamma_bs.jpg used on input line 407.
(pdftex.def)             Requested size: 361.3475pt x 252.94695pt.

Underfull \hbox (badness 10000) in paragraph at lines 405--408

 []

<gamma_be.jpg, id=57, 563.10374pt x 421.575pt>
File: gamma_be.jpg Graphic file (type jpg)
 <use gamma_be.jpg>
Package pdftex.def Info: gamma_be.jpg used on input line 410.
(pdftex.def)             Requested size: 361.3475pt x 252.94695pt.

Underfull \hbox (badness 10000) in paragraph at lines 409--411

 []

[11 <C:/Users/Jian Wang/Desktop/Frequently used/latextexample/Optionpricing/ass
ignment1/delta_rs.jpg> <C:/Users/Jian Wang/Desktop/Frequently used/latextexampl
e/Optionpricing/assignment1/gamma_bs.jpg>]
<gamma_cn.jpg, id=61, 563.10374pt x 421.575pt>
File: gamma_cn.jpg Graphic file (type jpg)
 <use gamma_cn.jpg>
Package pdftex.def Info: gamma_cn.jpg used on input line 413.
(pdftex.def)             Requested size: 361.3475pt x 252.94695pt.

Underfull \hbox (badness 10000) in paragraph at lines 412--414

 []

<gamma_rs.jpg, id=62, 563.10374pt x 421.575pt>
File: gamma_rs.jpg Graphic file (type jpg)
 <use gamma_rs.jpg>
Package pdftex.def Info: gamma_rs.jpg used on input line 416.
(pdftex.def)             Requested size: 361.3475pt x 252.94695pt.

Underfull \hbox (badness 10000) in paragraph at lines 415--417

 []

[12 <C:/Users/Jian Wang/Desktop/Frequently used/latextexample/Optionpricing/ass
ignment1/gamma_be.jpg> <C:/Users/Jian Wang/Desktop/Frequently used/latextexampl
e/Optionpricing/assignment1/gamma_cn.jpg>]
<vega_bs.jpg, id=66, 563.10374pt x 421.575pt>
File: vega_bs.jpg Graphic file (type jpg)
 <use vega_bs.jpg>
Package pdftex.def Info: vega_bs.jpg used on input line 420.
(pdftex.def)             Requested size: 361.3475pt x 252.94695pt.

Underfull \hbox (badness 10000) in paragraph at lines 418--421

 []

<vega_be.jpg, id=67, 563.10374pt x 421.575pt>
File: vega_be.jpg Graphic file (type jpg)
 <use vega_be.jpg>
Package pdftex.def Info: vega_be.jpg used on input line 423.
(pdftex.def)             Requested size: 361.3475pt x 252.94695pt.

Underfull \hbox (badness 10000) in paragraph at lines 422--424

 []

[13 <C:/Users/Jian Wang/Desktop/Frequently used/latextexample/Optionpricing/ass
ignment1/gamma_rs.jpg> <C:/Users/Jian Wang/Desktop/Frequently used/latextexampl
e/Optionpricing/assignment1/vega_bs.jpg>]
<vega_cn.jpg, id=72, 563.10374pt x 421.575pt>
File: vega_cn.jpg Graphic file (type jpg)
 <use vega_cn.jpg>
Package pdftex.def Info: vega_cn.jpg used on input line 426.
(pdftex.def)             Requested size: 361.3475pt x 252.94695pt.

Underfull \hbox (badness 10000) in paragraph at lines 425--427

 []

<vega_rs.jpg, id=73, 563.10374pt x 421.575pt>
File: vega_rs.jpg Graphic file (type jpg)
 <use vega_rs.jpg>
Package pdftex.def Info: vega_rs.jpg used on input line 429.
(pdftex.def)             Requested size: 361.3475pt x 252.94695pt.

Underfull \hbox (badness 10000) in paragraph at lines 428--430

 []

[14 <C:/Users/Jian Wang/Desktop/Frequently used/latextexample/Optionpricing/ass
ignment1/vega_be.jpg> <C:/Users/Jian Wang/Desktop/Frequently used/latextexample
/Optionpricing/assignment1/vega_cn.jpg>]
Underfull \hbox (badness 10000) in paragraph at lines 432--434

 []


Underfull \hbox (badness 10000) in paragraph at lines 448--449

 []

[15 <C:/Users/Jian Wang/Desktop/Frequently used/latextexample/Optionpricing/ass
ignment1/vega_rs.jpg>]
Underfull \hbox (badness 10000) in paragraph at lines 479--480

 []


Underfull \hbox (badness 10000) in paragraph at lines 494--495

 []


Underfull \hbox (badness 10000) in paragraph at lines 509--510

 []


Underfull \hbox (badness 10000) in paragraph at lines 533--544

 []


Underfull \hbox (badness 10000) in paragraph at lines 545--547

 []

[16]
Underfull \hbox (badness 10000) in paragraph at lines 552--553

 []


Underfull \hbox (badness 10000) in paragraph at lines 554--555

 []


Underfull \hbox (badness 10000) in paragraph at lines 559--560

 []


Underfull \hbox (badness 10000) in paragraph at lines 564--565

 []

<binary_v_be.jpg, id=83, 563.10374pt x 421.575pt>
File: binary_v_be.jpg Graphic file (type jpg)
 <use binary_v_be.jpg>
Package pdftex.def Info: binary_v_be.jpg used on input line 575.
(pdftex.def)             Requested size: 361.3475pt x 252.94695pt.

Underfull \hbox (badness 10000) in paragraph at lines 574--576

 []

<binary_v_cn.jpg, id=84, 563.10374pt x 421.575pt>
File: binary_v_cn.jpg Graphic file (type jpg)
 <use binary_v_cn.jpg>
Package pdftex.def Info: binary_v_cn.jpg used on input line 578.
(pdftex.def)             Requested size: 361.3475pt x 252.94695pt.

Underfull \hbox (badness 10000) in paragraph at lines 577--579

 []

[17 <C:/Users/Jian Wang/Desktop/Frequently used/latextexample/Optionpricing/ass
ignment1/binary_v_be.jpg>] <binary_v_rs.jpg, id=88, 563.10374pt x 421.575pt>
File: binary_v_rs.jpg Graphic file (type jpg)

<use binary_v_rs.jpg>
Package pdftex.def Info: binary_v_rs.jpg used on input line 581.
(pdftex.def)             Requested size: 361.3475pt x 252.94695pt.

Underfull \hbox (badness 10000) in paragraph at lines 580--582

 []

<binary_option_price_bs.jpg, id=89, 563.10374pt x 421.575pt>
File: binary_option_price_bs.jpg Graphic file (type jpg)

<use binary_option_price_bs.jpg>
Package pdftex.def Info: binary_option_price_bs.jpg used on input line 585.
(pdftex.def)             Requested size: 361.3475pt x 252.94695pt.

Underfull \hbox (badness 10000) in paragraph at lines 584--586

 []

[18 <C:/Users/Jian Wang/Desktop/Frequently used/latextexample/Optionpricing/ass
ignment1/binary_v_cn.jpg> <C:/Users/Jian Wang/Desktop/Frequently used/latextexa
mple/Optionpricing/assignment1/binary_v_rs.jpg>]
<binary_option_price_be.jpg, id=93, 563.10374pt x 421.575pt>
File: binary_option_price_be.jpg Graphic file (type jpg)

<use binary_option_price_be.jpg>
Package pdftex.def Info: binary_option_price_be.jpg used on input line 588.
(pdftex.def)             Requested size: 361.3475pt x 252.94695pt.

Underfull \hbox (badness 10000) in paragraph at lines 587--589

 []

<binary_option_price_cn.jpg, id=94, 563.10374pt x 421.575pt>
File: binary_option_price_cn.jpg Graphic file (type jpg)

<use binary_option_price_cn.jpg>
Package pdftex.def Info: binary_option_price_cn.jpg used on input line 591.
(pdftex.def)             Requested size: 361.3475pt x 252.94695pt.

Underfull \hbox (badness 10000) in paragraph at lines 590--592

 []

[19 <C:/Users/Jian Wang/Desktop/Frequently used/latextexample/Optionpricing/ass
ignment1/binary_option_price_bs.jpg> <C:/Users/Jian Wang/Desktop/Frequently use
d/latextexample/Optionpricing/assignment1/binary_option_price_be.jpg>]
<binary_option_price_rs.jpg, id=99, 563.10374pt x 421.575pt>
File: binary_option_price_rs.jpg Graphic file (type jpg)

<use binary_option_price_rs.jpg>
Package pdftex.def Info: binary_option_price_rs.jpg used on input line 594.
(pdftex.def)             Requested size: 361.3475pt x 252.94695pt.

Underfull \hbox (badness 10000) in paragraph at lines 593--595

 []

<binary_delta_bs.jpg, id=100, 563.10374pt x 421.575pt>
File: binary_delta_bs.jpg Graphic file (type jpg)

<use binary_delta_bs.jpg>
Package pdftex.def Info: binary_delta_bs.jpg used on input line 598.
(pdftex.def)             Requested size: 361.3475pt x 252.94695pt.

Underfull \hbox (badness 10000) in paragraph at lines 596--599

 []

[20 <C:/Users/Jian Wang/Desktop/Frequently used/latextexample/Optionpricing/ass
ignment1/binary_option_price_cn.jpg> <C:/Users/Jian Wang/Desktop/Frequently use
d/latextexample/Optionpricing/assignment1/binary_option_price_rs.jpg>]
<binary_delta_be.jpg, id=104, 563.10374pt x 421.575pt>
File: binary_delta_be.jpg Graphic file (type jpg)

<use binary_delta_be.jpg>
Package pdftex.def Info: binary_delta_be.jpg used on input line 601.
(pdftex.def)             Requested size: 361.3475pt x 252.94695pt.

Underfull \hbox (badness 10000) in paragraph at lines 600--602

 []

<binary_delta_cn.jpg, id=105, 563.10374pt x 421.575pt>
File: binary_delta_cn.jpg Graphic file (type jpg)

<use binary_delta_cn.jpg>
Package pdftex.def Info: binary_delta_cn.jpg used on input line 604.
(pdftex.def)             Requested size: 361.3475pt x 252.94695pt.

Underfull \hbox (badness 10000) in paragraph at lines 603--605

 []

[21 <C:/Users/Jian Wang/Desktop/Frequently used/latextexample/Optionpricing/ass
ignment1/binary_delta_bs.jpg> <C:/Users/Jian Wang/Desktop/Frequently used/latex
texample/Optionpricing/assignment1/binary_delta_be.jpg>]
<binary_delta_rs.jpg, id=109, 563.10374pt x 307.1475pt>
File: binary_delta_rs.jpg Graphic file (type jpg)

<use binary_delta_rs.jpg>
Package pdftex.def Info: binary_delta_rs.jpg used on input line 607.
(pdftex.def)             Requested size: 361.3475pt x 252.94989pt.

Underfull \hbox (badness 10000) in paragraph at lines 606--608

 []

<binary_gamma_bs.jpg, id=110, 563.10374pt x 421.575pt>
File: binary_gamma_bs.jpg Graphic file (type jpg)

<use binary_gamma_bs.jpg>
Package pdftex.def Info: binary_gamma_bs.jpg used on input line 611.
(pdftex.def)             Requested size: 361.3475pt x 252.94695pt.

Underfull \hbox (badness 10000) in paragraph at lines 609--612

 []

[22 <C:/Users/Jian Wang/Desktop/Frequently used/latextexample/Optionpricing/ass
ignment1/binary_delta_cn.jpg> <C:/Users/Jian Wang/Desktop/Frequently used/latex
texample/Optionpricing/assignment1/binary_delta_rs.jpg>]
<binary_gamma_be.jpg, id=114, 563.10374pt x 421.575pt>
File: binary_gamma_be.jpg Graphic file (type jpg)

<use binary_gamma_be.jpg>
Package pdftex.def Info: binary_gamma_be.jpg used on input line 614.
(pdftex.def)             Requested size: 361.3475pt x 252.94695pt.

Underfull \hbox (badness 10000) in paragraph at lines 613--615

 []

<binary_gamma_cn.jpg, id=115, 563.10374pt x 421.575pt>
File: binary_gamma_cn.jpg Graphic file (type jpg)

<use binary_gamma_cn.jpg>
Package pdftex.def Info: binary_gamma_cn.jpg used on input line 617.
(pdftex.def)             Requested size: 361.3475pt x 252.94695pt.

Underfull \hbox (badness 10000) in paragraph at lines 616--618

 []

[23 <C:/Users/Jian Wang/Desktop/Frequently used/latextexample/Optionpricing/ass
ignment1/binary_gamma_bs.jpg> <C:/Users/Jian Wang/Desktop/Frequently used/latex
texample/Optionpricing/assignment1/binary_gamma_be.jpg>]
<binary_gamma_rs.jpg, id=119, 563.10374pt x 421.575pt>
File: binary_gamma_rs.jpg Graphic file (type jpg)

<use binary_gamma_rs.jpg>
Package pdftex.def Info: binary_gamma_rs.jpg used on input line 620.
(pdftex.def)             Requested size: 361.3475pt x 252.94695pt.

Underfull \hbox (badness 10000) in paragraph at lines 619--621

 []

<binary_vega_bs.jpg, id=120, 563.10374pt x 421.575pt>
File: binary_vega_bs.jpg Graphic file (type jpg)
 <use binary_vega_bs.jpg>
Package pdftex.def Info: binary_vega_bs.jpg used on input line 624.
(pdftex.def)             Requested size: 361.3475pt x 252.94695pt.

Underfull \hbox (badness 10000) in paragraph at lines 622--625

 []

[24 <C:/Users/Jian Wang/Desktop/Frequently used/latextexample/Optionpricing/ass
ignment1/binary_gamma_cn.jpg> <C:/Users/Jian Wang/Desktop/Frequently used/latex
texample/Optionpricing/assignment1/binary_gamma_rs.jpg>]
<binary_vega_be.jpg, id=124, 563.10374pt x 421.575pt>
File: binary_vega_be.jpg Graphic file (type jpg)
 <use binary_vega_be.jpg>
Package pdftex.def Info: binary_vega_be.jpg used on input line 627.
(pdftex.def)             Requested size: 361.3475pt x 252.94695pt.

Underfull \hbox (badness 10000) in paragraph at lines 626--628

 []

<binary_vega_cn.jpg, id=125, 563.10374pt x 421.575pt>
File: binary_vega_cn.jpg Graphic file (type jpg)
 <use binary_vega_cn.jpg>
Package pdftex.def Info: binary_vega_cn.jpg used on input line 630.
(pdftex.def)             Requested size: 361.3475pt x 252.94695pt.

Underfull \hbox (badness 10000) in paragraph at lines 629--631

 []

[25 <C:/Users/Jian Wang/Desktop/Frequently used/latextexample/Optionpricing/ass
ignment1/binary_vega_bs.jpg> <C:/Users/Jian Wang/Desktop/Frequently used/latext
example/Optionpricing/assignment1/binary_vega_be.jpg>]
<binary_vega_rs.jpg, id=130, 563.10374pt x 421.575pt>
File: binary_vega_rs.jpg Graphic file (type jpg)
 <use binary_vega_rs.jpg>
Package pdftex.def Info: binary_vega_rs.jpg used on input line 633.
(pdftex.def)             Requested size: 361.3475pt x 252.94695pt.

Underfull \hbox (badness 10000) in paragraph at lines 632--634

 []


Underfull \hbox (badness 10000) in paragraph at lines 638--639

 []

[26 <C:/Users/Jian Wang/Desktop/Frequently used/latextexample/Optionpricing/ass
ignment1/binary_vega_cn.jpg> <C:/Users/Jian Wang/Desktop/Frequently used/latext
example/Optionpricing/assignment1/binary_vega_rs.jpg>]
Underfull \hbox (badness 10000) in paragraph at lines 653--654

 []


Underfull \hbox (badness 10000) in paragraph at lines 683--707

 []


AED: lastpage setting LastPage
[27]
("C:\Users\Jian Wang\Desktop\Frequently used\latextexample\Optionpricing\assign
ment1\option_pricing_assign1.aux") ) 
Here is how much of TeX's memory you used:
 6037 strings out of 493921
 82496 string characters out of 3144863
 293961 words of memory out of 3000000
 9206 multiletter control sequences out of 15000+200000
 12802 words of font info for 49 fonts, out of 3000000 for 9000
 841 hyphenation exceptions out of 8191
 27i,21n,43p,607b,434s stack positions out of 5000i,500n,10000p,200000b,50000s
<C:/Program Files (x86)/MiKTeX 2.9/fonts/ty
pe1/public/amsfonts/cm/cmbx10.pfb><C:/Program Files (x86)/MiKTeX 2.9/fonts/type
1/public/amsfonts/cm/cmbx12.pfb><C:/Program Files (x86)/MiKTeX 2.9/fonts/type1/
public/amsfonts/cm/cmex10.pfb><C:/Program Files (x86)/MiKTeX 2.9/fonts/type1/pu
blic/amsfonts/cm/cmmi10.pfb><C:/Program Files (x86)/MiKTeX 2.9/fonts/type1/publ
ic/amsfonts/cm/cmmi7.pfb><C:/Program Files (x86)/MiKTeX 2.9/fonts/type1/public/
amsfonts/cm/cmr10.pfb><C:/Program Files (x86)/MiKTeX 2.9/fonts/type1/public/ams
fonts/cm/cmr5.pfb><C:/Program Files (x86)/MiKTeX 2.9/fonts/type1/public/amsfont
s/cm/cmr7.pfb><C:/Program Files (x86)/MiKTeX 2.9/fonts/type1/public/amsfonts/cm
/cmr9.pfb><C:/Program Files (x86)/MiKTeX 2.9/fonts/type1/public/amsfonts/cm/cms
y10.pfb><C:/Program Files (x86)/MiKTeX 2.9/fonts/type1/public/amsfonts/cm/cmsy7
.pfb><C:/Program Files (x86)/MiKTeX 2.9/fonts/type1/public/amsfonts/cm/cmti10.p
fb><C:/Program Files (x86)/MiKTeX 2.9/fonts/type1/public/amsfonts/cm/cmti12.pfb
>
Output written on option_pricing_assign1.pdf (27 pages, 976553 bytes).
PDF statistics:
 179 PDF objects out of 1000 (max. 8388607)
 0 named destinations out of 1000 (max. 500000)
 191 words of extra memory for PDF output out of 10000 (max. 10000000)

